[0.039s] Invoking command in '/home/gsainikhil94/turtlebot3_ws/build/dynamixel_sdk_custom_interfaces': CMAKE_PREFIX_PATH=/opt/ros/galactic /usr/bin/cmake /home/gsainikhil94/turtlebot3_ws/src/utils/DynamixelSDK/dynamixel_sdk_custom_interfaces -DAMENT_CMAKE_SYMLINK_INSTALL=1 -DCMAKE_INSTALL_PREFIX=/home/gsainikhil94/turtlebot3_ws/install/dynamixel_sdk_custom_interfaces
[0.173s] -- The C compiler identification is GNU 9.4.0
[0.294s] -- The CXX compiler identification is GNU 9.4.0
[0.302s] -- Check for working C compiler: /usr/bin/cc
[0.396s] -- Check for working C compiler: /usr/bin/cc -- works
[0.397s] -- Detecting C compiler ABI info
[0.493s] -- Detecting C compiler ABI info - done
[0.510s] -- Detecting C compile features
[0.510s] -- Detecting C compile features - done
[0.516s] -- Check for working CXX compiler: /usr/bin/c++
[0.623s] -- Check for working CXX compiler: /usr/bin/c++ -- works
[0.625s] -- Detecting CXX compiler ABI info
[0.732s] -- Detecting CXX compiler ABI info - done
[0.755s] -- Detecting CXX compile features
[0.756s] -- Detecting CXX compile features - done
[0.767s] -- Found ament_cmake: 1.1.6 (/opt/ros/galactic/share/ament_cmake/cmake)
[0.806s] -- Found PythonInterp: /usr/bin/python3 (found suitable version "3.8.10", minimum required is "3") 
[0.807s] -- Using PYTHON_EXECUTABLE: /usr/bin/python3
[0.882s] -- Override CMake install command with custom implementation using symlinks instead of copying resources
[0.915s] -- Found builtin_interfaces: 1.0.3 (/opt/ros/galactic/share/builtin_interfaces/cmake)
[0.951s] -- Using all available rosidl_typesupport_c: rosidl_typesupport_fastrtps_c;rosidl_typesupport_introspection_c
[0.961s] -- Found rosidl_adapter: 2.2.3 (/opt/ros/galactic/share/rosidl_adapter/cmake)
[1.059s] -- Found OpenSSL: /usr/lib/x86_64-linux-gnu/libcrypto.so (found version "1.1.1f")  
[1.093s] -- Found FastRTPS: /opt/ros/galactic/include  
[1.187s] -- Using all available rosidl_typesupport_cpp: rosidl_typesupport_fastrtps_cpp;rosidl_typesupport_introspection_cpp
[1.230s] -- Found rosidl_default_generators: 1.1.1 (/opt/ros/galactic/share/rosidl_default_generators/cmake)
[1.269s] -- Found PythonInterp: /usr/bin/python3 (found version "3.8.10") 
[1.414s] -- Found ament_cmake_ros: 0.9.2 (/opt/ros/galactic/share/ament_cmake_ros/cmake)
[1.533s] -- Using all available rosidl_typesupport_c: rosidl_typesupport_fastrtps_c;rosidl_typesupport_introspection_c
[1.551s] -- Using all available rosidl_typesupport_cpp: rosidl_typesupport_fastrtps_cpp;rosidl_typesupport_introspection_cpp
[1.580s] -- Found PythonInterp: /usr/bin/python3 (found suitable version "3.8.10", minimum required is "3.5") 
[1.583s] -- Found python_cmake_module: 0.8.1 (/opt/ros/galactic/share/python_cmake_module/cmake)
[1.622s] -- Found PythonLibs: /usr/lib/x86_64-linux-gnu/libpython3.8.so (found suitable version "3.8.10", minimum required is "3.5") 
[1.622s] -- Using PYTHON_EXECUTABLE: /usr/bin/python3
[1.623s] -- Using PYTHON_INCLUDE_DIRS: /usr/include/python3.8
[1.623s] -- Using PYTHON_LIBRARIES: /usr/lib/x86_64-linux-gnu/libpython3.8.so
[1.651s] -- Found PythonExtra: .so  
[1.733s] -- Configuring done
[1.786s] -- Generating done
[1.789s] -- Build files have been written to: /home/gsainikhil94/turtlebot3_ws/build/dynamixel_sdk_custom_interfaces
