[0.037s] Invoking command in '/home/gsainikhil94/turtlebot3_ws/build/turtlebot3_gazebo': CMAKE_PREFIX_PATH=/opt/ros/galactic /usr/bin/cmake /home/gsainikhil94/turtlebot3_ws/src/turtlebot3/turtlebot3_simulations/turtlebot3_gazebo -DAMENT_CMAKE_SYMLINK_INSTALL=1 -DCMAKE_INSTALL_PREFIX=/home/gsainikhil94/turtlebot3_ws/install/turtlebot3_gazebo
[0.687s] -- The C compiler identification is GNU 9.4.0
[0.688s] -- The CXX compiler identification is GNU 9.4.0
[0.688s] -- Check for working C compiler: /usr/bin/cc
[0.688s] -- Check for working C compiler: /usr/bin/cc -- works
[0.688s] -- Detecting C compiler ABI info
[0.688s] -- Detecting C compiler ABI info - done
[0.688s] -- Detecting C compile features
[0.688s] -- Detecting C compile features - done
[0.688s] -- Check for working CXX compiler: /usr/bin/c++
[0.689s] -- Check for working CXX compiler: /usr/bin/c++ -- works
[0.689s] -- Detecting CXX compiler ABI info
[0.689s] -- Detecting CXX compiler ABI info - done
[0.689s] -- Detecting CXX compile features
[0.689s] -- Detecting CXX compile features - done
[0.689s] -- Found ament_cmake: 1.1.6 (/opt/ros/galactic/share/ament_cmake/cmake)
[0.700s] -- Found PythonInterp: /usr/bin/python3 (found suitable version "3.8.10", minimum required is "3") 
[0.700s] -- Using PYTHON_EXECUTABLE: /usr/bin/python3
[0.776s] -- Override CMake install command with custom implementation using symlinks instead of copying resources
[0.810s] -- Found PkgConfig: /usr/bin/pkg-config (found version "0.29.1") 
[0.818s] -- Checking for module 'bullet>=2.82'
[0.838s] --   Found bullet, version 2.88
[0.972s] -- Found ccd: /usr/include (found suitable version "2.0", minimum required is "2.0") 
[1.029s] -- Found fcl: /usr/include (found suitable version "0.5.0", minimum required is "0.3.2") 
[1.087s] -- Found assimp: /usr/include (found version "5.0.0") 
[1.106s] -- Found DART: /usr/include (Required is at least version "6.6") found components: dart 
[1.391s] -- Found Boost: /usr/lib/x86_64-linux-gnu/cmake/Boost-1.71.0/BoostConfig.cmake (found suitable version "1.71.0", minimum required is "1.40.0") found components: thread system filesystem program_options regex iostreams date_time 
[1.412s] -- Found Protobuf: /usr/lib/x86_64-linux-gnu/libprotobuf.so;-lpthread (found version "3.6.1") 
[1.416s] -- Looking for ignition-math6 -- found version 6.13.0
[1.423s] -- Searching for dependencies of ignition-math6
[1.424s] -- Looking for OGRE...
[1.425s] -- OGRE_PREFIX_WATCH changed.
[1.429s] -- Checking for module 'OGRE'
[1.443s] --   Found OGRE, version 1.9.0
[1.480s] -- Found Ogre Ghadamon (1.9.0)
[1.493s] -- Found OGRE: optimized;/usr/lib/x86_64-linux-gnu/libOgreMain.so;debug;/usr/lib/x86_64-linux-gnu/libOgreMain.so
[1.509s] -- Looking for OGRE_Paging...
[1.520s] -- Found OGRE_Paging: optimized;/usr/lib/x86_64-linux-gnu/libOgrePaging.so;debug;/usr/lib/x86_64-linux-gnu/libOgrePaging.so
[1.520s] -- Looking for OGRE_Terrain...
[1.528s] -- Found OGRE_Terrain: optimized;/usr/lib/x86_64-linux-gnu/libOgreTerrain.so;debug;/usr/lib/x86_64-linux-gnu/libOgreTerrain.so
[1.528s] -- Looking for OGRE_Property...
[1.535s] -- Found OGRE_Property: optimized;/usr/lib/x86_64-linux-gnu/libOgreProperty.so;debug;/usr/lib/x86_64-linux-gnu/libOgreProperty.so
[1.536s] -- Looking for OGRE_RTShaderSystem...
[1.540s] -- Found OGRE_RTShaderSystem: optimized;/usr/lib/x86_64-linux-gnu/libOgreRTShaderSystem.so;debug;/usr/lib/x86_64-linux-gnu/libOgreRTShaderSystem.so
[1.540s] -- Looking for OGRE_Volume...
[1.545s] -- Found OGRE_Volume: optimized;/usr/lib/x86_64-linux-gnu/libOgreVolume.so;debug;/usr/lib/x86_64-linux-gnu/libOgreVolume.so
[1.545s] -- Looking for OGRE_Overlay...
[1.551s] -- Found OGRE_Overlay: optimized;/usr/lib/x86_64-linux-gnu/libOgreOverlay.so;debug;/usr/lib/x86_64-linux-gnu/libOgreOverlay.so
[1.656s] -- Looking for ignition-math6 -- found version 6.13.0
[1.657s] -- Looking for ignition-transport8 -- found version 8.3.0
[1.657s] -- Searching for dependencies of ignition-transport8
[1.675s] -- Found Protobuf: /usr/lib/x86_64-linux-gnu/libprotobuf.so;-lpthread (found suitable version "3.6.1", minimum required is "3") 
[1.687s] -- Config-file not installed for ZeroMQ -- checking for pkg-config
[1.693s] -- Checking for module 'libzmq >= 4'
[1.712s] --   Found libzmq , version 4.3.2
[1.756s] -- Found ZeroMQ: TRUE (Required is at least version "4") 
[1.762s] -- Checking for module 'uuid'
[1.778s] --   Found uuid, version 2.34.0
[1.826s] -- Found UUID: TRUE  
[1.827s] -- Looking for ignition-msgs5 -- found version 5.10.0
[1.827s] -- Searching for dependencies of ignition-msgs5
[1.846s] -- Looking for ignition-math6 -- found version 6.13.0
[1.851s] -- Checking for module 'tinyxml2'
[1.867s] --   Found tinyxml2, version 6.2.0
[1.908s] -- Looking for ignition-msgs5 -- found version 5.10.0
[1.909s] -- Looking for ignition-common3 -- found version 3.14.2
[1.910s] -- Searching for dependencies of ignition-common3
[1.910s] -- Looking for dlfcn.h - found
[1.911s] -- Looking for libdl - found
[1.914s] -- Found DL: TRUE  
[1.923s] -- Searching for <ignition-common3> component [graphics]
[1.925s] -- Looking for ignition-common3-graphics -- found version 3.14.2
[1.925s] -- Searching for dependencies of ignition-common3-graphics
[1.926s] -- Looking for ignition-math6 -- found version 6.13.0
[1.929s] -- Looking for ignition-fuel_tools4 -- found version 4.6.0
[1.929s] -- Searching for dependencies of ignition-fuel_tools4
[2.003s] -- Found CURL: /usr/lib/x86_64-linux-gnu/libcurl.so (found version "7.68.0")  
[2.010s] -- Checking for module 'jsoncpp'
[2.022s] --   Found jsoncpp, version 1.7.4
[2.056s] -- Found JSONCPP: TRUE  
[2.062s] -- Checking for module 'libzip'
[2.078s] --   Found libzip, version 1.5.1
[2.114s] -- Found ZIP: TRUE  
[2.114s] -- Looking for ignition-common3 -- found version 3.14.2
[2.114s] -- Looking for ignition-math6 -- found version 6.13.0
[2.114s] -- Looking for ignition-msgs5 -- found version 5.10.0
[2.117s] -- Found gazebo_ros_pkgs: 3.5.2 (/opt/ros/galactic/share/gazebo_ros_pkgs/cmake)
[2.117s] -- Found geometry_msgs: 2.2.4 (/opt/ros/galactic/share/geometry_msgs/cmake)
[2.136s] -- Using all available rosidl_typesupport_c: rosidl_typesupport_fastrtps_c;rosidl_typesupport_introspection_c
[2.141s] -- Found rosidl_adapter: 2.2.3 (/opt/ros/galactic/share/rosidl_adapter/cmake)
[2.211s] -- Found OpenSSL: /usr/lib/x86_64-linux-gnu/libcrypto.so (found version "1.1.1f")  
[2.232s] -- Found FastRTPS: /opt/ros/galactic/include  
[2.295s] -- Using all available rosidl_typesupport_cpp: rosidl_typesupport_fastrtps_cpp;rosidl_typesupport_introspection_cpp
[2.356s] -- Found nav_msgs: 2.2.4 (/opt/ros/galactic/share/nav_msgs/cmake)
[2.412s] -- Found rclcpp: 9.2.2 (/opt/ros/galactic/share/rclcpp/cmake)
[2.448s] -- Found rmw_implementation_cmake: 3.3.1 (/opt/ros/galactic/share/rmw_implementation_cmake/cmake)
[2.450s] -- Found rmw_cyclonedds_cpp: 0.22.6 (/opt/ros/galactic/share/rmw_cyclonedds_cpp/cmake)
[2.465s] -- Using RMW implementation 'rmw_cyclonedds_cpp' as default
[2.466s] -- Found Threads: TRUE  
[2.571s] -- Found sensor_msgs: 2.2.4 (/opt/ros/galactic/share/sensor_msgs/cmake)
[2.629s] -- Found tf2: 0.17.5 (/opt/ros/galactic/share/tf2/cmake)
[2.690s] -- Configuring done
[2.716s] -- Generating done
[2.718s] -- Build files have been written to: /home/gsainikhil94/turtlebot3_ws/build/turtlebot3_gazebo
