[0.059s] Invoking command in '/home/gsainikhil94/turtlebot3_ws/build/turtlebot3_navigation2': CMAKE_PREFIX_PATH=/opt/ros/galactic /usr/bin/cmake /home/gsainikhil94/turtlebot3_ws/src/turtlebot3/turtlebot3/turtlebot3_navigation2 -DAMENT_CMAKE_SYMLINK_INSTALL=1 -DCMAKE_INSTALL_PREFIX=/home/gsainikhil94/turtlebot3_ws/install/turtlebot3_navigation2
[1.401s] -- The C compiler identification is GNU 9.4.0
[1.401s] -- The CXX compiler identification is GNU 9.4.0
[1.401s] -- Check for working C compiler: /usr/bin/cc
[1.401s] -- Check for working C compiler: /usr/bin/cc -- works
[1.401s] -- Detecting C compiler ABI info
[1.401s] -- Detecting C compiler ABI info - done
[1.401s] -- Detecting C compile features
[1.401s] -- Detecting C compile features - done
[1.402s] -- Check for working CXX compiler: /usr/bin/c++
[1.402s] -- Check for working CXX compiler: /usr/bin/c++ -- works
[1.402s] -- Detecting CXX compiler ABI info
[1.510s] -- Detecting CXX compiler ABI info - done
[1.548s] -- Detecting CXX compile features
[1.549s] -- Detecting CXX compile features - done
[1.552s] -- Found ament_cmake: 1.1.6 (/opt/ros/galactic/share/ament_cmake/cmake)
[1.607s] -- Found PythonInterp: /usr/bin/python3 (found suitable version "3.8.10", minimum required is "3") 
[1.610s] -- Using PYTHON_EXECUTABLE: /usr/bin/python3
[1.699s] -- Override CMake install command with custom implementation using symlinks instead of copying resources
[1.830s] -- Configuring done
[1.833s] -- Generating done
[1.835s] -- Build files have been written to: /home/gsainikhil94/turtlebot3_ws/build/turtlebot3_navigation2
[1.845s] Invoked command in '/home/gsainikhil94/turtlebot3_ws/build/turtlebot3_navigation2' returned '0': CMAKE_PREFIX_PATH=/opt/ros/galactic /usr/bin/cmake /home/gsainikhil94/turtlebot3_ws/src/turtlebot3/turtlebot3/turtlebot3_navigation2 -DAMENT_CMAKE_SYMLINK_INSTALL=1 -DCMAKE_INSTALL_PREFIX=/home/gsainikhil94/turtlebot3_ws/install/turtlebot3_navigation2
[1.847s] Invoking command in '/home/gsainikhil94/turtlebot3_ws/build/turtlebot3_navigation2': CMAKE_PREFIX_PATH=/opt/ros/galactic /usr/bin/cmake --build /home/gsainikhil94/turtlebot3_ws/build/turtlebot3_navigation2 -- -j8 -l8
[2.105s] Invoked command in '/home/gsainikhil94/turtlebot3_ws/build/turtlebot3_navigation2' returned '0': CMAKE_PREFIX_PATH=/opt/ros/galactic /usr/bin/cmake --build /home/gsainikhil94/turtlebot3_ws/build/turtlebot3_navigation2 -- -j8 -l8
[2.279s] Invoking command in '/home/gsainikhil94/turtlebot3_ws/build/turtlebot3_navigation2': CMAKE_PREFIX_PATH=/opt/ros/galactic /usr/bin/cmake --install /home/gsainikhil94/turtlebot3_ws/build/turtlebot3_navigation2
[2.295s] -- Install configuration: ""
[2.298s] -- Execute custom install script
[2.298s] -- Symlinking: /home/gsainikhil94/turtlebot3_ws/install/turtlebot3_navigation2/share/turtlebot3_navigation2/launch/navigation2.launch.py
[2.320s] -- Symlinking: /home/gsainikhil94/turtlebot3_ws/install/turtlebot3_navigation2/share/turtlebot3_navigation2/map/map.pgm
[2.333s] -- Symlinking: /home/gsainikhil94/turtlebot3_ws/install/turtlebot3_navigation2/share/turtlebot3_navigation2/map/map.yaml
[2.345s] -- Symlinking: /home/gsainikhil94/turtlebot3_ws/install/turtlebot3_navigation2/share/turtlebot3_navigation2/param/burger.yaml
[2.357s] -- Symlinking: /home/gsainikhil94/turtlebot3_ws/install/turtlebot3_navigation2/share/turtlebot3_navigation2/param/waffle.yaml
[2.369s] -- Symlinking: /home/gsainikhil94/turtlebot3_ws/install/turtlebot3_navigation2/share/turtlebot3_navigation2/param/waffle_pi.yaml
[2.383s] -- Symlinking: /home/gsainikhil94/turtlebot3_ws/install/turtlebot3_navigation2/share/turtlebot3_navigation2/rviz/tb3_navigation2.rviz
[2.393s] -- Symlinking: /home/gsainikhil94/turtlebot3_ws/install/turtlebot3_navigation2/share/ament_index/resource_index/package_run_dependencies/turtlebot3_navigation2
[2.401s] -- Symlinking: /home/gsainikhil94/turtlebot3_ws/install/turtlebot3_navigation2/share/ament_index/resource_index/parent_prefix_path/turtlebot3_navigation2
[2.410s] -- Symlinking: /home/gsainikhil94/turtlebot3_ws/install/turtlebot3_navigation2/share/turtlebot3_navigation2/environment/ament_prefix_path.sh
[2.418s] -- Symlinking: /home/gsainikhil94/turtlebot3_ws/install/turtlebot3_navigation2/share/turtlebot3_navigation2/environment/ament_prefix_path.dsv
[2.426s] -- Symlinking: /home/gsainikhil94/turtlebot3_ws/install/turtlebot3_navigation2/share/turtlebot3_navigation2/environment/path.sh
[2.435s] -- Symlinking: /home/gsainikhil94/turtlebot3_ws/install/turtlebot3_navigation2/share/turtlebot3_navigation2/environment/path.dsv
[2.446s] -- Symlinking: /home/gsainikhil94/turtlebot3_ws/install/turtlebot3_navigation2/share/turtlebot3_navigation2/local_setup.bash
[2.466s] -- Symlinking: /home/gsainikhil94/turtlebot3_ws/install/turtlebot3_navigation2/share/turtlebot3_navigation2/local_setup.sh
[2.474s] -- Symlinking: /home/gsainikhil94/turtlebot3_ws/install/turtlebot3_navigation2/share/turtlebot3_navigation2/local_setup.zsh
[2.484s] -- Symlinking: /home/gsainikhil94/turtlebot3_ws/install/turtlebot3_navigation2/share/turtlebot3_navigation2/local_setup.dsv
[2.492s] -- Symlinking: /home/gsainikhil94/turtlebot3_ws/install/turtlebot3_navigation2/share/turtlebot3_navigation2/package.dsv
[2.500s] -- Symlinking: /home/gsainikhil94/turtlebot3_ws/install/turtlebot3_navigation2/share/ament_index/resource_index/packages/turtlebot3_navigation2
[2.508s] -- Symlinking: /home/gsainikhil94/turtlebot3_ws/install/turtlebot3_navigation2/share/turtlebot3_navigation2/cmake/turtlebot3_navigation2Config.cmake
[2.516s] -- Symlinking: /home/gsainikhil94/turtlebot3_ws/install/turtlebot3_navigation2/share/turtlebot3_navigation2/cmake/turtlebot3_navigation2Config-version.cmake
[2.524s] -- Symlinking: /home/gsainikhil94/turtlebot3_ws/install/turtlebot3_navigation2/share/turtlebot3_navigation2/package.xml
[2.593s] Invoked command in '/home/gsainikhil94/turtlebot3_ws/build/turtlebot3_navigation2' returned '0': CMAKE_PREFIX_PATH=/opt/ros/galactic /usr/bin/cmake --install /home/gsainikhil94/turtlebot3_ws/build/turtlebot3_navigation2
