[0.020s] Invoking command in '/home/gsainikhil94/turtlebot3_ws/build/turtlebot3_simulations': AMENT_PREFIX_PATH=/home/gsainikhil94/turtlebot3_ws/install/turtlebot3_fake_node:/home/gsainikhil94/turtlebot3_ws/install/turtlebot3_msgs:/home/gsainikhil94/turtlebot3_ws/install/turtlebot3_gazebo:${AMENT_PREFIX_PATH} CMAKE_PREFIX_PATH=/home/gsainikhil94/turtlebot3_ws/install/turtlebot3_fake_node:/home/gsainikhil94/turtlebot3_ws/install/turtlebot3_msgs:/home/gsainikhil94/turtlebot3_ws/install/turtlebot3_gazebo:/opt/ros/galactic LD_LIBRARY_PATH=/home/gsainikhil94/turtlebot3_ws/install/turtlebot3_msgs/lib:${LD_LIBRARY_PATH} PYTHONPATH=/home/gsainikhil94/turtlebot3_ws/install/turtlebot3_msgs/lib/python3.8/site-packages:${PYTHONPATH} /usr/bin/cmake --build /home/gsainikhil94/turtlebot3_ws/build/turtlebot3_simulations -- -j8 -l8
[0.059s] Invoked command in '/home/gsainikhil94/turtlebot3_ws/build/turtlebot3_simulations' returned '0': AMENT_PREFIX_PATH=/home/gsainikhil94/turtlebot3_ws/install/turtlebot3_fake_node:/home/gsainikhil94/turtlebot3_ws/install/turtlebot3_msgs:/home/gsainikhil94/turtlebot3_ws/install/turtlebot3_gazebo:${AMENT_PREFIX_PATH} CMAKE_PREFIX_PATH=/home/gsainikhil94/turtlebot3_ws/install/turtlebot3_fake_node:/home/gsainikhil94/turtlebot3_ws/install/turtlebot3_msgs:/home/gsainikhil94/turtlebot3_ws/install/turtlebot3_gazebo:/opt/ros/galactic LD_LIBRARY_PATH=/home/gsainikhil94/turtlebot3_ws/install/turtlebot3_msgs/lib:${LD_LIBRARY_PATH} PYTHONPATH=/home/gsainikhil94/turtlebot3_ws/install/turtlebot3_msgs/lib/python3.8/site-packages:${PYTHONPATH} /usr/bin/cmake --build /home/gsainikhil94/turtlebot3_ws/build/turtlebot3_simulations -- -j8 -l8
[0.086s] Invoking command in '/home/gsainikhil94/turtlebot3_ws/build/turtlebot3_simulations': AMENT_PREFIX_PATH=/home/gsainikhil94/turtlebot3_ws/install/turtlebot3_fake_node:/home/gsainikhil94/turtlebot3_ws/install/turtlebot3_msgs:/home/gsainikhil94/turtlebot3_ws/install/turtlebot3_gazebo:${AMENT_PREFIX_PATH} CMAKE_PREFIX_PATH=/home/gsainikhil94/turtlebot3_ws/install/turtlebot3_fake_node:/home/gsainikhil94/turtlebot3_ws/install/turtlebot3_msgs:/home/gsainikhil94/turtlebot3_ws/install/turtlebot3_gazebo:/opt/ros/galactic LD_LIBRARY_PATH=/home/gsainikhil94/turtlebot3_ws/install/turtlebot3_msgs/lib:${LD_LIBRARY_PATH} PYTHONPATH=/home/gsainikhil94/turtlebot3_ws/install/turtlebot3_msgs/lib/python3.8/site-packages:${PYTHONPATH} /usr/bin/cmake --install /home/gsainikhil94/turtlebot3_ws/build/turtlebot3_simulations
[0.094s] -- Install configuration: ""
[0.094s] -- Execute custom install script
[0.095s] -- Up-to-date symlink: /home/gsainikhil94/turtlebot3_ws/install/turtlebot3_simulations/share/ament_index/resource_index/package_run_dependencies/turtlebot3_simulations
[0.095s] -- Up-to-date symlink: /home/gsainikhil94/turtlebot3_ws/install/turtlebot3_simulations/share/ament_index/resource_index/parent_prefix_path/turtlebot3_simulations
[0.095s] -- Up-to-date symlink: /home/gsainikhil94/turtlebot3_ws/install/turtlebot3_simulations/share/turtlebot3_simulations/environment/ament_prefix_path.sh
[0.096s] -- Up-to-date symlink: /home/gsainikhil94/turtlebot3_ws/install/turtlebot3_simulations/share/turtlebot3_simulations/environment/ament_prefix_path.dsv
[0.096s] -- Up-to-date symlink: /home/gsainikhil94/turtlebot3_ws/install/turtlebot3_simulations/share/turtlebot3_simulations/environment/path.sh
[0.096s] -- Up-to-date symlink: /home/gsainikhil94/turtlebot3_ws/install/turtlebot3_simulations/share/turtlebot3_simulations/environment/path.dsv
[0.097s] -- Up-to-date symlink: /home/gsainikhil94/turtlebot3_ws/install/turtlebot3_simulations/share/turtlebot3_simulations/local_setup.bash
[0.097s] -- Up-to-date symlink: /home/gsainikhil94/turtlebot3_ws/install/turtlebot3_simulations/share/turtlebot3_simulations/local_setup.sh
[0.097s] -- Up-to-date symlink: /home/gsainikhil94/turtlebot3_ws/install/turtlebot3_simulations/share/turtlebot3_simulations/local_setup.zsh
[0.098s] -- Up-to-date symlink: /home/gsainikhil94/turtlebot3_ws/install/turtlebot3_simulations/share/turtlebot3_simulations/local_setup.dsv
[0.098s] -- Symlinking: /home/gsainikhil94/turtlebot3_ws/install/turtlebot3_simulations/share/turtlebot3_simulations/package.dsv
[0.108s] -- Up-to-date symlink: /home/gsainikhil94/turtlebot3_ws/install/turtlebot3_simulations/share/ament_index/resource_index/packages/turtlebot3_simulations
[0.108s] -- Up-to-date symlink: /home/gsainikhil94/turtlebot3_ws/install/turtlebot3_simulations/share/turtlebot3_simulations/cmake/turtlebot3_simulationsConfig.cmake
[0.108s] -- Up-to-date symlink: /home/gsainikhil94/turtlebot3_ws/install/turtlebot3_simulations/share/turtlebot3_simulations/cmake/turtlebot3_simulationsConfig-version.cmake
[0.108s] -- Up-to-date symlink: /home/gsainikhil94/turtlebot3_ws/install/turtlebot3_simulations/share/turtlebot3_simulations/package.xml
[0.119s] Invoked command in '/home/gsainikhil94/turtlebot3_ws/build/turtlebot3_simulations' returned '0': AMENT_PREFIX_PATH=/home/gsainikhil94/turtlebot3_ws/install/turtlebot3_fake_node:/home/gsainikhil94/turtlebot3_ws/install/turtlebot3_msgs:/home/gsainikhil94/turtlebot3_ws/install/turtlebot3_gazebo:${AMENT_PREFIX_PATH} CMAKE_PREFIX_PATH=/home/gsainikhil94/turtlebot3_ws/install/turtlebot3_fake_node:/home/gsainikhil94/turtlebot3_ws/install/turtlebot3_msgs:/home/gsainikhil94/turtlebot3_ws/install/turtlebot3_gazebo:/opt/ros/galactic LD_LIBRARY_PATH=/home/gsainikhil94/turtlebot3_ws/install/turtlebot3_msgs/lib:${LD_LIBRARY_PATH} PYTHONPATH=/home/gsainikhil94/turtlebot3_ws/install/turtlebot3_msgs/lib/python3.8/site-packages:${PYTHONPATH} /usr/bin/cmake --install /home/gsainikhil94/turtlebot3_ws/build/turtlebot3_simulations
