-- The C compiler identification is GNU 9.4.0
-- The CXX compiler identification is GNU 9.4.0
-- Check for working C compiler: /usr/bin/cc
-- Check for working C compiler: /usr/bin/cc -- works
-- Detecting C compiler ABI info
-- Detecting C compiler ABI info - done
-- Detecting C compile features
-- Detecting C compile features - done
-- Check for working CXX compiler: /usr/bin/c++
-- Check for working CXX compiler: /usr/bin/c++ -- works
-- Detecting CXX compiler ABI info
-- Detecting CXX compiler ABI info - done
-- Detecting CXX compile features
-- Detecting CXX compile features - done
-- Found ament_cmake: 1.1.6 (/opt/ros/galactic/share/ament_cmake/cmake)
-- Found PythonInterp: /usr/bin/python3 (found suitable version "3.8.10", minimum required is "3") 
-- Using PYTHON_EXECUTABLE: /usr/bin/python3
-- Override CMake install command with custom implementation using symlinks instead of copying resources
-- Found rclcpp: 9.2.2 (/opt/ros/galactic/share/rclcpp/cmake)
-- Using all available rosidl_typesupport_c: rosidl_typesupport_fastrtps_c;rosidl_typesupport_introspection_c
-- Found rosidl_adapter: 2.2.3 (/opt/ros/galactic/share/rosidl_adapter/cmake)
-- Found OpenSSL: /usr/lib/x86_64-linux-gnu/libcrypto.so (found version "1.1.1f")  
-- Found FastRTPS: /opt/ros/galactic/include  
-- Using all available rosidl_typesupport_cpp: rosidl_typesupport_fastrtps_cpp;rosidl_typesupport_introspection_cpp
-- Found rmw_implementation_cmake: 3.3.1 (/opt/ros/galactic/share/rmw_implementation_cmake/cmake)
-- Found rmw_cyclonedds_cpp: 0.22.6 (/opt/ros/galactic/share/rmw_cyclonedds_cpp/cmake)
-- Using RMW implementation 'rmw_cyclonedds_cpp' as default
-- Looking for pthread.h
-- Looking for pthread.h - found
-- Performing Test CMAKE_HAVE_LIBC_PTHREAD
-- Performing Test CMAKE_HAVE_LIBC_PTHREAD - Failed
-- Looking for pthread_create in pthreads
-- Looking for pthread_create in pthreads - not found
-- Looking for pthread_create in pthread
-- Looking for pthread_create in pthread - found
-- Found Threads: TRUE  
-- Found sensor_msgs: 2.2.4 (/opt/ros/galactic/share/sensor_msgs/cmake)
-- Found Boost: /usr/lib/x86_64-linux-gnu/cmake/Boost-1.71.0/BoostConfig.cmake (found version "1.71.0") found components: system 
-- Found ament_lint_auto: 0.10.7 (/opt/ros/galactic/share/ament_lint_auto/cmake)
-- Configuring done
-- Generating done
-- Build files have been written to: /home/gsainikhil94/turtlebot3_ws/build/ld08_driver
[35m[1mScanning dependencies of target ld08_driver[0m
[ 16%] [32mBuilding CXX object CMakeFiles/ld08_driver.dir/src/lipkg.cpp.o[0m
[ 33%] [32mBuilding CXX object CMakeFiles/ld08_driver.dir/src/cmd_interface_linux.cpp.o[0m
[ 50%] [32mBuilding CXX object CMakeFiles/ld08_driver.dir/src/main.cpp.o[0m
[ 66%] [32mBuilding CXX object CMakeFiles/ld08_driver.dir/src/slbf.cpp.o[0m
[ 83%] [32mBuilding CXX object CMakeFiles/ld08_driver.dir/src/transform.cpp.o[0m
[01m[K/home/gsainikhil94/turtlebot3_ws/src/utils/ld08_driver/src/transform.cpp:[m[K In constructor ‘[01m[KSlTransform::SlTransform(LDVersion, bool)[m[K’:
[01m[K/home/gsainikhil94/turtlebot3_ws/src/utils/ld08_driver/src/transform.cpp:30:50:[m[K [01;35m[Kwarning: [m[Kunused parameter ‘[01m[Kto_right_hand[m[K’ [[01;35m[K-Wunused-parameter[m[K]
   30 | SlTransform::SlTransform(LDVersion version, [01;35m[Kbool to_right_hand[m[K)
      |                                             [01;35m[K~~~~~^~~~~~~~~~~~~[m[K
[100%] [32m[1mLinking CXX executable ld08_driver[0m
[100%] Built target ld08_driver
-- Install configuration: ""
-- Execute custom install script
-- Symlinking: /home/gsainikhil94/turtlebot3_ws/install/ld08_driver/share/ld08_driver/launch/ld08.launch.py
-- Symlinking: /home/gsainikhil94/turtlebot3_ws/install/ld08_driver/lib/ld08_driver/ld08_driver
-- Symlinking: /home/gsainikhil94/turtlebot3_ws/install/ld08_driver/share/ament_index/resource_index/package_run_dependencies/ld08_driver
-- Symlinking: /home/gsainikhil94/turtlebot3_ws/install/ld08_driver/share/ament_index/resource_index/parent_prefix_path/ld08_driver
-- Symlinking: /home/gsainikhil94/turtlebot3_ws/install/ld08_driver/share/ld08_driver/environment/ament_prefix_path.sh
-- Symlinking: /home/gsainikhil94/turtlebot3_ws/install/ld08_driver/share/ld08_driver/environment/ament_prefix_path.dsv
-- Symlinking: /home/gsainikhil94/turtlebot3_ws/install/ld08_driver/share/ld08_driver/environment/path.sh
-- Symlinking: /home/gsainikhil94/turtlebot3_ws/install/ld08_driver/share/ld08_driver/environment/path.dsv
-- Symlinking: /home/gsainikhil94/turtlebot3_ws/install/ld08_driver/share/ld08_driver/local_setup.bash
-- Symlinking: /home/gsainikhil94/turtlebot3_ws/install/ld08_driver/share/ld08_driver/local_setup.sh
-- Symlinking: /home/gsainikhil94/turtlebot3_ws/install/ld08_driver/share/ld08_driver/local_setup.zsh
-- Symlinking: /home/gsainikhil94/turtlebot3_ws/install/ld08_driver/share/ld08_driver/local_setup.dsv
-- Symlinking: /home/gsainikhil94/turtlebot3_ws/install/ld08_driver/share/ld08_driver/package.dsv
-- Symlinking: /home/gsainikhil94/turtlebot3_ws/install/ld08_driver/share/ament_index/resource_index/packages/ld08_driver
-- Symlinking: /home/gsainikhil94/turtlebot3_ws/install/ld08_driver/share/ld08_driver/cmake/ament_cmake_export_dependencies-extras.cmake
-- Symlinking: /home/gsainikhil94/turtlebot3_ws/install/ld08_driver/share/ld08_driver/cmake/ament_cmake_export_include_directories-extras.cmake
-- Symlinking: /home/gsainikhil94/turtlebot3_ws/install/ld08_driver/share/ld08_driver/cmake/ld08_driverConfig.cmake
-- Symlinking: /home/gsainikhil94/turtlebot3_ws/install/ld08_driver/share/ld08_driver/cmake/ld08_driverConfig-version.cmake
-- Symlinking: /home/gsainikhil94/turtlebot3_ws/install/ld08_driver/share/ld08_driver/package.xml
