[0.327s] Invoking command in '/home/gsainikhil94/turtlebot3_ws/build/ld08_driver': CMAKE_PREFIX_PATH=/opt/ros/galactic /usr/bin/cmake /home/gsainikhil94/turtlebot3_ws/src/utils/ld08_driver -DAMENT_CMAKE_SYMLINK_INSTALL=1 -DCMAKE_INSTALL_PREFIX=/home/gsainikhil94/turtlebot3_ws/install/ld08_driver
[0.395s] -- The C compiler identification is GNU 9.4.0
[0.463s] -- The CXX compiler identification is GNU 9.4.0
[0.470s] -- Check for working C compiler: /usr/bin/cc
[0.548s] -- Check for working C compiler: /usr/bin/cc -- works
[0.549s] -- Detecting C compiler ABI info
[0.615s] -- Detecting C compiler ABI info - done
[0.630s] -- Detecting C compile features
[0.630s] -- Detecting C compile features - done
[0.634s] -- Check for working CXX compiler: /usr/bin/c++
[0.752s] -- Check for working CXX compiler: /usr/bin/c++ -- works
[0.754s] -- Detecting CXX compiler ABI info
[0.883s] -- Detecting CXX compiler ABI info - done
[0.904s] -- Detecting CXX compile features
[0.905s] -- Detecting CXX compile features - done
[0.909s] -- Found ament_cmake: 1.1.6 (/opt/ros/galactic/share/ament_cmake/cmake)
[0.948s] -- Found PythonInterp: /usr/bin/python3 (found suitable version "3.8.10", minimum required is "3") 
[0.948s] -- Using PYTHON_EXECUTABLE: /usr/bin/python3
[1.035s] -- Override CMake install command with custom implementation using symlinks instead of copying resources
[1.074s] -- Found rclcpp: 9.2.2 (/opt/ros/galactic/share/rclcpp/cmake)
[1.160s] -- Using all available rosidl_typesupport_c: rosidl_typesupport_fastrtps_c;rosidl_typesupport_introspection_c
[1.172s] -- Found rosidl_adapter: 2.2.3 (/opt/ros/galactic/share/rosidl_adapter/cmake)
[1.300s] -- Found OpenSSL: /usr/lib/x86_64-linux-gnu/libcrypto.so (found version "1.1.1f")  
[1.355s] -- Found FastRTPS: /opt/ros/galactic/include  
[1.500s] -- Using all available rosidl_typesupport_cpp: rosidl_typesupport_fastrtps_cpp;rosidl_typesupport_introspection_cpp
[1.625s] -- Found rmw_implementation_cmake: 3.3.1 (/opt/ros/galactic/share/rmw_implementation_cmake/cmake)
[1.631s] -- Found rmw_cyclonedds_cpp: 0.22.6 (/opt/ros/galactic/share/rmw_cyclonedds_cpp/cmake)
[1.672s] -- Using RMW implementation 'rmw_cyclonedds_cpp' as default
[1.673s] -- Looking for pthread.h
[1.778s] -- Looking for pthread.h - found
[1.778s] -- Performing Test CMAKE_HAVE_LIBC_PTHREAD
[1.878s] -- Performing Test CMAKE_HAVE_LIBC_PTHREAD - Failed
[1.878s] -- Looking for pthread_create in pthreads
[1.947s] -- Looking for pthread_create in pthreads - not found
[1.948s] -- Looking for pthread_create in pthread
[2.046s] -- Looking for pthread_create in pthread - found
[2.046s] -- Found Threads: TRUE  
[2.320s] -- Found sensor_msgs: 2.2.4 (/opt/ros/galactic/share/sensor_msgs/cmake)
[2.504s] -- Found Boost: /usr/lib/x86_64-linux-gnu/cmake/Boost-1.71.0/BoostConfig.cmake (found version "1.71.0") found components: system 
[2.515s] -- Found ament_lint_auto: 0.10.7 (/opt/ros/galactic/share/ament_lint_auto/cmake)
[2.619s] -- Configuring done
[2.634s] -- Generating done
[2.637s] -- Build files have been written to: /home/gsainikhil94/turtlebot3_ws/build/ld08_driver
[2.940s] Invoked command in '/home/gsainikhil94/turtlebot3_ws/build/ld08_driver' returned '0': CMAKE_PREFIX_PATH=/opt/ros/galactic /usr/bin/cmake /home/gsainikhil94/turtlebot3_ws/src/utils/ld08_driver -DAMENT_CMAKE_SYMLINK_INSTALL=1 -DCMAKE_INSTALL_PREFIX=/home/gsainikhil94/turtlebot3_ws/install/ld08_driver
[2.942s] Invoking command in '/home/gsainikhil94/turtlebot3_ws/build/ld08_driver': CMAKE_PREFIX_PATH=/opt/ros/galactic /usr/bin/cmake --build /home/gsainikhil94/turtlebot3_ws/build/ld08_driver -- -j8 -l8
[3.063s] [35m[1mScanning dependencies of target ld08_driver[0m
[3.164s] [ 16%] [32mBuilding CXX object CMakeFiles/ld08_driver.dir/src/lipkg.cpp.o[0m
[3.172s] [ 33%] [32mBuilding CXX object CMakeFiles/ld08_driver.dir/src/cmd_interface_linux.cpp.o[0m
[3.182s] [ 50%] [32mBuilding CXX object CMakeFiles/ld08_driver.dir/src/main.cpp.o[0m
[3.183s] [ 66%] [32mBuilding CXX object CMakeFiles/ld08_driver.dir/src/slbf.cpp.o[0m
[3.183s] [ 83%] [32mBuilding CXX object CMakeFiles/ld08_driver.dir/src/transform.cpp.o[0m
[7.861s] [01m[K/home/gsainikhil94/turtlebot3_ws/src/utils/ld08_driver/src/transform.cpp:[m[K In constructor ‘[01m[KSlTransform::SlTransform(LDVersion, bool)[m[K’:
[7.861s] [01m[K/home/gsainikhil94/turtlebot3_ws/src/utils/ld08_driver/src/transform.cpp:30:50:[m[K [01;35m[Kwarning: [m[Kunused parameter ‘[01m[Kto_right_hand[m[K’ [[01;35m[K-Wunused-parameter[m[K]
[7.861s]    30 | SlTransform::SlTransform(LDVersion version, [01;35m[Kbool to_right_hand[m[K)
[7.861s]       |                                             [01;35m[K~~~~~^~~~~~~~~~~~~[m[K
[12.716s] [100%] [32m[1mLinking CXX executable ld08_driver[0m
[13.592s] [100%] Built target ld08_driver
[13.665s] Invoked command in '/home/gsainikhil94/turtlebot3_ws/build/ld08_driver' returned '0': CMAKE_PREFIX_PATH=/opt/ros/galactic /usr/bin/cmake --build /home/gsainikhil94/turtlebot3_ws/build/ld08_driver -- -j8 -l8
[14.185s] Invoking command in '/home/gsainikhil94/turtlebot3_ws/build/ld08_driver': CMAKE_PREFIX_PATH=/opt/ros/galactic /usr/bin/cmake --install /home/gsainikhil94/turtlebot3_ws/build/ld08_driver
[14.271s] -- Install configuration: ""
[14.279s] -- Execute custom install script
[14.281s] -- Symlinking: /home/gsainikhil94/turtlebot3_ws/install/ld08_driver/share/ld08_driver/launch/ld08.launch.py
[14.315s] -- Symlinking: /home/gsainikhil94/turtlebot3_ws/install/ld08_driver/lib/ld08_driver/ld08_driver
[14.379s] -- Symlinking: /home/gsainikhil94/turtlebot3_ws/install/ld08_driver/share/ament_index/resource_index/package_run_dependencies/ld08_driver
[14.435s] -- Symlinking: /home/gsainikhil94/turtlebot3_ws/install/ld08_driver/share/ament_index/resource_index/parent_prefix_path/ld08_driver
[14.495s] -- Symlinking: /home/gsainikhil94/turtlebot3_ws/install/ld08_driver/share/ld08_driver/environment/ament_prefix_path.sh
[14.518s] -- Symlinking: /home/gsainikhil94/turtlebot3_ws/install/ld08_driver/share/ld08_driver/environment/ament_prefix_path.dsv
[14.546s] -- Symlinking: /home/gsainikhil94/turtlebot3_ws/install/ld08_driver/share/ld08_driver/environment/path.sh
[14.599s] -- Symlinking: /home/gsainikhil94/turtlebot3_ws/install/ld08_driver/share/ld08_driver/environment/path.dsv
[14.635s] -- Symlinking: /home/gsainikhil94/turtlebot3_ws/install/ld08_driver/share/ld08_driver/local_setup.bash
[14.671s] -- Symlinking: /home/gsainikhil94/turtlebot3_ws/install/ld08_driver/share/ld08_driver/local_setup.sh
[14.740s] -- Symlinking: /home/gsainikhil94/turtlebot3_ws/install/ld08_driver/share/ld08_driver/local_setup.zsh
[14.803s] -- Symlinking: /home/gsainikhil94/turtlebot3_ws/install/ld08_driver/share/ld08_driver/local_setup.dsv
[14.830s] -- Symlinking: /home/gsainikhil94/turtlebot3_ws/install/ld08_driver/share/ld08_driver/package.dsv
[14.867s] -- Symlinking: /home/gsainikhil94/turtlebot3_ws/install/ld08_driver/share/ament_index/resource_index/packages/ld08_driver
[14.918s] -- Symlinking: /home/gsainikhil94/turtlebot3_ws/install/ld08_driver/share/ld08_driver/cmake/ament_cmake_export_dependencies-extras.cmake
[14.984s] -- Symlinking: /home/gsainikhil94/turtlebot3_ws/install/ld08_driver/share/ld08_driver/cmake/ament_cmake_export_include_directories-extras.cmake
[15.008s] -- Symlinking: /home/gsainikhil94/turtlebot3_ws/install/ld08_driver/share/ld08_driver/cmake/ld08_driverConfig.cmake
[15.025s] -- Symlinking: /home/gsainikhil94/turtlebot3_ws/install/ld08_driver/share/ld08_driver/cmake/ld08_driverConfig-version.cmake
[15.047s] -- Symlinking: /home/gsainikhil94/turtlebot3_ws/install/ld08_driver/share/ld08_driver/package.xml
[15.075s] Invoked command in '/home/gsainikhil94/turtlebot3_ws/build/ld08_driver' returned '0': CMAKE_PREFIX_PATH=/opt/ros/galactic /usr/bin/cmake --install /home/gsainikhil94/turtlebot3_ws/build/ld08_driver
