[0.073s] Invoking command in '/home/gsainikhil94/turtlebot3_ws/build/turtlebot3_msgs': CMAKE_PREFIX_PATH=/opt/ros/galactic /usr/bin/cmake --build /home/gsainikhil94/turtlebot3_ws/build/turtlebot3_msgs -- -j8 -l8
[0.144s] [  1%] [34m[1mGenerating C code for ROS interfaces[0m
[0.145s] [35m[1mScanning dependencies of target turtlebot3_msgs__cpp[0m
[0.161s] [  2%] [34m[1mGenerating C++ code for ROS interfaces[0m
[3.532s] [  2%] Built target turtlebot3_msgs__cpp
[3.614s] [  4%] [34m[1mGenerating C++ type support for eProsima Fast-RTPS[0m
[3.619s] [  5%] [34m[1mGenerating C++ introspection for ROS interfaces[0m
[3.621s] [  7%] [34m[1mGenerating C++ type support dispatch for ROS interfaces[0m
[4.057s] [35m[1mScanning dependencies of target turtlebot3_msgs__rosidl_generator_c[0m
[4.132s] [  8%] [32mBuilding C object CMakeFiles/turtlebot3_msgs__rosidl_generator_c.dir/rosidl_generator_c/turtlebot3_msgs/msg/detail/sound__functions.c.o[0m
[4.145s] [  9%] [32mBuilding C object CMakeFiles/turtlebot3_msgs__rosidl_generator_c.dir/rosidl_generator_c/turtlebot3_msgs/msg/detail/version_info__functions.c.o[0m
[4.153s] [ 11%] [32mBuilding C object CMakeFiles/turtlebot3_msgs__rosidl_generator_c.dir/rosidl_generator_c/turtlebot3_msgs/msg/detail/sensor_state__functions.c.o[0m
[4.162s] [ 12%] [32mBuilding C object CMakeFiles/turtlebot3_msgs__rosidl_generator_c.dir/rosidl_generator_c/turtlebot3_msgs/srv/detail/dqn__functions.c.o[0m
[4.207s] [ 14%] [32mBuilding C object CMakeFiles/turtlebot3_msgs__rosidl_generator_c.dir/rosidl_generator_c/turtlebot3_msgs/srv/detail/sound__functions.c.o[0m
[4.340s] [ 15%] [32mBuilding C object CMakeFiles/turtlebot3_msgs__rosidl_generator_c.dir/rosidl_generator_c/turtlebot3_msgs/action/detail/patrol__functions.c.o[0m
[4.682s] [ 16%] [32m[1mLinking C shared library libturtlebot3_msgs__rosidl_generator_c.so[0m
[4.843s] [ 16%] Built target turtlebot3_msgs__rosidl_generator_c
[4.866s] [ 18%] [34m[1mGenerating C type support dispatch for ROS interfaces[0m
[4.881s] [ 19%] [34m[1mGenerating C introspection for ROS interfaces[0m
[5.303s] [35m[1mScanning dependencies of target turtlebot3_msgs__rosidl_typesupport_cpp[0m
[5.353s] [ 21%] [32mBuilding CXX object CMakeFiles/turtlebot3_msgs__rosidl_typesupport_cpp.dir/rosidl_typesupport_cpp/turtlebot3_msgs/msg/sensor_state__type_support.cpp.o[0m
[5.372s] [ 22%] [32mBuilding CXX object CMakeFiles/turtlebot3_msgs__rosidl_typesupport_cpp.dir/rosidl_typesupport_cpp/turtlebot3_msgs/msg/sound__type_support.cpp.o[0m
[5.393s] [ 23%] [32mBuilding CXX object CMakeFiles/turtlebot3_msgs__rosidl_typesupport_cpp.dir/rosidl_typesupport_cpp/turtlebot3_msgs/msg/version_info__type_support.cpp.o[0m
[5.515s] [ 25%] [32mBuilding CXX object CMakeFiles/turtlebot3_msgs__rosidl_typesupport_cpp.dir/rosidl_typesupport_cpp/turtlebot3_msgs/srv/sound__type_support.cpp.o[0m
[5.531s] [35m[1mScanning dependencies of target turtlebot3_msgs__rosidl_typesupport_introspection_cpp[0m
[5.636s] [ 26%] [32mBuilding CXX object CMakeFiles/turtlebot3_msgs__rosidl_typesupport_introspection_cpp.dir/rosidl_typesupport_introspection_cpp/turtlebot3_msgs/msg/detail/sensor_state__type_support.cpp.o[0m
[6.124s] [ 28%] [32mBuilding CXX object CMakeFiles/turtlebot3_msgs__rosidl_typesupport_cpp.dir/rosidl_typesupport_cpp/turtlebot3_msgs/srv/dqn__type_support.cpp.o[0m
[6.412s] [ 29%] [32mBuilding CXX object CMakeFiles/turtlebot3_msgs__rosidl_typesupport_cpp.dir/rosidl_typesupport_cpp/turtlebot3_msgs/action/patrol__type_support.cpp.o[0m
[6.503s] [ 30%] [32mBuilding CXX object CMakeFiles/turtlebot3_msgs__rosidl_typesupport_introspection_cpp.dir/rosidl_typesupport_introspection_cpp/turtlebot3_msgs/msg/detail/sound__type_support.cpp.o[0m
[6.664s] [ 32%] [32mBuilding CXX object CMakeFiles/turtlebot3_msgs__rosidl_typesupport_introspection_cpp.dir/rosidl_typesupport_introspection_cpp/turtlebot3_msgs/msg/detail/version_info__type_support.cpp.o[0m
[6.992s] [35m[1mScanning dependencies of target turtlebot3_msgs__rosidl_typesupport_fastrtps_cpp[0m
[7.010s] [ 33%] [32mBuilding CXX object CMakeFiles/turtlebot3_msgs__rosidl_typesupport_introspection_cpp.dir/rosidl_typesupport_introspection_cpp/turtlebot3_msgs/srv/detail/sound__type_support.cpp.o[0m
[7.090s] [ 35%] [32mBuilding CXX object CMakeFiles/turtlebot3_msgs__rosidl_typesupport_fastrtps_cpp.dir/rosidl_typesupport_fastrtps_cpp/turtlebot3_msgs/msg/detail/dds_fastrtps/sensor_state__type_support.cpp.o[0m
[7.109s] [ 36%] [32mBuilding CXX object CMakeFiles/turtlebot3_msgs__rosidl_typesupport_introspection_cpp.dir/rosidl_typesupport_introspection_cpp/turtlebot3_msgs/srv/detail/dqn__type_support.cpp.o[0m
[7.401s] [ 38%] [32mBuilding CXX object CMakeFiles/turtlebot3_msgs__rosidl_typesupport_introspection_cpp.dir/rosidl_typesupport_introspection_cpp/turtlebot3_msgs/action/detail/patrol__type_support.cpp.o[0m
[7.422s] [ 39%] [32mBuilding CXX object CMakeFiles/turtlebot3_msgs__rosidl_typesupport_fastrtps_cpp.dir/rosidl_typesupport_fastrtps_cpp/turtlebot3_msgs/msg/detail/dds_fastrtps/sound__type_support.cpp.o[0m
[7.426s] [35m[1mScanning dependencies of target turtlebot3_msgs__rosidl_typesupport_c[0m
[7.520s] [ 40%] [32mBuilding CXX object CMakeFiles/turtlebot3_msgs__rosidl_typesupport_c.dir/rosidl_typesupport_c/turtlebot3_msgs/msg/sensor_state__type_support.cpp.o[0m
[7.667s] [ 42%] [32mBuilding CXX object CMakeFiles/turtlebot3_msgs__rosidl_typesupport_c.dir/rosidl_typesupport_c/turtlebot3_msgs/msg/sound__type_support.cpp.o[0m
[7.868s] [ 43%] [32mBuilding CXX object CMakeFiles/turtlebot3_msgs__rosidl_typesupport_c.dir/rosidl_typesupport_c/turtlebot3_msgs/msg/version_info__type_support.cpp.o[0m
[7.946s] [ 45%] [32m[1mLinking CXX shared library libturtlebot3_msgs__rosidl_typesupport_cpp.so[0m
[8.024s] [ 46%] [32mBuilding CXX object CMakeFiles/turtlebot3_msgs__rosidl_typesupport_c.dir/rosidl_typesupport_c/turtlebot3_msgs/srv/sound__type_support.cpp.o[0m
[8.051s] [ 47%] [32mBuilding CXX object CMakeFiles/turtlebot3_msgs__rosidl_typesupport_fastrtps_cpp.dir/rosidl_typesupport_fastrtps_cpp/turtlebot3_msgs/srv/detail/dds_fastrtps/sound__type_support.cpp.o[0m
[8.064s] [ 49%] [32mBuilding CXX object CMakeFiles/turtlebot3_msgs__rosidl_typesupport_fastrtps_cpp.dir/rosidl_typesupport_fastrtps_cpp/turtlebot3_msgs/msg/detail/dds_fastrtps/version_info__type_support.cpp.o[0m
[8.158s] [ 49%] Built target turtlebot3_msgs__rosidl_typesupport_cpp
[8.192s] [ 50%] [32mBuilding CXX object CMakeFiles/turtlebot3_msgs__rosidl_typesupport_c.dir/rosidl_typesupport_c/turtlebot3_msgs/srv/dqn__type_support.cpp.o[0m
[8.220s] [ 52%] [32mBuilding CXX object CMakeFiles/turtlebot3_msgs__rosidl_typesupport_fastrtps_cpp.dir/rosidl_typesupport_fastrtps_cpp/turtlebot3_msgs/srv/detail/dds_fastrtps/dqn__type_support.cpp.o[0m
[8.364s] [ 53%] [32mBuilding CXX object CMakeFiles/turtlebot3_msgs__rosidl_typesupport_c.dir/rosidl_typesupport_c/turtlebot3_msgs/action/patrol__type_support.cpp.o[0m
[8.398s] [35m[1mScanning dependencies of target turtlebot3_msgs__rosidl_typesupport_introspection_c[0m
[8.508s] [ 54%] [32mBuilding CXX object CMakeFiles/turtlebot3_msgs__rosidl_typesupport_fastrtps_cpp.dir/rosidl_typesupport_fastrtps_cpp/turtlebot3_msgs/action/detail/dds_fastrtps/patrol__type_support.cpp.o[0m
[8.520s] [ 56%] [32mBuilding C object CMakeFiles/turtlebot3_msgs__rosidl_typesupport_introspection_c.dir/rosidl_typesupport_introspection_c/turtlebot3_msgs/msg/detail/sensor_state__type_support.c.o[0m
[8.599s] [ 57%] [32m[1mLinking CXX shared library libturtlebot3_msgs__rosidl_typesupport_c.so[0m
[8.714s] [ 59%] [32mBuilding C object CMakeFiles/turtlebot3_msgs__rosidl_typesupport_introspection_c.dir/rosidl_typesupport_introspection_c/turtlebot3_msgs/msg/detail/sound__type_support.c.o[0m
[8.916s] [ 60%] [32mBuilding C object CMakeFiles/turtlebot3_msgs__rosidl_typesupport_introspection_c.dir/rosidl_typesupport_introspection_c/turtlebot3_msgs/msg/detail/version_info__type_support.c.o[0m
[8.956s] [ 60%] Built target turtlebot3_msgs__rosidl_typesupport_c
[9.012s] [ 61%] [32mBuilding C object CMakeFiles/turtlebot3_msgs__rosidl_typesupport_introspection_c.dir/rosidl_typesupport_introspection_c/turtlebot3_msgs/srv/detail/sound__type_support.c.o[0m
[9.109s] [ 63%] [32mBuilding C object CMakeFiles/turtlebot3_msgs__rosidl_typesupport_introspection_c.dir/rosidl_typesupport_introspection_c/turtlebot3_msgs/srv/detail/dqn__type_support.c.o[0m
[9.128s] [ 64%] [32m[1mLinking CXX shared library libturtlebot3_msgs__rosidl_typesupport_introspection_cpp.so[0m
[9.164s] [ 66%] [32mBuilding C object CMakeFiles/turtlebot3_msgs__rosidl_typesupport_introspection_c.dir/rosidl_typesupport_introspection_c/turtlebot3_msgs/action/detail/patrol__type_support.c.o[0m
[9.307s] [ 66%] Built target turtlebot3_msgs__rosidl_typesupport_introspection_cpp
[9.325s] [ 67%] [32m[1mLinking C shared library libturtlebot3_msgs__rosidl_typesupport_introspection_c.so[0m
[9.392s] [ 67%] Built target turtlebot3_msgs__rosidl_typesupport_introspection_c
[9.717s] [ 69%] [32m[1mLinking CXX shared library libturtlebot3_msgs__rosidl_typesupport_fastrtps_cpp.so[0m
[9.914s] [ 69%] Built target turtlebot3_msgs__rosidl_typesupport_fastrtps_cpp
[9.931s] [ 70%] [34m[1mGenerating C type support for eProsima Fast-RTPS[0m
[11.550s] [35m[1mScanning dependencies of target turtlebot3_msgs__rosidl_typesupport_fastrtps_c[0m
[11.601s] [ 71%] [32mBuilding CXX object CMakeFiles/turtlebot3_msgs__rosidl_typesupport_fastrtps_c.dir/rosidl_typesupport_fastrtps_c/turtlebot3_msgs/msg/detail/sound__type_support_c.cpp.o[0m
[11.606s] [ 73%] [32mBuilding CXX object CMakeFiles/turtlebot3_msgs__rosidl_typesupport_fastrtps_c.dir/rosidl_typesupport_fastrtps_c/turtlebot3_msgs/msg/detail/sensor_state__type_support_c.cpp.o[0m
[11.607s] [ 74%] [32mBuilding CXX object CMakeFiles/turtlebot3_msgs__rosidl_typesupport_fastrtps_c.dir/rosidl_typesupport_fastrtps_c/turtlebot3_msgs/msg/detail/version_info__type_support_c.cpp.o[0m
[11.620s] [ 76%] [32mBuilding CXX object CMakeFiles/turtlebot3_msgs__rosidl_typesupport_fastrtps_c.dir/rosidl_typesupport_fastrtps_c/turtlebot3_msgs/srv/detail/sound__type_support_c.cpp.o[0m
[11.624s] [ 77%] [32mBuilding CXX object CMakeFiles/turtlebot3_msgs__rosidl_typesupport_fastrtps_c.dir/rosidl_typesupport_fastrtps_c/turtlebot3_msgs/srv/detail/dqn__type_support_c.cpp.o[0m
[11.672s] [ 78%] [32mBuilding CXX object CMakeFiles/turtlebot3_msgs__rosidl_typesupport_fastrtps_c.dir/rosidl_typesupport_fastrtps_c/turtlebot3_msgs/action/detail/patrol__type_support_c.cpp.o[0m
[12.905s] [ 80%] [32m[1mLinking CXX shared library libturtlebot3_msgs__rosidl_typesupport_fastrtps_c.so[0m
[13.112s] [ 80%] Built target turtlebot3_msgs__rosidl_typesupport_fastrtps_c
[13.152s] [35m[1mScanning dependencies of target turtlebot3_msgs[0m
[13.169s] [ 80%] Built target turtlebot3_msgs
[13.195s] [35m[1mScanning dependencies of target turtlebot3_msgs__py[0m
[13.218s] [ 81%] [34m[1mGenerating Python code for ROS interfaces[0m
[16.338s] [ 81%] Built target turtlebot3_msgs__py
[16.348s] [35m[1mScanning dependencies of target turtlebot3_msgs__python[0m
[16.378s] [ 83%] [32mBuilding C object CMakeFiles/turtlebot3_msgs__python.dir/rosidl_generator_py/turtlebot3_msgs/msg/_sound_s.c.o[0m
[16.379s] [ 84%] [32mBuilding C object CMakeFiles/turtlebot3_msgs__python.dir/rosidl_generator_py/turtlebot3_msgs/msg/_version_info_s.c.o[0m
[16.379s] [ 85%] [32mBuilding C object CMakeFiles/turtlebot3_msgs__python.dir/rosidl_generator_py/turtlebot3_msgs/srv/_sound_s.c.o[0m
[16.380s] [ 87%] [32mBuilding C object CMakeFiles/turtlebot3_msgs__python.dir/rosidl_generator_py/turtlebot3_msgs/msg/_sensor_state_s.c.o[0m
[16.390s] [ 88%] [32mBuilding C object CMakeFiles/turtlebot3_msgs__python.dir/rosidl_generator_py/turtlebot3_msgs/srv/_dqn_s.c.o[0m
[16.393s] [ 90%] [32mBuilding C object CMakeFiles/turtlebot3_msgs__python.dir/rosidl_generator_py/turtlebot3_msgs/action/_patrol_s.c.o[0m
[16.659s] [ 91%] [32m[1mLinking C shared library rosidl_generator_py/turtlebot3_msgs/libturtlebot3_msgs__python.so[0m
[16.704s] [ 91%] Built target turtlebot3_msgs__python
[16.718s] [35m[1mScanning dependencies of target turtlebot3_msgs__rosidl_typesupport_introspection_c__pyext[0m
[16.719s] [35m[1mScanning dependencies of target turtlebot3_msgs__rosidl_typesupport_fastrtps_c__pyext[0m
[16.720s] [35m[1mScanning dependencies of target turtlebot3_msgs__rosidl_typesupport_c__pyext[0m
[16.745s] [ 92%] [32mBuilding C object CMakeFiles/turtlebot3_msgs__rosidl_typesupport_c__pyext.dir/rosidl_generator_py/turtlebot3_msgs/_turtlebot3_msgs_s.ep.rosidl_typesupport_c.c.o[0m
[16.754s] [ 94%] [32mBuilding C object CMakeFiles/turtlebot3_msgs__rosidl_typesupport_introspection_c__pyext.dir/rosidl_generator_py/turtlebot3_msgs/_turtlebot3_msgs_s.ep.rosidl_typesupport_introspection_c.c.o[0m
[16.755s] [ 95%] [32mBuilding C object CMakeFiles/turtlebot3_msgs__rosidl_typesupport_fastrtps_c__pyext.dir/rosidl_generator_py/turtlebot3_msgs/_turtlebot3_msgs_s.ep.rosidl_typesupport_fastrtps_c.c.o[0m
[16.953s] [ 97%] [32m[1mLinking C shared library rosidl_generator_py/turtlebot3_msgs/turtlebot3_msgs_s__rosidl_typesupport_c.cpython-38-x86_64-linux-gnu.so[0m
[16.957s] [ 98%] [32m[1mLinking CXX shared library rosidl_generator_py/turtlebot3_msgs/turtlebot3_msgs_s__rosidl_typesupport_fastrtps_c.cpython-38-x86_64-linux-gnu.so[0m
[16.969s] [100%] [32m[1mLinking C shared library rosidl_generator_py/turtlebot3_msgs/turtlebot3_msgs_s__rosidl_typesupport_introspection_c.cpython-38-x86_64-linux-gnu.so[0m
[17.017s] [100%] Built target turtlebot3_msgs__rosidl_typesupport_c__pyext
[17.031s] [100%] Built target turtlebot3_msgs__rosidl_typesupport_introspection_c__pyext
[17.056s] [100%] Built target turtlebot3_msgs__rosidl_typesupport_fastrtps_c__pyext
