[0.056s] Invoking command in '/home/gsainikhil94/turtlebot3_ws/build/turtlebot3_description': CMAKE_PREFIX_PATH=/opt/ros/galactic /usr/bin/cmake /home/gsainikhil94/turtlebot3_ws/src/turtlebot3/turtlebot3/turtlebot3_description -DAMENT_CMAKE_SYMLINK_INSTALL=1 -DCMAKE_INSTALL_PREFIX=/home/gsainikhil94/turtlebot3_ws/install/turtlebot3_description
[0.107s] -- Found ament_cmake: 1.1.6 (/opt/ros/galactic/share/ament_cmake/cmake)
[0.113s] -- Found PythonInterp: /usr/bin/python3 (found suitable version "3.8.10", minimum required is "3") 
[0.114s] -- Using PYTHON_EXECUTABLE: /usr/bin/python3
[0.221s] -- Override CMake install command with custom implementation using symlinks instead of copying resources
[0.249s] -- Found urdf: 2.5.2 (/opt/ros/galactic/share/urdf/cmake)
[0.507s] -- Configuring done
[0.510s] -- Generating done
[0.511s] -- Build files have been written to: /home/gsainikhil94/turtlebot3_ws/build/turtlebot3_description
[0.540s] Invoked command in '/home/gsainikhil94/turtlebot3_ws/build/turtlebot3_description' returned '0': CMAKE_PREFIX_PATH=/opt/ros/galactic /usr/bin/cmake /home/gsainikhil94/turtlebot3_ws/src/turtlebot3/turtlebot3/turtlebot3_description -DAMENT_CMAKE_SYMLINK_INSTALL=1 -DCMAKE_INSTALL_PREFIX=/home/gsainikhil94/turtlebot3_ws/install/turtlebot3_description
[0.541s] Invoking command in '/home/gsainikhil94/turtlebot3_ws/build/turtlebot3_description': CMAKE_PREFIX_PATH=/opt/ros/galactic /usr/bin/cmake --build /home/gsainikhil94/turtlebot3_ws/build/turtlebot3_description -- -j8 -l8
[1.719s] Invoked command in '/home/gsainikhil94/turtlebot3_ws/build/turtlebot3_description' returned '0': CMAKE_PREFIX_PATH=/opt/ros/galactic /usr/bin/cmake --build /home/gsainikhil94/turtlebot3_ws/build/turtlebot3_description -- -j8 -l8
[1.767s] Invoking command in '/home/gsainikhil94/turtlebot3_ws/build/turtlebot3_description': CMAKE_PREFIX_PATH=/opt/ros/galactic /usr/bin/cmake --install /home/gsainikhil94/turtlebot3_ws/build/turtlebot3_description
[1.780s] -- Install configuration: ""
[1.780s] -- Execute custom install script
[1.781s] -- Symlinking: /home/gsainikhil94/turtlebot3_ws/install/turtlebot3_description/share/turtlebot3_description/meshes/bases/burger_base.stl
[1.801s] -- Symlinking: /home/gsainikhil94/turtlebot3_ws/install/turtlebot3_description/share/turtlebot3_description/meshes/bases/waffle_base.stl
[1.814s] -- Symlinking: /home/gsainikhil94/turtlebot3_ws/install/turtlebot3_description/share/turtlebot3_description/meshes/bases/waffle_pi_base.stl
[1.833s] -- Symlinking: /home/gsainikhil94/turtlebot3_ws/install/turtlebot3_description/share/turtlebot3_description/meshes/sensors/astra.dae
[1.853s] -- Symlinking: /home/gsainikhil94/turtlebot3_ws/install/turtlebot3_description/share/turtlebot3_description/meshes/sensors/astra.jpg
[1.867s] -- Symlinking: /home/gsainikhil94/turtlebot3_ws/install/turtlebot3_description/share/turtlebot3_description/meshes/sensors/lds.stl
[1.888s] -- Symlinking: /home/gsainikhil94/turtlebot3_ws/install/turtlebot3_description/share/turtlebot3_description/meshes/sensors/r200.dae
[1.901s] -- Symlinking: /home/gsainikhil94/turtlebot3_ws/install/turtlebot3_description/share/turtlebot3_description/meshes/sensors/r200.jpg
[1.915s] -- Symlinking: /home/gsainikhil94/turtlebot3_ws/install/turtlebot3_description/share/turtlebot3_description/meshes/wheels/left_tire.stl
[1.930s] -- Symlinking: /home/gsainikhil94/turtlebot3_ws/install/turtlebot3_description/share/turtlebot3_description/meshes/wheels/right_tire.stl
[1.945s] -- Symlinking: /home/gsainikhil94/turtlebot3_ws/install/turtlebot3_description/share/turtlebot3_description/rviz/model.rviz
[1.958s] -- Symlinking: /home/gsainikhil94/turtlebot3_ws/install/turtlebot3_description/share/turtlebot3_description/urdf/common_properties.urdf
[1.970s] -- Symlinking: /home/gsainikhil94/turtlebot3_ws/install/turtlebot3_description/share/turtlebot3_description/urdf/turtlebot3_burger.urdf
[1.982s] -- Symlinking: /home/gsainikhil94/turtlebot3_ws/install/turtlebot3_description/share/turtlebot3_description/urdf/turtlebot3_waffle.urdf
[1.996s] -- Symlinking: /home/gsainikhil94/turtlebot3_ws/install/turtlebot3_description/share/turtlebot3_description/urdf/turtlebot3_waffle_pi.urdf
[2.010s] -- Symlinking: /home/gsainikhil94/turtlebot3_ws/install/turtlebot3_description/share/ament_index/resource_index/package_run_dependencies/turtlebot3_description
[2.023s] -- Symlinking: /home/gsainikhil94/turtlebot3_ws/install/turtlebot3_description/share/ament_index/resource_index/parent_prefix_path/turtlebot3_description
[2.039s] -- Symlinking: /home/gsainikhil94/turtlebot3_ws/install/turtlebot3_description/share/turtlebot3_description/environment/ament_prefix_path.sh
[2.053s] -- Symlinking: /home/gsainikhil94/turtlebot3_ws/install/turtlebot3_description/share/turtlebot3_description/environment/ament_prefix_path.dsv
[2.067s] -- Symlinking: /home/gsainikhil94/turtlebot3_ws/install/turtlebot3_description/share/turtlebot3_description/environment/path.sh
[2.080s] -- Symlinking: /home/gsainikhil94/turtlebot3_ws/install/turtlebot3_description/share/turtlebot3_description/environment/path.dsv
[2.092s] -- Symlinking: /home/gsainikhil94/turtlebot3_ws/install/turtlebot3_description/share/turtlebot3_description/local_setup.bash
[2.111s] -- Symlinking: /home/gsainikhil94/turtlebot3_ws/install/turtlebot3_description/share/turtlebot3_description/local_setup.sh
[2.122s] -- Symlinking: /home/gsainikhil94/turtlebot3_ws/install/turtlebot3_description/share/turtlebot3_description/local_setup.zsh
[2.136s] -- Symlinking: /home/gsainikhil94/turtlebot3_ws/install/turtlebot3_description/share/turtlebot3_description/local_setup.dsv
[2.146s] -- Symlinking: /home/gsainikhil94/turtlebot3_ws/install/turtlebot3_description/share/turtlebot3_description/package.dsv
[2.161s] -- Symlinking: /home/gsainikhil94/turtlebot3_ws/install/turtlebot3_description/share/ament_index/resource_index/packages/turtlebot3_description
[2.177s] -- Symlinking: /home/gsainikhil94/turtlebot3_ws/install/turtlebot3_description/share/turtlebot3_description/cmake/turtlebot3_descriptionConfig.cmake
[2.190s] -- Symlinking: /home/gsainikhil94/turtlebot3_ws/install/turtlebot3_description/share/turtlebot3_description/cmake/turtlebot3_descriptionConfig-version.cmake
[2.211s] -- Symlinking: /home/gsainikhil94/turtlebot3_ws/install/turtlebot3_description/share/turtlebot3_description/package.xml
[2.255s] Invoked command in '/home/gsainikhil94/turtlebot3_ws/build/turtlebot3_description' returned '0': CMAKE_PREFIX_PATH=/opt/ros/galactic /usr/bin/cmake --install /home/gsainikhil94/turtlebot3_ws/build/turtlebot3_description
