[0.025s] Invoking command in '/home/gsainikhil94/turtlebot3_ws/build/dynamixel_sdk_examples': AMENT_PREFIX_PATH=/home/gsainikhil94/turtlebot3_ws/install/dynamixel_sdk_custom_interfaces:/home/gsainikhil94/turtlebot3_ws/install/dynamixel_sdk:${AMENT_PREFIX_PATH} CMAKE_PREFIX_PATH=/home/gsainikhil94/turtlebot3_ws/install/dynamixel_sdk_custom_interfaces:/home/gsainikhil94/turtlebot3_ws/install/dynamixel_sdk:/opt/ros/galactic LD_LIBRARY_PATH=/home/gsainikhil94/turtlebot3_ws/install/dynamixel_sdk_custom_interfaces/lib:/home/gsainikhil94/turtlebot3_ws/install/dynamixel_sdk/lib:${LD_LIBRARY_PATH} PYTHONPATH=/home/gsainikhil94/turtlebot3_ws/install/dynamixel_sdk_custom_interfaces/lib/python3.8/site-packages:${PYTHONPATH} /usr/bin/cmake --build /home/gsainikhil94/turtlebot3_ws/build/dynamixel_sdk_examples -- -j8 -l8
[0.084s] [100%] Built target read_write_node
[0.113s] Invoked command in '/home/gsainikhil94/turtlebot3_ws/build/dynamixel_sdk_examples' returned '0': AMENT_PREFIX_PATH=/home/gsainikhil94/turtlebot3_ws/install/dynamixel_sdk_custom_interfaces:/home/gsainikhil94/turtlebot3_ws/install/dynamixel_sdk:${AMENT_PREFIX_PATH} CMAKE_PREFIX_PATH=/home/gsainikhil94/turtlebot3_ws/install/dynamixel_sdk_custom_interfaces:/home/gsainikhil94/turtlebot3_ws/install/dynamixel_sdk:/opt/ros/galactic LD_LIBRARY_PATH=/home/gsainikhil94/turtlebot3_ws/install/dynamixel_sdk_custom_interfaces/lib:/home/gsainikhil94/turtlebot3_ws/install/dynamixel_sdk/lib:${LD_LIBRARY_PATH} PYTHONPATH=/home/gsainikhil94/turtlebot3_ws/install/dynamixel_sdk_custom_interfaces/lib/python3.8/site-packages:${PYTHONPATH} /usr/bin/cmake --build /home/gsainikhil94/turtlebot3_ws/build/dynamixel_sdk_examples -- -j8 -l8
[0.319s] Invoking command in '/home/gsainikhil94/turtlebot3_ws/build/dynamixel_sdk_examples': AMENT_PREFIX_PATH=/home/gsainikhil94/turtlebot3_ws/install/dynamixel_sdk_custom_interfaces:/home/gsainikhil94/turtlebot3_ws/install/dynamixel_sdk:${AMENT_PREFIX_PATH} CMAKE_PREFIX_PATH=/home/gsainikhil94/turtlebot3_ws/install/dynamixel_sdk_custom_interfaces:/home/gsainikhil94/turtlebot3_ws/install/dynamixel_sdk:/opt/ros/galactic LD_LIBRARY_PATH=/home/gsainikhil94/turtlebot3_ws/install/dynamixel_sdk_custom_interfaces/lib:/home/gsainikhil94/turtlebot3_ws/install/dynamixel_sdk/lib:${LD_LIBRARY_PATH} PYTHONPATH=/home/gsainikhil94/turtlebot3_ws/install/dynamixel_sdk_custom_interfaces/lib/python3.8/site-packages:${PYTHONPATH} /usr/bin/cmake --install /home/gsainikhil94/turtlebot3_ws/build/dynamixel_sdk_examples
[0.330s] -- Install configuration: ""
[0.331s] -- Execute custom install script
[0.331s] -- Up-to-date symlink: /home/gsainikhil94/turtlebot3_ws/install/dynamixel_sdk_examples/lib/dynamixel_sdk_examples/read_write_node
[0.331s] -- Up-to-date symlink: /home/gsainikhil94/turtlebot3_ws/install/dynamixel_sdk_examples/share/ament_index/resource_index/package_run_dependencies/dynamixel_sdk_examples
[0.331s] -- Up-to-date symlink: /home/gsainikhil94/turtlebot3_ws/install/dynamixel_sdk_examples/share/ament_index/resource_index/parent_prefix_path/dynamixel_sdk_examples
[0.331s] -- Up-to-date symlink: /home/gsainikhil94/turtlebot3_ws/install/dynamixel_sdk_examples/share/dynamixel_sdk_examples/environment/ament_prefix_path.sh
[0.331s] -- Up-to-date symlink: /home/gsainikhil94/turtlebot3_ws/install/dynamixel_sdk_examples/share/dynamixel_sdk_examples/environment/ament_prefix_path.dsv
[0.332s] -- Up-to-date symlink: /home/gsainikhil94/turtlebot3_ws/install/dynamixel_sdk_examples/share/dynamixel_sdk_examples/environment/path.sh
[0.332s] -- Up-to-date symlink: /home/gsainikhil94/turtlebot3_ws/install/dynamixel_sdk_examples/share/dynamixel_sdk_examples/environment/path.dsv
[0.332s] -- Up-to-date symlink: /home/gsainikhil94/turtlebot3_ws/install/dynamixel_sdk_examples/share/dynamixel_sdk_examples/local_setup.bash
[0.334s] -- Up-to-date symlink: /home/gsainikhil94/turtlebot3_ws/install/dynamixel_sdk_examples/share/dynamixel_sdk_examples/local_setup.sh
[0.335s] -- Up-to-date symlink: /home/gsainikhil94/turtlebot3_ws/install/dynamixel_sdk_examples/share/dynamixel_sdk_examples/local_setup.zsh
[0.335s] -- Up-to-date symlink: /home/gsainikhil94/turtlebot3_ws/install/dynamixel_sdk_examples/share/dynamixel_sdk_examples/local_setup.dsv
[0.335s] -- Symlinking: /home/gsainikhil94/turtlebot3_ws/install/dynamixel_sdk_examples/share/dynamixel_sdk_examples/package.dsv
[0.341s] -- Up-to-date symlink: /home/gsainikhil94/turtlebot3_ws/install/dynamixel_sdk_examples/share/ament_index/resource_index/packages/dynamixel_sdk_examples
[0.341s] -- Up-to-date symlink: /home/gsainikhil94/turtlebot3_ws/install/dynamixel_sdk_examples/share/dynamixel_sdk_examples/cmake/dynamixel_sdk_examplesConfig.cmake
[0.342s] -- Up-to-date symlink: /home/gsainikhil94/turtlebot3_ws/install/dynamixel_sdk_examples/share/dynamixel_sdk_examples/cmake/dynamixel_sdk_examplesConfig-version.cmake
[0.342s] -- Up-to-date symlink: /home/gsainikhil94/turtlebot3_ws/install/dynamixel_sdk_examples/share/dynamixel_sdk_examples/package.xml
[0.348s] Invoked command in '/home/gsainikhil94/turtlebot3_ws/build/dynamixel_sdk_examples' returned '0': AMENT_PREFIX_PATH=/home/gsainikhil94/turtlebot3_ws/install/dynamixel_sdk_custom_interfaces:/home/gsainikhil94/turtlebot3_ws/install/dynamixel_sdk:${AMENT_PREFIX_PATH} CMAKE_PREFIX_PATH=/home/gsainikhil94/turtlebot3_ws/install/dynamixel_sdk_custom_interfaces:/home/gsainikhil94/turtlebot3_ws/install/dynamixel_sdk:/opt/ros/galactic LD_LIBRARY_PATH=/home/gsainikhil94/turtlebot3_ws/install/dynamixel_sdk_custom_interfaces/lib:/home/gsainikhil94/turtlebot3_ws/install/dynamixel_sdk/lib:${LD_LIBRARY_PATH} PYTHONPATH=/home/gsainikhil94/turtlebot3_ws/install/dynamixel_sdk_custom_interfaces/lib/python3.8/site-packages:${PYTHONPATH} /usr/bin/cmake --install /home/gsainikhil94/turtlebot3_ws/build/dynamixel_sdk_examples
