[0.638s] Invoking command in '/home/gsainikhil94/turtlebot3_ws/build/turtlebot3_example': AMENT_PREFIX_PATH=/home/gsainikhil94/turtlebot3_ws/install/turtlebot3_msgs:${AMENT_PREFIX_PATH} CMAKE_PREFIX_PATH=/home/gsainikhil94/turtlebot3_ws/install/turtlebot3_msgs LD_LIBRARY_PATH=/home/gsainikhil94/turtlebot3_ws/install/turtlebot3_msgs/lib:${LD_LIBRARY_PATH} PYTHONPATH=/home/gsainikhil94/turtlebot3_ws/build/turtlebot3_example/prefix_override:/home/gsainikhil94/turtlebot3_ws/install/turtlebot3_example/lib/python3.8/site-packages:/home/gsainikhil94/turtlebot3_ws/install/turtlebot3_msgs/lib/python3.8/site-packages:${PYTHONPATH} /usr/bin/python3 setup.py develop --editable --build-directory /home/gsainikhil94/turtlebot3_ws/build/turtlebot3_example/build --no-deps install_data
[0.811s] running develop
[0.901s] running egg_info
[0.901s] writing turtlebot3_example.egg-info/PKG-INFO
[0.901s] writing dependency_links to turtlebot3_example.egg-info/dependency_links.txt
[0.901s] writing entry points to turtlebot3_example.egg-info/entry_points.txt
[0.901s] writing requirements to turtlebot3_example.egg-info/requires.txt
[0.901s] writing top-level names to turtlebot3_example.egg-info/top_level.txt
[0.924s] reading manifest file 'turtlebot3_example.egg-info/SOURCES.txt'
[0.924s] writing manifest file 'turtlebot3_example.egg-info/SOURCES.txt'
[0.948s] running build_ext
[0.948s] Creating /home/gsainikhil94/turtlebot3_ws/install/turtlebot3_example/lib/python3.8/site-packages/turtlebot3-example.egg-link (link to .)
[0.949s] Installing turtlebot3_obstacle_detection script to /home/gsainikhil94/turtlebot3_ws/install/turtlebot3_example/lib/turtlebot3_example
[0.949s] Installing turtlebot3_patrol_client script to /home/gsainikhil94/turtlebot3_ws/install/turtlebot3_example/lib/turtlebot3_example
[0.949s] Installing turtlebot3_patrol_server script to /home/gsainikhil94/turtlebot3_ws/install/turtlebot3_example/lib/turtlebot3_example
[0.949s] Installing turtlebot3_position_control script to /home/gsainikhil94/turtlebot3_ws/install/turtlebot3_example/lib/turtlebot3_example
[0.949s] 
[0.949s] Installed /home/gsainikhil94/turtlebot3_ws/build/turtlebot3_example
[0.949s] running install_data
[0.969s] Invoked command in '/home/gsainikhil94/turtlebot3_ws/build/turtlebot3_example' returned '0': AMENT_PREFIX_PATH=/home/gsainikhil94/turtlebot3_ws/install/turtlebot3_msgs:${AMENT_PREFIX_PATH} CMAKE_PREFIX_PATH=/home/gsainikhil94/turtlebot3_ws/install/turtlebot3_msgs LD_LIBRARY_PATH=/home/gsainikhil94/turtlebot3_ws/install/turtlebot3_msgs/lib:${LD_LIBRARY_PATH} PYTHONPATH=/home/gsainikhil94/turtlebot3_ws/build/turtlebot3_example/prefix_override:/home/gsainikhil94/turtlebot3_ws/install/turtlebot3_example/lib/python3.8/site-packages:/home/gsainikhil94/turtlebot3_ws/install/turtlebot3_msgs/lib/python3.8/site-packages:${PYTHONPATH} /usr/bin/python3 setup.py develop --editable --build-directory /home/gsainikhil94/turtlebot3_ws/build/turtlebot3_example/build --no-deps install_data
