[0.042s] Invoking command in '/home/gsainikhil94/turtlebot3_ws/build/turtlebot3_teleop': /usr/bin/cmake /home/gsainikhil94/turtlebot3_ws/src/turtlebot3/turtlebot3/turtlebot3_teleop -DCATKIN_INSTALL_INTO_PREFIX_ROOT=0 -DCATKIN_SYMLINK_INSTALL=ON -DCMAKE_INSTALL_PREFIX=/home/gsainikhil94/turtlebot3_ws/install/turtlebot3_teleop
[0.196s] -- The C compiler identification is GNU 9.4.0
[0.313s] -- The CXX compiler identification is GNU 9.4.0
[0.323s] -- Check for working C compiler: /usr/bin/cc
[0.422s] -- Check for working C compiler: /usr/bin/cc -- works
[0.423s] -- Detecting C compiler ABI info
[0.533s] -- Detecting C compiler ABI info - done
[0.558s] -- Detecting C compile features
[0.559s] -- Detecting C compile features - done
[0.566s] -- Check for working CXX compiler: /usr/bin/c++
[0.683s] -- Check for working CXX compiler: /usr/bin/c++ -- works
[0.685s] -- Detecting CXX compiler ABI info
[0.801s] -- Detecting CXX compiler ABI info - done
[0.823s] -- Detecting CXX compile features
[0.824s] -- Detecting CXX compile features - done
[0.848s] CMake Error at CMakeLists.txt:10 (find_package):
[0.848s]   By not providing "Findcatkin.cmake" in CMAKE_MODULE_PATH this project has
[0.848s]   asked CMake to find a package configuration file provided by "catkin", but
[0.848s]   CMake did not find one.
[0.848s] 
[0.848s]   Could not find a package configuration file provided by "catkin" with any
[0.848s]   of the following names:
[0.848s] 
[0.849s]     catkinConfig.cmake
[0.849s]     catkin-config.cmake
[0.849s] 
[0.849s]   Add the installation prefix of "catkin" to CMAKE_PREFIX_PATH or set
[0.849s]   "catkin_DIR" to a directory containing one of the above files.  If "catkin"
[0.849s]   provides a separate development package or SDK, be sure it has been
[0.849s]   installed.
[0.849s] 
[0.849s] 
[0.852s] -- Configuring incomplete, errors occurred!
[0.852s] See also "/home/gsainikhil94/turtlebot3_ws/build/turtlebot3_teleop/CMakeFiles/CMakeOutput.log".
[0.861s] Invoked command in '/home/gsainikhil94/turtlebot3_ws/build/turtlebot3_teleop' returned '1': /usr/bin/cmake /home/gsainikhil94/turtlebot3_ws/src/turtlebot3/turtlebot3/turtlebot3_teleop -DCATKIN_INSTALL_INTO_PREFIX_ROOT=0 -DCATKIN_SYMLINK_INSTALL=ON -DCMAKE_INSTALL_PREFIX=/home/gsainikhil94/turtlebot3_ws/install/turtlebot3_teleop
