[0.984s] Invoking command in '/home/gsainikhil94/turtlebot3_ws/build/turtlebot3_teleop': PYTHONPATH=/home/gsainikhil94/turtlebot3_ws/build/turtlebot3_teleop/prefix_override:/home/gsainikhil94/turtlebot3_ws/install/turtlebot3_teleop/lib/python3.8/site-packages:${PYTHONPATH} /usr/bin/python3 setup.py develop --editable --build-directory /home/gsainikhil94/turtlebot3_ws/build/turtlebot3_teleop/build --no-deps install_data
[1.352s] running develop
[1.560s] running egg_info
[1.560s] creating turtlebot3_teleop.egg-info
[1.560s] writing turtlebot3_teleop.egg-info/PKG-INFO
[1.560s] writing dependency_links to turtlebot3_teleop.egg-info/dependency_links.txt
[1.560s] writing entry points to turtlebot3_teleop.egg-info/entry_points.txt
[1.560s] writing requirements to turtlebot3_teleop.egg-info/requires.txt
[1.560s] writing top-level names to turtlebot3_teleop.egg-info/top_level.txt
[1.568s] writing manifest file 'turtlebot3_teleop.egg-info/SOURCES.txt'
[1.636s] reading manifest file 'turtlebot3_teleop.egg-info/SOURCES.txt'
[1.637s] writing manifest file 'turtlebot3_teleop.egg-info/SOURCES.txt'
[1.703s] running build_ext
[1.703s] Creating /home/gsainikhil94/turtlebot3_ws/install/turtlebot3_teleop/lib/python3.8/site-packages/site.py
[1.707s] Creating /home/gsainikhil94/turtlebot3_ws/install/turtlebot3_teleop/lib/python3.8/site-packages/turtlebot3-teleop.egg-link (link to .)
[1.709s] Installing teleop_keyboard script to /home/gsainikhil94/turtlebot3_ws/install/turtlebot3_teleop/lib/turtlebot3_teleop
[1.709s] 
[1.709s] Installed /home/gsainikhil94/turtlebot3_ws/build/turtlebot3_teleop
[1.709s] running install_data
[1.710s] creating /home/gsainikhil94/turtlebot3_ws/install/turtlebot3_teleop/share/ament_index
[1.710s] creating /home/gsainikhil94/turtlebot3_ws/install/turtlebot3_teleop/share/ament_index/resource_index
[1.710s] creating /home/gsainikhil94/turtlebot3_ws/install/turtlebot3_teleop/share/ament_index/resource_index/packages
[1.710s] copying resource/turtlebot3_teleop -> /home/gsainikhil94/turtlebot3_ws/install/turtlebot3_teleop/share/ament_index/resource_index/packages
[1.711s] copying package.xml -> /home/gsainikhil94/turtlebot3_ws/install/turtlebot3_teleop/share/turtlebot3_teleop
[1.759s] Invoked command in '/home/gsainikhil94/turtlebot3_ws/build/turtlebot3_teleop' returned '0': PYTHONPATH=/home/gsainikhil94/turtlebot3_ws/build/turtlebot3_teleop/prefix_override:/home/gsainikhil94/turtlebot3_ws/install/turtlebot3_teleop/lib/python3.8/site-packages:${PYTHONPATH} /usr/bin/python3 setup.py develop --editable --build-directory /home/gsainikhil94/turtlebot3_ws/build/turtlebot3_teleop/build --no-deps install_data
