[0.043s] Invoking command in '/home/gsainikhil94/turtlebot3_ws/build/dynamixel_sdk': CMAKE_PREFIX_PATH=/opt/ros/galactic /usr/bin/cmake /home/gsainikhil94/turtlebot3_ws/src/utils/DynamixelSDK/dynamixel_sdk -DAMENT_CMAKE_SYMLINK_INSTALL=1 -DCMAKE_INSTALL_PREFIX=/home/gsainikhil94/turtlebot3_ws/install/dynamixel_sdk
[0.173s] -- The C compiler identification is GNU 9.4.0
[0.302s] -- The CXX compiler identification is GNU 9.4.0
[0.311s] -- Check for working C compiler: /usr/bin/cc
[0.402s] -- Check for working C compiler: /usr/bin/cc -- works
[0.404s] -- Detecting C compiler ABI info
[0.501s] -- Detecting C compiler ABI info - done
[0.525s] -- Detecting C compile features
[0.525s] -- Detecting C compile features - done
[0.527s] -- Check for working CXX compiler: /usr/bin/c++
[0.641s] -- Check for working CXX compiler: /usr/bin/c++ -- works
[0.641s] -- Detecting CXX compiler ABI info
[0.746s] -- Detecting CXX compiler ABI info - done
[0.767s] -- Detecting CXX compile features
[0.768s] -- Detecting CXX compile features - done
[0.776s] -- Found ament_cmake: 1.1.6 (/opt/ros/galactic/share/ament_cmake/cmake)
[0.808s] -- Found PythonInterp: /usr/bin/python3 (found suitable version "3.8.10", minimum required is "3") 
[0.809s] -- Using PYTHON_EXECUTABLE: /usr/bin/python3
[0.898s] -- Override CMake install command with custom implementation using symlinks instead of copying resources
[1.012s] -- Configuring done
[1.018s] -- Generating done
[1.019s] -- Build files have been written to: /home/gsainikhil94/turtlebot3_ws/build/dynamixel_sdk
