[0.194s] Invoking command in '/home/gsainikhil94/turtlebot3_ws/build/ld08_driver': CMAKE_PREFIX_PATH=/opt/ros/galactic /usr/bin/cmake --build /home/gsainikhil94/turtlebot3_ws/build/ld08_driver -- -j8 -l8
[0.240s] [100%] Built target ld08_driver
[0.268s] Invoked command in '/home/gsainikhil94/turtlebot3_ws/build/ld08_driver' returned '0': CMAKE_PREFIX_PATH=/opt/ros/galactic /usr/bin/cmake --build /home/gsainikhil94/turtlebot3_ws/build/ld08_driver -- -j8 -l8
[0.298s] Invoking command in '/home/gsainikhil94/turtlebot3_ws/build/ld08_driver': CMAKE_PREFIX_PATH=/opt/ros/galactic /usr/bin/cmake --install /home/gsainikhil94/turtlebot3_ws/build/ld08_driver
[0.304s] -- Install configuration: ""
[0.304s] -- Execute custom install script
[0.304s] -- Up-to-date symlink: /home/gsainikhil94/turtlebot3_ws/install/ld08_driver/share/ld08_driver/launch/ld08.launch.py
[0.305s] -- Up-to-date symlink: /home/gsainikhil94/turtlebot3_ws/install/ld08_driver/lib/ld08_driver/ld08_driver
[0.305s] -- Up-to-date symlink: /home/gsainikhil94/turtlebot3_ws/install/ld08_driver/share/ament_index/resource_index/package_run_dependencies/ld08_driver
[0.305s] -- Up-to-date symlink: /home/gsainikhil94/turtlebot3_ws/install/ld08_driver/share/ament_index/resource_index/parent_prefix_path/ld08_driver
[0.305s] -- Up-to-date symlink: /home/gsainikhil94/turtlebot3_ws/install/ld08_driver/share/ld08_driver/environment/ament_prefix_path.sh
[0.306s] -- Up-to-date symlink: /home/gsainikhil94/turtlebot3_ws/install/ld08_driver/share/ld08_driver/environment/ament_prefix_path.dsv
[0.306s] -- Up-to-date symlink: /home/gsainikhil94/turtlebot3_ws/install/ld08_driver/share/ld08_driver/environment/path.sh
[0.311s] -- Up-to-date symlink: /home/gsainikhil94/turtlebot3_ws/install/ld08_driver/share/ld08_driver/environment/path.dsv
[0.312s] -- Up-to-date symlink: /home/gsainikhil94/turtlebot3_ws/install/ld08_driver/share/ld08_driver/local_setup.bash
[0.312s] -- Up-to-date symlink: /home/gsainikhil94/turtlebot3_ws/install/ld08_driver/share/ld08_driver/local_setup.sh
[0.312s] -- Up-to-date symlink: /home/gsainikhil94/turtlebot3_ws/install/ld08_driver/share/ld08_driver/local_setup.zsh
[0.312s] -- Up-to-date symlink: /home/gsainikhil94/turtlebot3_ws/install/ld08_driver/share/ld08_driver/local_setup.dsv
[0.312s] -- Symlinking: /home/gsainikhil94/turtlebot3_ws/install/ld08_driver/share/ld08_driver/package.dsv
[0.315s] -- Up-to-date symlink: /home/gsainikhil94/turtlebot3_ws/install/ld08_driver/share/ament_index/resource_index/packages/ld08_driver
[0.315s] -- Up-to-date symlink: /home/gsainikhil94/turtlebot3_ws/install/ld08_driver/share/ld08_driver/cmake/ament_cmake_export_dependencies-extras.cmake
[0.315s] -- Up-to-date symlink: /home/gsainikhil94/turtlebot3_ws/install/ld08_driver/share/ld08_driver/cmake/ament_cmake_export_include_directories-extras.cmake
[0.315s] -- Up-to-date symlink: /home/gsainikhil94/turtlebot3_ws/install/ld08_driver/share/ld08_driver/cmake/ld08_driverConfig.cmake
[0.315s] -- Up-to-date symlink: /home/gsainikhil94/turtlebot3_ws/install/ld08_driver/share/ld08_driver/cmake/ld08_driverConfig-version.cmake
[0.315s] -- Up-to-date symlink: /home/gsainikhil94/turtlebot3_ws/install/ld08_driver/share/ld08_driver/package.xml
[0.339s] Invoked command in '/home/gsainikhil94/turtlebot3_ws/build/ld08_driver' returned '0': CMAKE_PREFIX_PATH=/opt/ros/galactic /usr/bin/cmake --install /home/gsainikhil94/turtlebot3_ws/build/ld08_driver
