[0.685s] Invoking command in '/home/gsainikhil94/turtlebot3_ws/build/turtlebot3_example': CMAKE_PREFIX_PATH=/home/gsainikhil94/turtlebot3_ws/install/turtlebot3_msgs:/home/gsainikhil94/turtlebot3_ws/install/turtlebot3:/home/gsainikhil94/turtlebot3_ws/install/turtlebot3_simulations:/home/gsainikhil94/turtlebot3_ws/install/turtlebot3_bringup:/home/gsainikhil94/turtlebot3_ws/install/turtlebot3_node:/home/gsainikhil94/turtlebot3_ws/install/turtlebot3_navigation2:/home/gsainikhil94/turtlebot3_ws/install/turtlebot3_fake_node:/home/gsainikhil94/turtlebot3_ws/install/turtlebot3_gazebo:/home/gsainikhil94/turtlebot3_ws/install/turtlebot3_description:/home/gsainikhil94/turtlebot3_ws/install/turtlebot3_cartographer:/home/gsainikhil94/turtlebot3_ws/install/ld08_driver:/home/gsainikhil94/turtlebot3_ws/install/hls_lfcd_lds_driver:/home/gsainikhil94/turtlebot3_ws/install/dynamixel_sdk_examples:/home/gsainikhil94/turtlebot3_ws/install/dynamixel_sdk_custom_interfaces:/home/gsainikhil94/turtlebot3_ws/install/dynamixel_sdk PYTHONPATH=/home/gsainikhil94/turtlebot3_ws/build/turtlebot3_example/prefix_override:/home/gsainikhil94/turtlebot3_ws/install/turtlebot3_example/lib/python3.8/site-packages:/home/gsainikhil94/turtlebot3_ws/install/turtlebot3_msgs/lib/python3.8/site-packages:/home/gsainikhil94/turtlebot3_ws/build/turtlebot3_teleop:/home/gsainikhil94/turtlebot3_ws/install/turtlebot3_teleop/lib/python3.8/site-packages:/home/gsainikhil94/turtlebot3_ws/build/turtlebot3_example:/home/gsainikhil94/turtlebot3_ws/install/turtlebot3_example/lib/python3.8/site-packages:/home/gsainikhil94/turtlebot3_ws/install/dynamixel_sdk_custom_interfaces/lib/python3.8/site-packages:/opt/ros/galactic/lib/python3.8/site-packages /usr/bin/python3 setup.py develop --editable --build-directory /home/gsainikhil94/turtlebot3_ws/build/turtlebot3_example/build --no-deps install_data
[0.852s] running develop
[0.952s] running egg_info
[0.952s] writing turtlebot3_example.egg-info/PKG-INFO
[0.952s] writing dependency_links to turtlebot3_example.egg-info/dependency_links.txt
[0.952s] writing entry points to turtlebot3_example.egg-info/entry_points.txt
[0.952s] writing requirements to turtlebot3_example.egg-info/requires.txt
[0.952s] writing top-level names to turtlebot3_example.egg-info/top_level.txt
[0.977s] reading manifest file 'turtlebot3_example.egg-info/SOURCES.txt'
[0.977s] writing manifest file 'turtlebot3_example.egg-info/SOURCES.txt'
[0.999s] running build_ext
[0.999s] Creating /home/gsainikhil94/turtlebot3_ws/install/turtlebot3_example/lib/python3.8/site-packages/turtlebot3-example.egg-link (link to .)
[1.000s] Installing turtlebot3_obstacle_detection script to /home/gsainikhil94/turtlebot3_ws/install/turtlebot3_example/lib/turtlebot3_example
[1.000s] Installing turtlebot3_patrol_client script to /home/gsainikhil94/turtlebot3_ws/install/turtlebot3_example/lib/turtlebot3_example
[1.000s] Installing turtlebot3_patrol_server script to /home/gsainikhil94/turtlebot3_ws/install/turtlebot3_example/lib/turtlebot3_example
[1.000s] Installing turtlebot3_position_control script to /home/gsainikhil94/turtlebot3_ws/install/turtlebot3_example/lib/turtlebot3_example
[1.000s] 
[1.000s] Installed /home/gsainikhil94/turtlebot3_ws/build/turtlebot3_example
[1.000s] running install_data
[1.019s] Invoked command in '/home/gsainikhil94/turtlebot3_ws/build/turtlebot3_example' returned '0': CMAKE_PREFIX_PATH=/home/gsainikhil94/turtlebot3_ws/install/turtlebot3_msgs:/home/gsainikhil94/turtlebot3_ws/install/turtlebot3:/home/gsainikhil94/turtlebot3_ws/install/turtlebot3_simulations:/home/gsainikhil94/turtlebot3_ws/install/turtlebot3_bringup:/home/gsainikhil94/turtlebot3_ws/install/turtlebot3_node:/home/gsainikhil94/turtlebot3_ws/install/turtlebot3_navigation2:/home/gsainikhil94/turtlebot3_ws/install/turtlebot3_fake_node:/home/gsainikhil94/turtlebot3_ws/install/turtlebot3_gazebo:/home/gsainikhil94/turtlebot3_ws/install/turtlebot3_description:/home/gsainikhil94/turtlebot3_ws/install/turtlebot3_cartographer:/home/gsainikhil94/turtlebot3_ws/install/ld08_driver:/home/gsainikhil94/turtlebot3_ws/install/hls_lfcd_lds_driver:/home/gsainikhil94/turtlebot3_ws/install/dynamixel_sdk_examples:/home/gsainikhil94/turtlebot3_ws/install/dynamixel_sdk_custom_interfaces:/home/gsainikhil94/turtlebot3_ws/install/dynamixel_sdk PYTHONPATH=/home/gsainikhil94/turtlebot3_ws/build/turtlebot3_example/prefix_override:/home/gsainikhil94/turtlebot3_ws/install/turtlebot3_example/lib/python3.8/site-packages:/home/gsainikhil94/turtlebot3_ws/install/turtlebot3_msgs/lib/python3.8/site-packages:/home/gsainikhil94/turtlebot3_ws/build/turtlebot3_teleop:/home/gsainikhil94/turtlebot3_ws/install/turtlebot3_teleop/lib/python3.8/site-packages:/home/gsainikhil94/turtlebot3_ws/build/turtlebot3_example:/home/gsainikhil94/turtlebot3_ws/install/turtlebot3_example/lib/python3.8/site-packages:/home/gsainikhil94/turtlebot3_ws/install/dynamixel_sdk_custom_interfaces/lib/python3.8/site-packages:/opt/ros/galactic/lib/python3.8/site-packages /usr/bin/python3 setup.py develop --editable --build-directory /home/gsainikhil94/turtlebot3_ws/build/turtlebot3_example/build --no-deps install_data
