[0.049s] Invoking command in '/home/gsainikhil94/turtlebot3_ws/build/hls_lfcd_lds_driver': CMAKE_PREFIX_PATH=/opt/ros/galactic /usr/bin/cmake /home/gsainikhil94/turtlebot3_ws/src/utils/hls_lfcd_lds_driver -DAMENT_CMAKE_SYMLINK_INSTALL=1 -DCMAKE_INSTALL_PREFIX=/home/gsainikhil94/turtlebot3_ws/install/hls_lfcd_lds_driver
[0.198s] -- The C compiler identification is GNU 9.4.0
[0.314s] -- The CXX compiler identification is GNU 9.4.0
[0.327s] -- Check for working C compiler: /usr/bin/cc
[0.445s] -- Check for working C compiler: /usr/bin/cc -- works
[0.445s] -- Detecting C compiler ABI info
[0.537s] -- Detecting C compiler ABI info - done
[0.561s] -- Detecting C compile features
[0.562s] -- Detecting C compile features - done
[0.565s] -- Check for working CXX compiler: /usr/bin/c++
[0.680s] -- Check for working CXX compiler: /usr/bin/c++ -- works
[0.682s] -- Detecting CXX compiler ABI info
[0.793s] -- Detecting CXX compiler ABI info - done
[0.811s] -- Detecting CXX compile features
[0.812s] -- Detecting CXX compile features - done
[0.815s] -- Found ament_cmake: 1.1.6 (/opt/ros/galactic/share/ament_cmake/cmake)
[0.848s] -- Found PythonInterp: /usr/bin/python3 (found suitable version "3.8.10", minimum required is "3") 
[0.848s] -- Using PYTHON_EXECUTABLE: /usr/bin/python3
[0.922s] -- Override CMake install command with custom implementation using symlinks instead of copying resources
[0.957s] -- Found rclcpp: 9.2.2 (/opt/ros/galactic/share/rclcpp/cmake)
[1.038s] -- Using all available rosidl_typesupport_c: rosidl_typesupport_fastrtps_c;rosidl_typesupport_introspection_c
[1.046s] -- Found rosidl_adapter: 2.2.3 (/opt/ros/galactic/share/rosidl_adapter/cmake)
[1.135s] -- Found OpenSSL: /usr/lib/x86_64-linux-gnu/libcrypto.so (found version "1.1.1f")  
[1.180s] -- Found FastRTPS: /opt/ros/galactic/include  
[1.269s] -- Using all available rosidl_typesupport_cpp: rosidl_typesupport_fastrtps_cpp;rosidl_typesupport_introspection_cpp
[1.339s] -- Found rmw_implementation_cmake: 3.3.1 (/opt/ros/galactic/share/rmw_implementation_cmake/cmake)
[1.343s] -- Found rmw_cyclonedds_cpp: 0.22.6 (/opt/ros/galactic/share/rmw_cyclonedds_cpp/cmake)
[1.376s] -- Using RMW implementation 'rmw_cyclonedds_cpp' as default
[1.377s] -- Looking for pthread.h
[1.442s] -- Looking for pthread.h - found
[1.442s] -- Performing Test CMAKE_HAVE_LIBC_PTHREAD
[1.509s] -- Performing Test CMAKE_HAVE_LIBC_PTHREAD - Failed
[1.510s] -- Looking for pthread_create in pthreads
[1.564s] -- Looking for pthread_create in pthreads - not found
[1.564s] -- Looking for pthread_create in pthread
[1.647s] -- Looking for pthread_create in pthread - found
[1.648s] -- Found Threads: TRUE  
[1.881s] -- Found sensor_msgs: 2.2.4 (/opt/ros/galactic/share/sensor_msgs/cmake)
[2.059s] -- Found Boost: /usr/lib/x86_64-linux-gnu/cmake/Boost-1.71.0/BoostConfig.cmake (found version "1.71.0") found components: system 
[2.131s] -- Configuring done
[2.141s] -- Generating done
[2.142s] -- Build files have been written to: /home/gsainikhil94/turtlebot3_ws/build/hls_lfcd_lds_driver
