[0.050s] Invoking command in '/home/gsainikhil94/turtlebot3_ws/build/turtlebot3_teleop': /usr/bin/cmake /home/gsainikhil94/turtlebot3_ws/src/turtlebot3/turtlebot3/turtlebot3_teleop -DCATKIN_INSTALL_INTO_PREFIX_ROOT=0 -DCATKIN_SYMLINK_INSTALL=ON -DCMAKE_INSTALL_PREFIX=/home/gsainikhil94/turtlebot3_ws/install/turtlebot3_teleop
[0.135s] -- The C compiler identification is GNU 9.4.0
[0.226s] -- The CXX compiler identification is GNU 9.4.0
[0.234s] -- Check for working C compiler: /usr/bin/cc
[0.327s] -- Check for working C compiler: /usr/bin/cc -- works
[0.328s] -- Detecting C compiler ABI info
[0.422s] -- Detecting C compiler ABI info - done
[0.446s] -- Detecting C compile features
[0.447s] -- Detecting C compile features - done
[0.453s] -- Check for working CXX compiler: /usr/bin/c++
[0.561s] -- Check for working CXX compiler: /usr/bin/c++ -- works
[0.563s] -- Detecting CXX compiler ABI info
[0.676s] -- Detecting CXX compiler ABI info - done
[0.705s] -- Detecting CXX compile features
[0.708s] -- Detecting CXX compile features - done
[0.726s] CMake Error at CMakeLists.txt:10 (find_package):
[0.726s]   By not providing "Findcatkin.cmake" in CMAKE_MODULE_PATH this project has
[0.726s]   asked CMake to find a package configuration file provided by "catkin", but
[0.726s]   CMake did not find one.
[0.727s] 
[0.727s]   Could not find a package configuration file provided by "catkin" with any
[0.727s]   of the following names:
[0.727s] 
[0.727s]     catkinConfig.cmake
[0.727s]     catkin-config.cmake
[0.727s] 
[0.728s]   Add the installation prefix of "catkin" to CMAKE_PREFIX_PATH or set
[0.728s]   "catkin_DIR" to a directory containing one of the above files.  If "catkin"
[0.728s]   provides a separate development package or SDK, be sure it has been
[0.728s]   installed.
[0.728s] 
[0.728s] 
[0.728s] -- Configuring incomplete, errors occurred!
[0.732s] See also "/home/gsainikhil94/turtlebot3_ws/build/turtlebot3_teleop/CMakeFiles/CMakeOutput.log".
