[0.016s] Invoking command in '/home/gsainikhil94/turtlebot3_ws/build/turtlebot3_bringup': AMENT_PREFIX_PATH=/home/gsainikhil94/turtlebot3_ws/install/turtlebot3_node:/home/gsainikhil94/turtlebot3_ws/install/turtlebot3_msgs:/home/gsainikhil94/turtlebot3_ws/install/turtlebot3_description:/home/gsainikhil94/turtlebot3_ws/install/hls_lfcd_lds_driver:/home/gsainikhil94/turtlebot3_ws/install/dynamixel_sdk:${AMENT_PREFIX_PATH} CMAKE_PREFIX_PATH=/home/gsainikhil94/turtlebot3_ws/install/turtlebot3_node:/home/gsainikhil94/turtlebot3_ws/install/turtlebot3_msgs:/opt/ros/galactic:/home/gsainikhil94/turtlebot3_ws/install/turtlebot3_description:/home/gsainikhil94/turtlebot3_ws/install/hls_lfcd_lds_driver:/home/gsainikhil94/turtlebot3_ws/install/dynamixel_sdk LD_LIBRARY_PATH=/home/gsainikhil94/turtlebot3_ws/install/turtlebot3_msgs/lib:/home/gsainikhil94/turtlebot3_ws/install/dynamixel_sdk/lib:${LD_LIBRARY_PATH} PYTHONPATH=/home/gsainikhil94/turtlebot3_ws/install/turtlebot3_msgs/lib/python3.8/site-packages:${PYTHONPATH} /usr/bin/cmake /home/gsainikhil94/turtlebot3_ws/src/turtlebot3/turtlebot3/turtlebot3_bringup -DAMENT_CMAKE_SYMLINK_INSTALL=1 -DCMAKE_INSTALL_PREFIX=/home/gsainikhil94/turtlebot3_ws/install/turtlebot3_bringup
[0.063s] -- The C compiler identification is GNU 9.4.0
[0.114s] -- The CXX compiler identification is GNU 9.4.0
[0.117s] -- Check for working C compiler: /usr/bin/cc
[0.176s] -- Check for working C compiler: /usr/bin/cc -- works
[0.177s] -- Detecting C compiler ABI info
[0.234s] -- Detecting C compiler ABI info - done
[0.243s] -- Detecting C compile features
[0.243s] -- Detecting C compile features - done
[0.245s] -- Check for working CXX compiler: /usr/bin/c++
[0.315s] -- Check for working CXX compiler: /usr/bin/c++ -- works
[0.316s] -- Detecting CXX compiler ABI info
[0.380s] -- Detecting CXX compiler ABI info - done
[0.389s] -- Detecting CXX compile features
[0.390s] -- Detecting CXX compile features - done
[0.391s] -- Found ament_cmake: 1.1.6 (/opt/ros/galactic/share/ament_cmake/cmake)
[0.409s] -- Found PythonInterp: /usr/bin/python3 (found suitable version "3.8.10", minimum required is "3") 
[0.409s] -- Using PYTHON_EXECUTABLE: /usr/bin/python3
[0.447s] -- Override CMake install command with custom implementation using symlinks instead of copying resources
[0.513s] -- Configuring done
[0.514s] -- Generating done
[0.515s] -- Build files have been written to: /home/gsainikhil94/turtlebot3_ws/build/turtlebot3_bringup
[0.518s] Invoked command in '/home/gsainikhil94/turtlebot3_ws/build/turtlebot3_bringup' returned '0': AMENT_PREFIX_PATH=/home/gsainikhil94/turtlebot3_ws/install/turtlebot3_node:/home/gsainikhil94/turtlebot3_ws/install/turtlebot3_msgs:/home/gsainikhil94/turtlebot3_ws/install/turtlebot3_description:/home/gsainikhil94/turtlebot3_ws/install/hls_lfcd_lds_driver:/home/gsainikhil94/turtlebot3_ws/install/dynamixel_sdk:${AMENT_PREFIX_PATH} CMAKE_PREFIX_PATH=/home/gsainikhil94/turtlebot3_ws/install/turtlebot3_node:/home/gsainikhil94/turtlebot3_ws/install/turtlebot3_msgs:/opt/ros/galactic:/home/gsainikhil94/turtlebot3_ws/install/turtlebot3_description:/home/gsainikhil94/turtlebot3_ws/install/hls_lfcd_lds_driver:/home/gsainikhil94/turtlebot3_ws/install/dynamixel_sdk LD_LIBRARY_PATH=/home/gsainikhil94/turtlebot3_ws/install/turtlebot3_msgs/lib:/home/gsainikhil94/turtlebot3_ws/install/dynamixel_sdk/lib:${LD_LIBRARY_PATH} PYTHONPATH=/home/gsainikhil94/turtlebot3_ws/install/turtlebot3_msgs/lib/python3.8/site-packages:${PYTHONPATH} /usr/bin/cmake /home/gsainikhil94/turtlebot3_ws/src/turtlebot3/turtlebot3/turtlebot3_bringup -DAMENT_CMAKE_SYMLINK_INSTALL=1 -DCMAKE_INSTALL_PREFIX=/home/gsainikhil94/turtlebot3_ws/install/turtlebot3_bringup
[0.518s] Invoking command in '/home/gsainikhil94/turtlebot3_ws/build/turtlebot3_bringup': AMENT_PREFIX_PATH=/home/gsainikhil94/turtlebot3_ws/install/turtlebot3_node:/home/gsainikhil94/turtlebot3_ws/install/turtlebot3_msgs:/home/gsainikhil94/turtlebot3_ws/install/turtlebot3_description:/home/gsainikhil94/turtlebot3_ws/install/hls_lfcd_lds_driver:/home/gsainikhil94/turtlebot3_ws/install/dynamixel_sdk:${AMENT_PREFIX_PATH} CMAKE_PREFIX_PATH=/home/gsainikhil94/turtlebot3_ws/install/turtlebot3_node:/home/gsainikhil94/turtlebot3_ws/install/turtlebot3_msgs:/opt/ros/galactic:/home/gsainikhil94/turtlebot3_ws/install/turtlebot3_description:/home/gsainikhil94/turtlebot3_ws/install/hls_lfcd_lds_driver:/home/gsainikhil94/turtlebot3_ws/install/dynamixel_sdk LD_LIBRARY_PATH=/home/gsainikhil94/turtlebot3_ws/install/turtlebot3_msgs/lib:/home/gsainikhil94/turtlebot3_ws/install/dynamixel_sdk/lib:${LD_LIBRARY_PATH} PYTHONPATH=/home/gsainikhil94/turtlebot3_ws/install/turtlebot3_msgs/lib/python3.8/site-packages:${PYTHONPATH} /usr/bin/cmake --build /home/gsainikhil94/turtlebot3_ws/build/turtlebot3_bringup -- -j8 -l8
[0.553s] Invoked command in '/home/gsainikhil94/turtlebot3_ws/build/turtlebot3_bringup' returned '0': AMENT_PREFIX_PATH=/home/gsainikhil94/turtlebot3_ws/install/turtlebot3_node:/home/gsainikhil94/turtlebot3_ws/install/turtlebot3_msgs:/home/gsainikhil94/turtlebot3_ws/install/turtlebot3_description:/home/gsainikhil94/turtlebot3_ws/install/hls_lfcd_lds_driver:/home/gsainikhil94/turtlebot3_ws/install/dynamixel_sdk:${AMENT_PREFIX_PATH} CMAKE_PREFIX_PATH=/home/gsainikhil94/turtlebot3_ws/install/turtlebot3_node:/home/gsainikhil94/turtlebot3_ws/install/turtlebot3_msgs:/opt/ros/galactic:/home/gsainikhil94/turtlebot3_ws/install/turtlebot3_description:/home/gsainikhil94/turtlebot3_ws/install/hls_lfcd_lds_driver:/home/gsainikhil94/turtlebot3_ws/install/dynamixel_sdk LD_LIBRARY_PATH=/home/gsainikhil94/turtlebot3_ws/install/turtlebot3_msgs/lib:/home/gsainikhil94/turtlebot3_ws/install/dynamixel_sdk/lib:${LD_LIBRARY_PATH} PYTHONPATH=/home/gsainikhil94/turtlebot3_ws/install/turtlebot3_msgs/lib/python3.8/site-packages:${PYTHONPATH} /usr/bin/cmake --build /home/gsainikhil94/turtlebot3_ws/build/turtlebot3_bringup -- -j8 -l8
[0.573s] Invoking command in '/home/gsainikhil94/turtlebot3_ws/build/turtlebot3_bringup': AMENT_PREFIX_PATH=/home/gsainikhil94/turtlebot3_ws/install/turtlebot3_node:/home/gsainikhil94/turtlebot3_ws/install/turtlebot3_msgs:/home/gsainikhil94/turtlebot3_ws/install/turtlebot3_description:/home/gsainikhil94/turtlebot3_ws/install/hls_lfcd_lds_driver:/home/gsainikhil94/turtlebot3_ws/install/dynamixel_sdk:${AMENT_PREFIX_PATH} CMAKE_PREFIX_PATH=/home/gsainikhil94/turtlebot3_ws/install/turtlebot3_node:/home/gsainikhil94/turtlebot3_ws/install/turtlebot3_msgs:/opt/ros/galactic:/home/gsainikhil94/turtlebot3_ws/install/turtlebot3_description:/home/gsainikhil94/turtlebot3_ws/install/hls_lfcd_lds_driver:/home/gsainikhil94/turtlebot3_ws/install/dynamixel_sdk LD_LIBRARY_PATH=/home/gsainikhil94/turtlebot3_ws/install/turtlebot3_msgs/lib:/home/gsainikhil94/turtlebot3_ws/install/dynamixel_sdk/lib:${LD_LIBRARY_PATH} PYTHONPATH=/home/gsainikhil94/turtlebot3_ws/install/turtlebot3_msgs/lib/python3.8/site-packages:${PYTHONPATH} /usr/bin/cmake --install /home/gsainikhil94/turtlebot3_ws/build/turtlebot3_bringup
[0.582s] -- Install configuration: ""
[0.582s] -- Execute custom install script
[0.582s] -- Symlinking: /home/gsainikhil94/turtlebot3_ws/install/turtlebot3_bringup/share/turtlebot3_bringup/launch/robot.launch.py
[0.591s] -- Symlinking: /home/gsainikhil94/turtlebot3_ws/install/turtlebot3_bringup/share/turtlebot3_bringup/launch/rviz2.launch.py
[0.597s] -- Symlinking: /home/gsainikhil94/turtlebot3_ws/install/turtlebot3_bringup/share/turtlebot3_bringup/launch/turtlebot3_state_publisher.launch.py
[0.604s] -- Symlinking: /home/gsainikhil94/turtlebot3_ws/install/turtlebot3_bringup/share/turtlebot3_bringup/param/burger.yaml
[0.611s] -- Symlinking: /home/gsainikhil94/turtlebot3_ws/install/turtlebot3_bringup/share/turtlebot3_bringup/param/waffle.yaml
[0.618s] -- Symlinking: /home/gsainikhil94/turtlebot3_ws/install/turtlebot3_bringup/share/turtlebot3_bringup/param/waffle_pi.yaml
[0.625s] -- Symlinking: /home/gsainikhil94/turtlebot3_ws/install/turtlebot3_bringup/share/turtlebot3_bringup/script/99-turtlebot3-cdc.rules
[0.632s] -- Symlinking: /home/gsainikhil94/turtlebot3_ws/install/turtlebot3_bringup/share/turtlebot3_bringup/script/create_udev_rules
[0.639s] -- Symlinking: /home/gsainikhil94/turtlebot3_ws/install/turtlebot3_bringup/share/ament_index/resource_index/package_run_dependencies/turtlebot3_bringup
[0.647s] -- Symlinking: /home/gsainikhil94/turtlebot3_ws/install/turtlebot3_bringup/share/ament_index/resource_index/parent_prefix_path/turtlebot3_bringup
[0.654s] -- Symlinking: /home/gsainikhil94/turtlebot3_ws/install/turtlebot3_bringup/share/turtlebot3_bringup/environment/ament_prefix_path.sh
[0.661s] -- Symlinking: /home/gsainikhil94/turtlebot3_ws/install/turtlebot3_bringup/share/turtlebot3_bringup/environment/ament_prefix_path.dsv
[0.669s] -- Symlinking: /home/gsainikhil94/turtlebot3_ws/install/turtlebot3_bringup/share/turtlebot3_bringup/environment/path.sh
[0.676s] -- Symlinking: /home/gsainikhil94/turtlebot3_ws/install/turtlebot3_bringup/share/turtlebot3_bringup/environment/path.dsv
[0.685s] -- Symlinking: /home/gsainikhil94/turtlebot3_ws/install/turtlebot3_bringup/share/turtlebot3_bringup/local_setup.bash
[0.691s] -- Symlinking: /home/gsainikhil94/turtlebot3_ws/install/turtlebot3_bringup/share/turtlebot3_bringup/local_setup.sh
[0.699s] -- Symlinking: /home/gsainikhil94/turtlebot3_ws/install/turtlebot3_bringup/share/turtlebot3_bringup/local_setup.zsh
[0.706s] -- Symlinking: /home/gsainikhil94/turtlebot3_ws/install/turtlebot3_bringup/share/turtlebot3_bringup/local_setup.dsv
[0.713s] -- Symlinking: /home/gsainikhil94/turtlebot3_ws/install/turtlebot3_bringup/share/turtlebot3_bringup/package.dsv
[0.720s] -- Symlinking: /home/gsainikhil94/turtlebot3_ws/install/turtlebot3_bringup/share/ament_index/resource_index/packages/turtlebot3_bringup
[0.727s] -- Symlinking: /home/gsainikhil94/turtlebot3_ws/install/turtlebot3_bringup/share/turtlebot3_bringup/cmake/turtlebot3_bringupConfig.cmake
[0.734s] -- Symlinking: /home/gsainikhil94/turtlebot3_ws/install/turtlebot3_bringup/share/turtlebot3_bringup/cmake/turtlebot3_bringupConfig-version.cmake
[0.741s] -- Symlinking: /home/gsainikhil94/turtlebot3_ws/install/turtlebot3_bringup/share/turtlebot3_bringup/package.xml
[0.751s] Invoked command in '/home/gsainikhil94/turtlebot3_ws/build/turtlebot3_bringup' returned '0': AMENT_PREFIX_PATH=/home/gsainikhil94/turtlebot3_ws/install/turtlebot3_node:/home/gsainikhil94/turtlebot3_ws/install/turtlebot3_msgs:/home/gsainikhil94/turtlebot3_ws/install/turtlebot3_description:/home/gsainikhil94/turtlebot3_ws/install/hls_lfcd_lds_driver:/home/gsainikhil94/turtlebot3_ws/install/dynamixel_sdk:${AMENT_PREFIX_PATH} CMAKE_PREFIX_PATH=/home/gsainikhil94/turtlebot3_ws/install/turtlebot3_node:/home/gsainikhil94/turtlebot3_ws/install/turtlebot3_msgs:/opt/ros/galactic:/home/gsainikhil94/turtlebot3_ws/install/turtlebot3_description:/home/gsainikhil94/turtlebot3_ws/install/hls_lfcd_lds_driver:/home/gsainikhil94/turtlebot3_ws/install/dynamixel_sdk LD_LIBRARY_PATH=/home/gsainikhil94/turtlebot3_ws/install/turtlebot3_msgs/lib:/home/gsainikhil94/turtlebot3_ws/install/dynamixel_sdk/lib:${LD_LIBRARY_PATH} PYTHONPATH=/home/gsainikhil94/turtlebot3_ws/install/turtlebot3_msgs/lib/python3.8/site-packages:${PYTHONPATH} /usr/bin/cmake --install /home/gsainikhil94/turtlebot3_ws/build/turtlebot3_bringup
