[0.281s] Invoking command in '/home/gsainikhil94/turtlebot3_ws/build/ld08_driver': CMAKE_PREFIX_PATH=/home/gsainikhil94/turtlebot3_ws/install/turtlebot3:/home/gsainikhil94/turtlebot3_ws/install/turtlebot3_simulations:/home/gsainikhil94/turtlebot3_ws/install/turtlebot3_bringup:/home/gsainikhil94/turtlebot3_ws/install/turtlebot3_node:/home/gsainikhil94/turtlebot3_ws/install/turtlebot3_navigation2:/home/gsainikhil94/turtlebot3_ws/install/turtlebot3_fake_node:/home/gsainikhil94/turtlebot3_ws/install/turtlebot3_msgs:/home/gsainikhil94/turtlebot3_ws/install/turtlebot3_gazebo:/home/gsainikhil94/turtlebot3_ws/install/turtlebot3_teleop:/home/gsainikhil94/turtlebot3_ws/install/turtlebot3_example:/opt/ros/galactic:/home/gsainikhil94/turtlebot3_ws/install/turtlebot3_description:/home/gsainikhil94/turtlebot3_ws/install/turtlebot3_cartographer:/home/gsainikhil94/turtlebot3_ws/install/ld08_driver:/home/gsainikhil94/turtlebot3_ws/install/hls_lfcd_lds_driver:/home/gsainikhil94/turtlebot3_ws/install/dynamixel_sdk_examples:/home/gsainikhil94/turtlebot3_ws/install/dynamixel_sdk_custom_interfaces:/home/gsainikhil94/turtlebot3_ws/install/dynamixel_sdk /usr/bin/cmake --build /home/gsainikhil94/turtlebot3_ws/build/ld08_driver -- -j8 -l8
[0.347s] [100%] Built target ld08_driver
[0.359s] Invoked command in '/home/gsainikhil94/turtlebot3_ws/build/ld08_driver' returned '0': CMAKE_PREFIX_PATH=/home/gsainikhil94/turtlebot3_ws/install/turtlebot3:/home/gsainikhil94/turtlebot3_ws/install/turtlebot3_simulations:/home/gsainikhil94/turtlebot3_ws/install/turtlebot3_bringup:/home/gsainikhil94/turtlebot3_ws/install/turtlebot3_node:/home/gsainikhil94/turtlebot3_ws/install/turtlebot3_navigation2:/home/gsainikhil94/turtlebot3_ws/install/turtlebot3_fake_node:/home/gsainikhil94/turtlebot3_ws/install/turtlebot3_msgs:/home/gsainikhil94/turtlebot3_ws/install/turtlebot3_gazebo:/home/gsainikhil94/turtlebot3_ws/install/turtlebot3_teleop:/home/gsainikhil94/turtlebot3_ws/install/turtlebot3_example:/opt/ros/galactic:/home/gsainikhil94/turtlebot3_ws/install/turtlebot3_description:/home/gsainikhil94/turtlebot3_ws/install/turtlebot3_cartographer:/home/gsainikhil94/turtlebot3_ws/install/ld08_driver:/home/gsainikhil94/turtlebot3_ws/install/hls_lfcd_lds_driver:/home/gsainikhil94/turtlebot3_ws/install/dynamixel_sdk_examples:/home/gsainikhil94/turtlebot3_ws/install/dynamixel_sdk_custom_interfaces:/home/gsainikhil94/turtlebot3_ws/install/dynamixel_sdk /usr/bin/cmake --build /home/gsainikhil94/turtlebot3_ws/build/ld08_driver -- -j8 -l8
[0.393s] Invoking command in '/home/gsainikhil94/turtlebot3_ws/build/ld08_driver': CMAKE_PREFIX_PATH=/home/gsainikhil94/turtlebot3_ws/install/turtlebot3:/home/gsainikhil94/turtlebot3_ws/install/turtlebot3_simulations:/home/gsainikhil94/turtlebot3_ws/install/turtlebot3_bringup:/home/gsainikhil94/turtlebot3_ws/install/turtlebot3_node:/home/gsainikhil94/turtlebot3_ws/install/turtlebot3_navigation2:/home/gsainikhil94/turtlebot3_ws/install/turtlebot3_fake_node:/home/gsainikhil94/turtlebot3_ws/install/turtlebot3_msgs:/home/gsainikhil94/turtlebot3_ws/install/turtlebot3_gazebo:/home/gsainikhil94/turtlebot3_ws/install/turtlebot3_teleop:/home/gsainikhil94/turtlebot3_ws/install/turtlebot3_example:/opt/ros/galactic:/home/gsainikhil94/turtlebot3_ws/install/turtlebot3_description:/home/gsainikhil94/turtlebot3_ws/install/turtlebot3_cartographer:/home/gsainikhil94/turtlebot3_ws/install/ld08_driver:/home/gsainikhil94/turtlebot3_ws/install/hls_lfcd_lds_driver:/home/gsainikhil94/turtlebot3_ws/install/dynamixel_sdk_examples:/home/gsainikhil94/turtlebot3_ws/install/dynamixel_sdk_custom_interfaces:/home/gsainikhil94/turtlebot3_ws/install/dynamixel_sdk /usr/bin/cmake --install /home/gsainikhil94/turtlebot3_ws/build/ld08_driver
[0.402s] -- Install configuration: ""
[0.407s] -- Execute custom install script
[0.408s] -- Up-to-date symlink: /home/gsainikhil94/turtlebot3_ws/install/ld08_driver/share/ld08_driver/launch/ld08.launch.py
[0.408s] -- Up-to-date symlink: /home/gsainikhil94/turtlebot3_ws/install/ld08_driver/lib/ld08_driver/ld08_driver
[0.408s] -- Up-to-date symlink: /home/gsainikhil94/turtlebot3_ws/install/ld08_driver/share/ament_index/resource_index/package_run_dependencies/ld08_driver
[0.408s] -- Up-to-date symlink: /home/gsainikhil94/turtlebot3_ws/install/ld08_driver/share/ament_index/resource_index/parent_prefix_path/ld08_driver
[0.408s] -- Up-to-date symlink: /home/gsainikhil94/turtlebot3_ws/install/ld08_driver/share/ld08_driver/environment/ament_prefix_path.sh
[0.408s] -- Up-to-date symlink: /home/gsainikhil94/turtlebot3_ws/install/ld08_driver/share/ld08_driver/environment/ament_prefix_path.dsv
[0.408s] -- Up-to-date symlink: /home/gsainikhil94/turtlebot3_ws/install/ld08_driver/share/ld08_driver/environment/path.sh
[0.408s] -- Up-to-date symlink: /home/gsainikhil94/turtlebot3_ws/install/ld08_driver/share/ld08_driver/environment/path.dsv
[0.408s] -- Up-to-date symlink: /home/gsainikhil94/turtlebot3_ws/install/ld08_driver/share/ld08_driver/local_setup.bash
[0.408s] -- Up-to-date symlink: /home/gsainikhil94/turtlebot3_ws/install/ld08_driver/share/ld08_driver/local_setup.sh
[0.408s] -- Up-to-date symlink: /home/gsainikhil94/turtlebot3_ws/install/ld08_driver/share/ld08_driver/local_setup.zsh
[0.409s] -- Up-to-date symlink: /home/gsainikhil94/turtlebot3_ws/install/ld08_driver/share/ld08_driver/local_setup.dsv
[0.409s] -- Symlinking: /home/gsainikhil94/turtlebot3_ws/install/ld08_driver/share/ld08_driver/package.dsv
[0.415s] -- Up-to-date symlink: /home/gsainikhil94/turtlebot3_ws/install/ld08_driver/share/ament_index/resource_index/packages/ld08_driver
[0.416s] -- Up-to-date symlink: /home/gsainikhil94/turtlebot3_ws/install/ld08_driver/share/ld08_driver/cmake/ament_cmake_export_dependencies-extras.cmake
[0.417s] -- Up-to-date symlink: /home/gsainikhil94/turtlebot3_ws/install/ld08_driver/share/ld08_driver/cmake/ament_cmake_export_include_directories-extras.cmake
[0.417s] -- Up-to-date symlink: /home/gsainikhil94/turtlebot3_ws/install/ld08_driver/share/ld08_driver/cmake/ld08_driverConfig.cmake
[0.417s] -- Up-to-date symlink: /home/gsainikhil94/turtlebot3_ws/install/ld08_driver/share/ld08_driver/cmake/ld08_driverConfig-version.cmake
[0.417s] -- Up-to-date symlink: /home/gsainikhil94/turtlebot3_ws/install/ld08_driver/share/ld08_driver/package.xml
[0.432s] Invoked command in '/home/gsainikhil94/turtlebot3_ws/build/ld08_driver' returned '0': CMAKE_PREFIX_PATH=/home/gsainikhil94/turtlebot3_ws/install/turtlebot3:/home/gsainikhil94/turtlebot3_ws/install/turtlebot3_simulations:/home/gsainikhil94/turtlebot3_ws/install/turtlebot3_bringup:/home/gsainikhil94/turtlebot3_ws/install/turtlebot3_node:/home/gsainikhil94/turtlebot3_ws/install/turtlebot3_navigation2:/home/gsainikhil94/turtlebot3_ws/install/turtlebot3_fake_node:/home/gsainikhil94/turtlebot3_ws/install/turtlebot3_msgs:/home/gsainikhil94/turtlebot3_ws/install/turtlebot3_gazebo:/home/gsainikhil94/turtlebot3_ws/install/turtlebot3_teleop:/home/gsainikhil94/turtlebot3_ws/install/turtlebot3_example:/opt/ros/galactic:/home/gsainikhil94/turtlebot3_ws/install/turtlebot3_description:/home/gsainikhil94/turtlebot3_ws/install/turtlebot3_cartographer:/home/gsainikhil94/turtlebot3_ws/install/ld08_driver:/home/gsainikhil94/turtlebot3_ws/install/hls_lfcd_lds_driver:/home/gsainikhil94/turtlebot3_ws/install/dynamixel_sdk_examples:/home/gsainikhil94/turtlebot3_ws/install/dynamixel_sdk_custom_interfaces:/home/gsainikhil94/turtlebot3_ws/install/dynamixel_sdk /usr/bin/cmake --install /home/gsainikhil94/turtlebot3_ws/build/ld08_driver
