[0.039s] Invoking command in '/home/gsainikhil94/turtlebot3_ws/build/turtlebot3_cartographer': CMAKE_PREFIX_PATH=/opt/ros/galactic /usr/bin/cmake --build /home/gsainikhil94/turtlebot3_ws/build/turtlebot3_cartographer -- -j8 -l8
[0.079s] Invoked command in '/home/gsainikhil94/turtlebot3_ws/build/turtlebot3_cartographer' returned '0': CMAKE_PREFIX_PATH=/opt/ros/galactic /usr/bin/cmake --build /home/gsainikhil94/turtlebot3_ws/build/turtlebot3_cartographer -- -j8 -l8
[0.159s] Invoking command in '/home/gsainikhil94/turtlebot3_ws/build/turtlebot3_cartographer': CMAKE_PREFIX_PATH=/opt/ros/galactic /usr/bin/cmake --install /home/gsainikhil94/turtlebot3_ws/build/turtlebot3_cartographer
[0.170s] -- Install configuration: ""
[0.170s] -- Execute custom install script
[0.174s] -- Up-to-date symlink: /home/gsainikhil94/turtlebot3_ws/install/turtlebot3_cartographer/share/turtlebot3_cartographer/config/turtlebot3_lds_2d.lua
[0.174s] -- Up-to-date symlink: /home/gsainikhil94/turtlebot3_ws/install/turtlebot3_cartographer/share/turtlebot3_cartographer/launch/cartographer.launch.py
[0.174s] -- Up-to-date symlink: /home/gsainikhil94/turtlebot3_ws/install/turtlebot3_cartographer/share/turtlebot3_cartographer/launch/occupancy_grid.launch.py
[0.175s] -- Up-to-date symlink: /home/gsainikhil94/turtlebot3_ws/install/turtlebot3_cartographer/share/turtlebot3_cartographer/rviz/tb3_cartographer.rviz
[0.175s] -- Up-to-date symlink: /home/gsainikhil94/turtlebot3_ws/install/turtlebot3_cartographer/share/ament_index/resource_index/package_run_dependencies/turtlebot3_cartographer
[0.175s] -- Up-to-date symlink: /home/gsainikhil94/turtlebot3_ws/install/turtlebot3_cartographer/share/ament_index/resource_index/parent_prefix_path/turtlebot3_cartographer
[0.175s] -- Up-to-date symlink: /home/gsainikhil94/turtlebot3_ws/install/turtlebot3_cartographer/share/turtlebot3_cartographer/environment/ament_prefix_path.sh
[0.175s] -- Up-to-date symlink: /home/gsainikhil94/turtlebot3_ws/install/turtlebot3_cartographer/share/turtlebot3_cartographer/environment/ament_prefix_path.dsv
[0.177s] -- Up-to-date symlink: /home/gsainikhil94/turtlebot3_ws/install/turtlebot3_cartographer/share/turtlebot3_cartographer/environment/path.sh
[0.180s] -- Up-to-date symlink: /home/gsainikhil94/turtlebot3_ws/install/turtlebot3_cartographer/share/turtlebot3_cartographer/environment/path.dsv
[0.180s] -- Up-to-date symlink: /home/gsainikhil94/turtlebot3_ws/install/turtlebot3_cartographer/share/turtlebot3_cartographer/local_setup.bash
[0.180s] -- Up-to-date symlink: /home/gsainikhil94/turtlebot3_ws/install/turtlebot3_cartographer/share/turtlebot3_cartographer/local_setup.sh
[0.181s] -- Up-to-date symlink: /home/gsainikhil94/turtlebot3_ws/install/turtlebot3_cartographer/share/turtlebot3_cartographer/local_setup.zsh
[0.181s] -- Up-to-date symlink: /home/gsainikhil94/turtlebot3_ws/install/turtlebot3_cartographer/share/turtlebot3_cartographer/local_setup.dsv
[0.181s] -- Symlinking: /home/gsainikhil94/turtlebot3_ws/install/turtlebot3_cartographer/share/turtlebot3_cartographer/package.dsv
[0.188s] -- Up-to-date symlink: /home/gsainikhil94/turtlebot3_ws/install/turtlebot3_cartographer/share/ament_index/resource_index/packages/turtlebot3_cartographer
[0.188s] -- Up-to-date symlink: /home/gsainikhil94/turtlebot3_ws/install/turtlebot3_cartographer/share/turtlebot3_cartographer/cmake/turtlebot3_cartographerConfig.cmake
[0.189s] -- Up-to-date symlink: /home/gsainikhil94/turtlebot3_ws/install/turtlebot3_cartographer/share/turtlebot3_cartographer/cmake/turtlebot3_cartographerConfig-version.cmake
[0.189s] -- Up-to-date symlink: /home/gsainikhil94/turtlebot3_ws/install/turtlebot3_cartographer/share/turtlebot3_cartographer/package.xml
[0.223s] Invoked command in '/home/gsainikhil94/turtlebot3_ws/build/turtlebot3_cartographer' returned '0': CMAKE_PREFIX_PATH=/opt/ros/galactic /usr/bin/cmake --install /home/gsainikhil94/turtlebot3_ws/build/turtlebot3_cartographer
