[0.044s] Invoking command in '/home/gsainikhil94/turtlebot3_ws/build/turtlebot3_description': /usr/bin/cmake /home/gsainikhil94/turtlebot3_ws/src/turtlebot3/turtlebot3/turtlebot3_description -DCATKIN_INSTALL_INTO_PREFIX_ROOT=0 -DCATKIN_SYMLINK_INSTALL=ON -DCMAKE_INSTALL_PREFIX=/home/gsainikhil94/turtlebot3_ws/install/turtlebot3_description
[0.193s] -- The C compiler identification is GNU 9.4.0
[0.323s] -- The CXX compiler identification is GNU 9.4.0
[0.333s] -- Check for working C compiler: /usr/bin/cc
[0.426s] -- Check for working C compiler: /usr/bin/cc -- works
[0.428s] -- Detecting C compiler ABI info
[0.535s] -- Detecting C compiler ABI info - done
[0.560s] -- Detecting C compile features
[0.561s] -- Detecting C compile features - done
[0.568s] -- Check for working CXX compiler: /usr/bin/c++
[0.683s] -- Check for working CXX compiler: /usr/bin/c++ -- works
[0.685s] -- Detecting CXX compiler ABI info
[0.794s] -- Detecting CXX compiler ABI info - done
[0.823s] -- Detecting CXX compile features
[0.824s] -- Detecting CXX compile features - done
[0.855s] CMake Error at CMakeLists.txt:10 (find_package):
[0.855s]   By not providing "Findcatkin.cmake" in CMAKE_MODULE_PATH this project has
[0.855s]   asked CMake to find a package configuration file provided by "catkin", but
[0.855s]   CMake did not find one.
[0.855s] 
[0.856s]   Could not find a package configuration file provided by "catkin" with any
[0.856s]   of the following names:
[0.856s] 
[0.856s]     catkinConfig.cmake
[0.856s]     catkin-config.cmake
[0.856s] 
[0.856s]   Add the installation prefix of "catkin" to CMAKE_PREFIX_PATH or set
[0.856s]   "catkin_DIR" to a directory containing one of the above files.  If "catkin"
[0.856s]   provides a separate development package or SDK, be sure it has been
[0.857s]   installed.
[0.857s] 
[0.857s] 
[0.858s] -- Configuring incomplete, errors occurred!
[0.859s] See also "/home/gsainikhil94/turtlebot3_ws/build/turtlebot3_description/CMakeFiles/CMakeOutput.log".
[0.861s] Invoked command in '/home/gsainikhil94/turtlebot3_ws/build/turtlebot3_description' returned '1': /usr/bin/cmake /home/gsainikhil94/turtlebot3_ws/src/turtlebot3/turtlebot3/turtlebot3_description -DCATKIN_INSTALL_INTO_PREFIX_ROOT=0 -DCATKIN_SYMLINK_INSTALL=ON -DCMAKE_INSTALL_PREFIX=/home/gsainikhil94/turtlebot3_ws/install/turtlebot3_description
