[0.057s] Invoking command in '/home/gsainikhil94/turtlebot3_ws/build/dynamixel_sdk_custom_interfaces': CMAKE_PREFIX_PATH=/home/gsainikhil94/turtlebot3_ws/install/turtlebot3:/home/gsainikhil94/turtlebot3_ws/install/turtlebot3_simulations:/home/gsainikhil94/turtlebot3_ws/install/turtlebot3_bringup:/home/gsainikhil94/turtlebot3_ws/install/turtlebot3_node:/home/gsainikhil94/turtlebot3_ws/install/turtlebot3_navigation2:/home/gsainikhil94/turtlebot3_ws/install/turtlebot3_fake_node:/home/gsainikhil94/turtlebot3_ws/install/turtlebot3_msgs:/home/gsainikhil94/turtlebot3_ws/install/turtlebot3_gazebo:/home/gsainikhil94/turtlebot3_ws/install/turtlebot3_teleop:/home/gsainikhil94/turtlebot3_ws/install/turtlebot3_example:/opt/ros/galactic:/home/gsainikhil94/turtlebot3_ws/install/turtlebot3_description:/home/gsainikhil94/turtlebot3_ws/install/turtlebot3_cartographer:/home/gsainikhil94/turtlebot3_ws/install/ld08_driver:/home/gsainikhil94/turtlebot3_ws/install/hls_lfcd_lds_driver:/home/gsainikhil94/turtlebot3_ws/install/dynamixel_sdk_examples:/home/gsainikhil94/turtlebot3_ws/install/dynamixel_sdk_custom_interfaces:/home/gsainikhil94/turtlebot3_ws/install/dynamixel_sdk /usr/bin/cmake --build /home/gsainikhil94/turtlebot3_ws/build/dynamixel_sdk_custom_interfaces -- -j8 -l8
[0.142s] [  2%] Built target dynamixel_sdk_custom_interfaces__cpp
[0.146s] [ 12%] Built target dynamixel_sdk_custom_interfaces__rosidl_generator_c
[0.215s] [ 23%] Built target dynamixel_sdk_custom_interfaces__rosidl_typesupport_cpp
[0.221s] [ 33%] Built target dynamixel_sdk_custom_interfaces__rosidl_typesupport_introspection_c
[0.230s] [ 43%] Built target dynamixel_sdk_custom_interfaces__rosidl_typesupport_introspection_cpp
[0.231s] [ 53%] Built target dynamixel_sdk_custom_interfaces__rosidl_typesupport_c
[0.232s] [ 64%] Built target dynamixel_sdk_custom_interfaces__rosidl_typesupport_fastrtps_cpp
[0.264s] [ 74%] Built target dynamixel_sdk_custom_interfaces__rosidl_typesupport_fastrtps_c
[0.293s] [ 74%] Built target dynamixel_sdk_custom_interfaces
[0.309s] [ 76%] Built target dynamixel_sdk_custom_interfaces__py
[0.339s] [ 84%] Built target dynamixel_sdk_custom_interfaces__python
[0.372s] [ 89%] Built target dynamixel_sdk_custom_interfaces__rosidl_typesupport_c__pyext
[0.375s] [ 94%] Built target dynamixel_sdk_custom_interfaces__rosidl_typesupport_introspection_c__pyext
[0.377s] [100%] Built target dynamixel_sdk_custom_interfaces__rosidl_typesupport_fastrtps_c__pyext
[0.453s] Invoked command in '/home/gsainikhil94/turtlebot3_ws/build/dynamixel_sdk_custom_interfaces' returned '0': CMAKE_PREFIX_PATH=/home/gsainikhil94/turtlebot3_ws/install/turtlebot3:/home/gsainikhil94/turtlebot3_ws/install/turtlebot3_simulations:/home/gsainikhil94/turtlebot3_ws/install/turtlebot3_bringup:/home/gsainikhil94/turtlebot3_ws/install/turtlebot3_node:/home/gsainikhil94/turtlebot3_ws/install/turtlebot3_navigation2:/home/gsainikhil94/turtlebot3_ws/install/turtlebot3_fake_node:/home/gsainikhil94/turtlebot3_ws/install/turtlebot3_msgs:/home/gsainikhil94/turtlebot3_ws/install/turtlebot3_gazebo:/home/gsainikhil94/turtlebot3_ws/install/turtlebot3_teleop:/home/gsainikhil94/turtlebot3_ws/install/turtlebot3_example:/opt/ros/galactic:/home/gsainikhil94/turtlebot3_ws/install/turtlebot3_description:/home/gsainikhil94/turtlebot3_ws/install/turtlebot3_cartographer:/home/gsainikhil94/turtlebot3_ws/install/ld08_driver:/home/gsainikhil94/turtlebot3_ws/install/hls_lfcd_lds_driver:/home/gsainikhil94/turtlebot3_ws/install/dynamixel_sdk_examples:/home/gsainikhil94/turtlebot3_ws/install/dynamixel_sdk_custom_interfaces:/home/gsainikhil94/turtlebot3_ws/install/dynamixel_sdk /usr/bin/cmake --build /home/gsainikhil94/turtlebot3_ws/build/dynamixel_sdk_custom_interfaces -- -j8 -l8
[0.713s] Invoking command in '/home/gsainikhil94/turtlebot3_ws/build/dynamixel_sdk_custom_interfaces': CMAKE_PREFIX_PATH=/home/gsainikhil94/turtlebot3_ws/install/turtlebot3:/home/gsainikhil94/turtlebot3_ws/install/turtlebot3_simulations:/home/gsainikhil94/turtlebot3_ws/install/turtlebot3_bringup:/home/gsainikhil94/turtlebot3_ws/install/turtlebot3_node:/home/gsainikhil94/turtlebot3_ws/install/turtlebot3_navigation2:/home/gsainikhil94/turtlebot3_ws/install/turtlebot3_fake_node:/home/gsainikhil94/turtlebot3_ws/install/turtlebot3_msgs:/home/gsainikhil94/turtlebot3_ws/install/turtlebot3_gazebo:/home/gsainikhil94/turtlebot3_ws/install/turtlebot3_teleop:/home/gsainikhil94/turtlebot3_ws/install/turtlebot3_example:/opt/ros/galactic:/home/gsainikhil94/turtlebot3_ws/install/turtlebot3_description:/home/gsainikhil94/turtlebot3_ws/install/turtlebot3_cartographer:/home/gsainikhil94/turtlebot3_ws/install/ld08_driver:/home/gsainikhil94/turtlebot3_ws/install/hls_lfcd_lds_driver:/home/gsainikhil94/turtlebot3_ws/install/dynamixel_sdk_examples:/home/gsainikhil94/turtlebot3_ws/install/dynamixel_sdk_custom_interfaces:/home/gsainikhil94/turtlebot3_ws/install/dynamixel_sdk /usr/bin/cmake --install /home/gsainikhil94/turtlebot3_ws/build/dynamixel_sdk_custom_interfaces
[0.722s] -- Install configuration: ""
[0.724s] -- Execute custom install script
[0.724s] -- Up-to-date symlink: /home/gsainikhil94/turtlebot3_ws/install/dynamixel_sdk_custom_interfaces/share/ament_index/resource_index/rosidl_interfaces/dynamixel_sdk_custom_interfaces
[0.724s] -- Up-to-date symlink: /home/gsainikhil94/turtlebot3_ws/install/dynamixel_sdk_custom_interfaces/include/dynamixel_sdk_custom_interfaces/msg/detail/set_position__functions.h
[0.725s] -- Up-to-date symlink: /home/gsainikhil94/turtlebot3_ws/install/dynamixel_sdk_custom_interfaces/include/dynamixel_sdk_custom_interfaces/msg/detail/set_position__struct.h
[0.725s] -- Up-to-date symlink: /home/gsainikhil94/turtlebot3_ws/install/dynamixel_sdk_custom_interfaces/include/dynamixel_sdk_custom_interfaces/msg/detail/set_position__type_support.h
[0.725s] -- Up-to-date symlink: /home/gsainikhil94/turtlebot3_ws/install/dynamixel_sdk_custom_interfaces/include/dynamixel_sdk_custom_interfaces/msg/rosidl_generator_c__visibility_control.h
[0.725s] -- Up-to-date symlink: /home/gsainikhil94/turtlebot3_ws/install/dynamixel_sdk_custom_interfaces/include/dynamixel_sdk_custom_interfaces/msg/set_position.h
[0.725s] -- Up-to-date symlink: /home/gsainikhil94/turtlebot3_ws/install/dynamixel_sdk_custom_interfaces/include/dynamixel_sdk_custom_interfaces/srv/detail/get_position__functions.h
[0.725s] -- Up-to-date symlink: /home/gsainikhil94/turtlebot3_ws/install/dynamixel_sdk_custom_interfaces/include/dynamixel_sdk_custom_interfaces/srv/detail/get_position__struct.h
[0.725s] -- Up-to-date symlink: /home/gsainikhil94/turtlebot3_ws/install/dynamixel_sdk_custom_interfaces/include/dynamixel_sdk_custom_interfaces/srv/detail/get_position__type_support.h
[0.726s] -- Up-to-date symlink: /home/gsainikhil94/turtlebot3_ws/install/dynamixel_sdk_custom_interfaces/include/dynamixel_sdk_custom_interfaces/srv/get_position.h
[0.726s] -- Up-to-date symlink: /home/gsainikhil94/turtlebot3_ws/install/dynamixel_sdk_custom_interfaces/share/dynamixel_sdk_custom_interfaces/environment/library_path.sh
[0.726s] -- Up-to-date symlink: /home/gsainikhil94/turtlebot3_ws/install/dynamixel_sdk_custom_interfaces/share/dynamixel_sdk_custom_interfaces/environment/library_path.dsv
[0.726s] -- Up-to-date symlink: /home/gsainikhil94/turtlebot3_ws/install/dynamixel_sdk_custom_interfaces/include/dynamixel_sdk_custom_interfaces/msg/detail/set_position__rosidl_typesupport_fastrtps_c.h
[0.727s] -- Up-to-date symlink: /home/gsainikhil94/turtlebot3_ws/install/dynamixel_sdk_custom_interfaces/include/dynamixel_sdk_custom_interfaces/msg/rosidl_typesupport_fastrtps_c__visibility_control.h
[0.727s] -- Up-to-date symlink: /home/gsainikhil94/turtlebot3_ws/install/dynamixel_sdk_custom_interfaces/include/dynamixel_sdk_custom_interfaces/srv/detail/get_position__rosidl_typesupport_fastrtps_c.h
[0.727s] -- Up-to-date symlink: /home/gsainikhil94/turtlebot3_ws/install/dynamixel_sdk_custom_interfaces/lib/libdynamixel_sdk_custom_interfaces__rosidl_typesupport_fastrtps_c.so
[0.728s] -- Up-to-date symlink: /home/gsainikhil94/turtlebot3_ws/install/dynamixel_sdk_custom_interfaces/include/dynamixel_sdk_custom_interfaces/msg/detail/set_position__rosidl_typesupport_fastrtps_cpp.hpp
[0.728s] -- Up-to-date symlink: /home/gsainikhil94/turtlebot3_ws/install/dynamixel_sdk_custom_interfaces/include/dynamixel_sdk_custom_interfaces/msg/rosidl_typesupport_fastrtps_cpp__visibility_control.h
[0.728s] -- Up-to-date symlink: /home/gsainikhil94/turtlebot3_ws/install/dynamixel_sdk_custom_interfaces/include/dynamixel_sdk_custom_interfaces/srv/detail/get_position__rosidl_typesupport_fastrtps_cpp.hpp
[0.728s] -- Up-to-date symlink: /home/gsainikhil94/turtlebot3_ws/install/dynamixel_sdk_custom_interfaces/lib/libdynamixel_sdk_custom_interfaces__rosidl_typesupport_fastrtps_cpp.so
[0.728s] -- Up-to-date symlink: /home/gsainikhil94/turtlebot3_ws/install/dynamixel_sdk_custom_interfaces/include/dynamixel_sdk_custom_interfaces/msg/detail/set_position__rosidl_typesupport_introspection_c.h
[0.728s] -- Up-to-date symlink: /home/gsainikhil94/turtlebot3_ws/install/dynamixel_sdk_custom_interfaces/include/dynamixel_sdk_custom_interfaces/msg/rosidl_typesupport_introspection_c__visibility_control.h
[0.729s] -- Up-to-date symlink: /home/gsainikhil94/turtlebot3_ws/install/dynamixel_sdk_custom_interfaces/include/dynamixel_sdk_custom_interfaces/srv/detail/get_position__rosidl_typesupport_introspection_c.h
[0.730s] -- Up-to-date symlink: /home/gsainikhil94/turtlebot3_ws/install/dynamixel_sdk_custom_interfaces/include/dynamixel_sdk_custom_interfaces/msg/detail/set_position__builder.hpp
[0.730s] -- Up-to-date symlink: /home/gsainikhil94/turtlebot3_ws/install/dynamixel_sdk_custom_interfaces/include/dynamixel_sdk_custom_interfaces/msg/detail/set_position__struct.hpp
[0.730s] -- Up-to-date symlink: /home/gsainikhil94/turtlebot3_ws/install/dynamixel_sdk_custom_interfaces/include/dynamixel_sdk_custom_interfaces/msg/detail/set_position__traits.hpp
[0.730s] -- Up-to-date symlink: /home/gsainikhil94/turtlebot3_ws/install/dynamixel_sdk_custom_interfaces/include/dynamixel_sdk_custom_interfaces/msg/set_position.hpp
[0.730s] -- Up-to-date symlink: /home/gsainikhil94/turtlebot3_ws/install/dynamixel_sdk_custom_interfaces/include/dynamixel_sdk_custom_interfaces/srv/detail/get_position__builder.hpp
[0.730s] -- Up-to-date symlink: /home/gsainikhil94/turtlebot3_ws/install/dynamixel_sdk_custom_interfaces/include/dynamixel_sdk_custom_interfaces/srv/detail/get_position__struct.hpp
[0.730s] -- Up-to-date symlink: /home/gsainikhil94/turtlebot3_ws/install/dynamixel_sdk_custom_interfaces/include/dynamixel_sdk_custom_interfaces/srv/detail/get_position__traits.hpp
[0.731s] -- Up-to-date symlink: /home/gsainikhil94/turtlebot3_ws/install/dynamixel_sdk_custom_interfaces/include/dynamixel_sdk_custom_interfaces/srv/get_position.hpp
[0.731s] -- Up-to-date symlink: /home/gsainikhil94/turtlebot3_ws/install/dynamixel_sdk_custom_interfaces/include/dynamixel_sdk_custom_interfaces/msg/detail/set_position__rosidl_typesupport_introspection_cpp.hpp
[0.732s] -- Up-to-date symlink: /home/gsainikhil94/turtlebot3_ws/install/dynamixel_sdk_custom_interfaces/include/dynamixel_sdk_custom_interfaces/srv/detail/get_position__rosidl_typesupport_introspection_cpp.hpp
[0.732s] -- Up-to-date symlink: /home/gsainikhil94/turtlebot3_ws/install/dynamixel_sdk_custom_interfaces/share/dynamixel_sdk_custom_interfaces/environment/pythonpath.sh
[0.732s] -- Up-to-date symlink: /home/gsainikhil94/turtlebot3_ws/install/dynamixel_sdk_custom_interfaces/share/dynamixel_sdk_custom_interfaces/environment/pythonpath.dsv
[0.732s] -- Up-to-date symlink: /home/gsainikhil94/turtlebot3_ws/install/dynamixel_sdk_custom_interfaces/lib/python3.8/site-packages/dynamixel_sdk_custom_interfaces/__init__.py
[0.733s] -- Up-to-date symlink: /home/gsainikhil94/turtlebot3_ws/install/dynamixel_sdk_custom_interfaces/lib/python3.8/site-packages/dynamixel_sdk_custom_interfaces/msg/__init__.py
[0.733s] -- Up-to-date symlink: /home/gsainikhil94/turtlebot3_ws/install/dynamixel_sdk_custom_interfaces/lib/python3.8/site-packages/dynamixel_sdk_custom_interfaces/msg/_set_position.py
[0.733s] -- Up-to-date symlink: /home/gsainikhil94/turtlebot3_ws/install/dynamixel_sdk_custom_interfaces/lib/python3.8/site-packages/dynamixel_sdk_custom_interfaces/srv/__init__.py
[0.734s] -- Up-to-date symlink: /home/gsainikhil94/turtlebot3_ws/install/dynamixel_sdk_custom_interfaces/lib/python3.8/site-packages/dynamixel_sdk_custom_interfaces/srv/_get_position.py
[0.734s] -- Up-to-date symlink: /home/gsainikhil94/turtlebot3_ws/install/dynamixel_sdk_custom_interfaces/lib/python3.8/site-packages/dynamixel_sdk_custom_interfaces/dynamixel_sdk_custom_interfaces_s__rosidl_typesupport_fastrtps_c.cpython-38-x86_64-linux-gnu.so
[0.734s] -- Up-to-date symlink: /home/gsainikhil94/turtlebot3_ws/install/dynamixel_sdk_custom_interfaces/lib/python3.8/site-packages/dynamixel_sdk_custom_interfaces/dynamixel_sdk_custom_interfaces_s__rosidl_typesupport_introspection_c.cpython-38-x86_64-linux-gnu.so
[0.735s] -- Up-to-date symlink: /home/gsainikhil94/turtlebot3_ws/install/dynamixel_sdk_custom_interfaces/lib/python3.8/site-packages/dynamixel_sdk_custom_interfaces/dynamixel_sdk_custom_interfaces_s__rosidl_typesupport_c.cpython-38-x86_64-linux-gnu.so
[0.735s] -- Up-to-date symlink: /home/gsainikhil94/turtlebot3_ws/install/dynamixel_sdk_custom_interfaces/lib/libdynamixel_sdk_custom_interfaces__python.so
[0.736s] -- Up-to-date symlink: /home/gsainikhil94/turtlebot3_ws/install/dynamixel_sdk_custom_interfaces/share/dynamixel_sdk_custom_interfaces/msg/SetPosition.idl
[0.736s] -- Up-to-date symlink: /home/gsainikhil94/turtlebot3_ws/install/dynamixel_sdk_custom_interfaces/share/dynamixel_sdk_custom_interfaces/srv/GetPosition.idl
[0.736s] -- Up-to-date symlink: /home/gsainikhil94/turtlebot3_ws/install/dynamixel_sdk_custom_interfaces/share/dynamixel_sdk_custom_interfaces/msg/SetPosition.msg
[0.736s] -- Up-to-date symlink: /home/gsainikhil94/turtlebot3_ws/install/dynamixel_sdk_custom_interfaces/share/dynamixel_sdk_custom_interfaces/srv/GetPosition.srv
[0.737s] -- Up-to-date symlink: /home/gsainikhil94/turtlebot3_ws/install/dynamixel_sdk_custom_interfaces/share/dynamixel_sdk_custom_interfaces/srv/GetPosition_Request.msg
[0.737s] -- Up-to-date symlink: /home/gsainikhil94/turtlebot3_ws/install/dynamixel_sdk_custom_interfaces/share/dynamixel_sdk_custom_interfaces/srv/GetPosition_Response.msg
[0.737s] -- Up-to-date symlink: /home/gsainikhil94/turtlebot3_ws/install/dynamixel_sdk_custom_interfaces/share/ament_index/resource_index/package_run_dependencies/dynamixel_sdk_custom_interfaces
[0.737s] -- Up-to-date symlink: /home/gsainikhil94/turtlebot3_ws/install/dynamixel_sdk_custom_interfaces/share/ament_index/resource_index/parent_prefix_path/dynamixel_sdk_custom_interfaces
[0.738s] -- Up-to-date symlink: /home/gsainikhil94/turtlebot3_ws/install/dynamixel_sdk_custom_interfaces/share/dynamixel_sdk_custom_interfaces/environment/ament_prefix_path.sh
[0.738s] -- Up-to-date symlink: /home/gsainikhil94/turtlebot3_ws/install/dynamixel_sdk_custom_interfaces/share/dynamixel_sdk_custom_interfaces/environment/ament_prefix_path.dsv
[0.738s] -- Up-to-date symlink: /home/gsainikhil94/turtlebot3_ws/install/dynamixel_sdk_custom_interfaces/share/dynamixel_sdk_custom_interfaces/environment/path.sh
[0.738s] -- Up-to-date symlink: /home/gsainikhil94/turtlebot3_ws/install/dynamixel_sdk_custom_interfaces/share/dynamixel_sdk_custom_interfaces/environment/path.dsv
[0.739s] -- Up-to-date symlink: /home/gsainikhil94/turtlebot3_ws/install/dynamixel_sdk_custom_interfaces/share/dynamixel_sdk_custom_interfaces/local_setup.bash
[0.739s] -- Up-to-date symlink: /home/gsainikhil94/turtlebot3_ws/install/dynamixel_sdk_custom_interfaces/share/dynamixel_sdk_custom_interfaces/local_setup.sh
[0.739s] -- Up-to-date symlink: /home/gsainikhil94/turtlebot3_ws/install/dynamixel_sdk_custom_interfaces/share/dynamixel_sdk_custom_interfaces/local_setup.zsh
[0.739s] -- Up-to-date symlink: /home/gsainikhil94/turtlebot3_ws/install/dynamixel_sdk_custom_interfaces/share/dynamixel_sdk_custom_interfaces/local_setup.dsv
[0.739s] -- Symlinking: /home/gsainikhil94/turtlebot3_ws/install/dynamixel_sdk_custom_interfaces/share/dynamixel_sdk_custom_interfaces/package.dsv
[0.749s] -- Up-to-date symlink: /home/gsainikhil94/turtlebot3_ws/install/dynamixel_sdk_custom_interfaces/share/ament_index/resource_index/packages/dynamixel_sdk_custom_interfaces
[0.750s] -- Up-to-date symlink: /home/gsainikhil94/turtlebot3_ws/install/dynamixel_sdk_custom_interfaces/share/dynamixel_sdk_custom_interfaces/cmake/rosidl_cmake-extras.cmake
[0.750s] -- Up-to-date symlink: /home/gsainikhil94/turtlebot3_ws/install/dynamixel_sdk_custom_interfaces/share/dynamixel_sdk_custom_interfaces/cmake/ament_cmake_export_dependencies-extras.cmake
[0.750s] -- Up-to-date symlink: /home/gsainikhil94/turtlebot3_ws/install/dynamixel_sdk_custom_interfaces/share/dynamixel_sdk_custom_interfaces/cmake/ament_cmake_export_libraries-extras.cmake
[0.751s] -- Up-to-date symlink: /home/gsainikhil94/turtlebot3_ws/install/dynamixel_sdk_custom_interfaces/share/dynamixel_sdk_custom_interfaces/cmake/ament_cmake_export_targets-extras.cmake
[0.751s] -- Up-to-date symlink: /home/gsainikhil94/turtlebot3_ws/install/dynamixel_sdk_custom_interfaces/share/dynamixel_sdk_custom_interfaces/cmake/ament_cmake_export_include_directories-extras.cmake
[0.751s] -- Up-to-date symlink: /home/gsainikhil94/turtlebot3_ws/install/dynamixel_sdk_custom_interfaces/share/dynamixel_sdk_custom_interfaces/cmake/rosidl_cmake_export_typesupport_libraries-extras.cmake
[0.751s] -- Up-to-date symlink: /home/gsainikhil94/turtlebot3_ws/install/dynamixel_sdk_custom_interfaces/share/dynamixel_sdk_custom_interfaces/cmake/rosidl_cmake_export_typesupport_targets-extras.cmake
[0.752s] -- Up-to-date symlink: /home/gsainikhil94/turtlebot3_ws/install/dynamixel_sdk_custom_interfaces/share/dynamixel_sdk_custom_interfaces/cmake/dynamixel_sdk_custom_interfacesConfig.cmake
[0.752s] -- Up-to-date symlink: /home/gsainikhil94/turtlebot3_ws/install/dynamixel_sdk_custom_interfaces/share/dynamixel_sdk_custom_interfaces/cmake/dynamixel_sdk_custom_interfacesConfig-version.cmake
[0.752s] -- Up-to-date symlink: /home/gsainikhil94/turtlebot3_ws/install/dynamixel_sdk_custom_interfaces/share/dynamixel_sdk_custom_interfaces/package.xml
[0.752s] -- Up-to-date: /home/gsainikhil94/turtlebot3_ws/install/dynamixel_sdk_custom_interfaces/lib/libdynamixel_sdk_custom_interfaces__rosidl_generator_c.so
[0.753s] -- Up-to-date: /home/gsainikhil94/turtlebot3_ws/install/dynamixel_sdk_custom_interfaces/lib/libdynamixel_sdk_custom_interfaces__rosidl_typesupport_introspection_c.so
[0.753s] -- Up-to-date: /home/gsainikhil94/turtlebot3_ws/install/dynamixel_sdk_custom_interfaces/lib/libdynamixel_sdk_custom_interfaces__rosidl_typesupport_c.so
[0.753s] -- Up-to-date: /home/gsainikhil94/turtlebot3_ws/install/dynamixel_sdk_custom_interfaces/lib/libdynamixel_sdk_custom_interfaces__rosidl_typesupport_introspection_cpp.so
[0.754s] -- Up-to-date: /home/gsainikhil94/turtlebot3_ws/install/dynamixel_sdk_custom_interfaces/lib/libdynamixel_sdk_custom_interfaces__rosidl_typesupport_cpp.so
[0.792s] -- Up-to-date: /home/gsainikhil94/turtlebot3_ws/install/dynamixel_sdk_custom_interfaces/share/dynamixel_sdk_custom_interfaces/cmake/dynamixel_sdk_custom_interfaces__rosidl_generator_cExport.cmake
[0.793s] -- Up-to-date: /home/gsainikhil94/turtlebot3_ws/install/dynamixel_sdk_custom_interfaces/share/dynamixel_sdk_custom_interfaces/cmake/dynamixel_sdk_custom_interfaces__rosidl_generator_cExport-noconfig.cmake
[0.793s] -- Up-to-date: /home/gsainikhil94/turtlebot3_ws/install/dynamixel_sdk_custom_interfaces/share/dynamixel_sdk_custom_interfaces/cmake/dynamixel_sdk_custom_interfaces__rosidl_typesupport_introspection_cExport.cmake
[0.793s] -- Up-to-date: /home/gsainikhil94/turtlebot3_ws/install/dynamixel_sdk_custom_interfaces/share/dynamixel_sdk_custom_interfaces/cmake/dynamixel_sdk_custom_interfaces__rosidl_typesupport_introspection_cExport-noconfig.cmake
[0.793s] -- Up-to-date: /home/gsainikhil94/turtlebot3_ws/install/dynamixel_sdk_custom_interfaces/share/dynamixel_sdk_custom_interfaces/cmake/dynamixel_sdk_custom_interfaces__rosidl_typesupport_cExport.cmake
[0.793s] -- Up-to-date: /home/gsainikhil94/turtlebot3_ws/install/dynamixel_sdk_custom_interfaces/share/dynamixel_sdk_custom_interfaces/cmake/dynamixel_sdk_custom_interfaces__rosidl_typesupport_cExport-noconfig.cmake
[0.793s] -- Up-to-date: /home/gsainikhil94/turtlebot3_ws/install/dynamixel_sdk_custom_interfaces/share/dynamixel_sdk_custom_interfaces/cmake/dynamixel_sdk_custom_interfaces__rosidl_generator_cppExport.cmake
[0.794s] -- Up-to-date: /home/gsainikhil94/turtlebot3_ws/install/dynamixel_sdk_custom_interfaces/share/dynamixel_sdk_custom_interfaces/cmake/dynamixel_sdk_custom_interfaces__rosidl_typesupport_introspection_cppExport.cmake
[0.794s] -- Up-to-date: /home/gsainikhil94/turtlebot3_ws/install/dynamixel_sdk_custom_interfaces/share/dynamixel_sdk_custom_interfaces/cmake/dynamixel_sdk_custom_interfaces__rosidl_typesupport_introspection_cppExport-noconfig.cmake
[0.794s] -- Up-to-date: /home/gsainikhil94/turtlebot3_ws/install/dynamixel_sdk_custom_interfaces/share/dynamixel_sdk_custom_interfaces/cmake/dynamixel_sdk_custom_interfaces__rosidl_typesupport_cppExport.cmake
[0.794s] -- Up-to-date: /home/gsainikhil94/turtlebot3_ws/install/dynamixel_sdk_custom_interfaces/share/dynamixel_sdk_custom_interfaces/cmake/dynamixel_sdk_custom_interfaces__rosidl_typesupport_cppExport-noconfig.cmake
[0.801s] Invoked command in '/home/gsainikhil94/turtlebot3_ws/build/dynamixel_sdk_custom_interfaces' returned '0': CMAKE_PREFIX_PATH=/home/gsainikhil94/turtlebot3_ws/install/turtlebot3:/home/gsainikhil94/turtlebot3_ws/install/turtlebot3_simulations:/home/gsainikhil94/turtlebot3_ws/install/turtlebot3_bringup:/home/gsainikhil94/turtlebot3_ws/install/turtlebot3_node:/home/gsainikhil94/turtlebot3_ws/install/turtlebot3_navigation2:/home/gsainikhil94/turtlebot3_ws/install/turtlebot3_fake_node:/home/gsainikhil94/turtlebot3_ws/install/turtlebot3_msgs:/home/gsainikhil94/turtlebot3_ws/install/turtlebot3_gazebo:/home/gsainikhil94/turtlebot3_ws/install/turtlebot3_teleop:/home/gsainikhil94/turtlebot3_ws/install/turtlebot3_example:/opt/ros/galactic:/home/gsainikhil94/turtlebot3_ws/install/turtlebot3_description:/home/gsainikhil94/turtlebot3_ws/install/turtlebot3_cartographer:/home/gsainikhil94/turtlebot3_ws/install/ld08_driver:/home/gsainikhil94/turtlebot3_ws/install/hls_lfcd_lds_driver:/home/gsainikhil94/turtlebot3_ws/install/dynamixel_sdk_examples:/home/gsainikhil94/turtlebot3_ws/install/dynamixel_sdk_custom_interfaces:/home/gsainikhil94/turtlebot3_ws/install/dynamixel_sdk /usr/bin/cmake --install /home/gsainikhil94/turtlebot3_ws/build/dynamixel_sdk_custom_interfaces
