[0.343s] Invoking command in '/home/gsainikhil94/turtlebot3_ws/build/turtlebot3_fake_node': AMENT_PREFIX_PATH=/home/gsainikhil94/turtlebot3_ws/install/turtlebot3_msgs:${AMENT_PREFIX_PATH} CMAKE_PREFIX_PATH=/home/gsainikhil94/turtlebot3_ws/install/turtlebot3_msgs:/opt/ros/galactic LD_LIBRARY_PATH=/home/gsainikhil94/turtlebot3_ws/install/turtlebot3_msgs/lib:${LD_LIBRARY_PATH} PYTHONPATH=/home/gsainikhil94/turtlebot3_ws/install/turtlebot3_msgs/lib/python3.8/site-packages:${PYTHONPATH} /usr/bin/cmake /home/gsainikhil94/turtlebot3_ws/src/turtlebot3/turtlebot3_simulations/turtlebot3_fake_node -DAMENT_CMAKE_SYMLINK_INSTALL=1 -DCMAKE_INSTALL_PREFIX=/home/gsainikhil94/turtlebot3_ws/install/turtlebot3_fake_node
[0.462s] -- The C compiler identification is GNU 9.4.0
[0.552s] -- The CXX compiler identification is GNU 9.4.0
[0.560s] -- Check for working C compiler: /usr/bin/cc
[0.946s] -- Check for working C compiler: /usr/bin/cc -- works
[0.948s] -- Detecting C compiler ABI info
[1.318s] -- Detecting C compiler ABI info - done
[1.364s] -- Detecting C compile features
[1.365s] -- Detecting C compile features - done
[1.386s] -- Check for working CXX compiler: /usr/bin/c++
[1.814s] -- Check for working CXX compiler: /usr/bin/c++ -- works
[1.816s] -- Detecting CXX compiler ABI info
[2.226s] -- Detecting CXX compiler ABI info - done
[2.252s] -- Detecting CXX compile features
[2.252s] -- Detecting CXX compile features - done
[2.272s] -- Found ament_cmake: 1.1.6 (/opt/ros/galactic/share/ament_cmake/cmake)
[2.363s] -- Found PythonInterp: /usr/bin/python3 (found suitable version "3.8.10", minimum required is "3") 
[2.363s] -- Using PYTHON_EXECUTABLE: /usr/bin/python3
[2.561s] -- Override CMake install command with custom implementation using symlinks instead of copying resources
[2.630s] -- Found geometry_msgs: 2.2.4 (/opt/ros/galactic/share/geometry_msgs/cmake)
[2.726s] -- Using all available rosidl_typesupport_c: rosidl_typesupport_fastrtps_c;rosidl_typesupport_introspection_c
[2.754s] -- Found rosidl_adapter: 2.2.3 (/opt/ros/galactic/share/rosidl_adapter/cmake)
[3.264s] -- Found OpenSSL: /usr/lib/x86_64-linux-gnu/libcrypto.so (found version "1.1.1f")  
[3.372s] -- Found FastRTPS: /opt/ros/galactic/include  
[3.667s] -- Using all available rosidl_typesupport_cpp: rosidl_typesupport_fastrtps_cpp;rosidl_typesupport_introspection_cpp
[3.986s] -- Found nav_msgs: 2.2.4 (/opt/ros/galactic/share/nav_msgs/cmake)
[4.128s] -- Found rclcpp: 9.2.2 (/opt/ros/galactic/share/rclcpp/cmake)
[4.231s] -- Found rmw_implementation_cmake: 3.3.1 (/opt/ros/galactic/share/rmw_implementation_cmake/cmake)
[4.236s] -- Found rmw_cyclonedds_cpp: 0.22.6 (/opt/ros/galactic/share/rmw_cyclonedds_cpp/cmake)
[4.311s] -- Using RMW implementation 'rmw_cyclonedds_cpp' as default
[4.312s] -- Looking for pthread.h
[4.652s] -- Looking for pthread.h - found
[4.661s] -- Performing Test CMAKE_HAVE_LIBC_PTHREAD
[4.934s] -- Performing Test CMAKE_HAVE_LIBC_PTHREAD - Failed
[4.935s] -- Looking for pthread_create in pthreads
[5.236s] -- Looking for pthread_create in pthreads - not found
[5.236s] -- Looking for pthread_create in pthread
[5.654s] -- Looking for pthread_create in pthread - found
[5.657s] -- Found Threads: TRUE  
[5.930s] -- Found sensor_msgs: 2.2.4 (/opt/ros/galactic/share/sensor_msgs/cmake)
[6.070s] -- Found tf2: 0.17.5 (/opt/ros/galactic/share/tf2/cmake)
[6.091s] -- Found tf2_msgs: 0.17.5 (/opt/ros/galactic/share/tf2_msgs/cmake)
[6.483s] -- Found turtlebot3_msgs: 2.2.3 (/home/gsainikhil94/turtlebot3_ws/install/turtlebot3_msgs/share/turtlebot3_msgs/cmake)
[6.786s] -- Configuring done
[6.811s] -- Generating done
[6.814s] -- Build files have been written to: /home/gsainikhil94/turtlebot3_ws/build/turtlebot3_fake_node
[6.833s] Invoked command in '/home/gsainikhil94/turtlebot3_ws/build/turtlebot3_fake_node' returned '0': AMENT_PREFIX_PATH=/home/gsainikhil94/turtlebot3_ws/install/turtlebot3_msgs:${AMENT_PREFIX_PATH} CMAKE_PREFIX_PATH=/home/gsainikhil94/turtlebot3_ws/install/turtlebot3_msgs:/opt/ros/galactic LD_LIBRARY_PATH=/home/gsainikhil94/turtlebot3_ws/install/turtlebot3_msgs/lib:${LD_LIBRARY_PATH} PYTHONPATH=/home/gsainikhil94/turtlebot3_ws/install/turtlebot3_msgs/lib/python3.8/site-packages:${PYTHONPATH} /usr/bin/cmake /home/gsainikhil94/turtlebot3_ws/src/turtlebot3/turtlebot3_simulations/turtlebot3_fake_node -DAMENT_CMAKE_SYMLINK_INSTALL=1 -DCMAKE_INSTALL_PREFIX=/home/gsainikhil94/turtlebot3_ws/install/turtlebot3_fake_node
[6.834s] Invoking command in '/home/gsainikhil94/turtlebot3_ws/build/turtlebot3_fake_node': AMENT_PREFIX_PATH=/home/gsainikhil94/turtlebot3_ws/install/turtlebot3_msgs:${AMENT_PREFIX_PATH} CMAKE_PREFIX_PATH=/home/gsainikhil94/turtlebot3_ws/install/turtlebot3_msgs:/opt/ros/galactic LD_LIBRARY_PATH=/home/gsainikhil94/turtlebot3_ws/install/turtlebot3_msgs/lib:${LD_LIBRARY_PATH} PYTHONPATH=/home/gsainikhil94/turtlebot3_ws/install/turtlebot3_msgs/lib/python3.8/site-packages:${PYTHONPATH} /usr/bin/cmake --build /home/gsainikhil94/turtlebot3_ws/build/turtlebot3_fake_node -- -j8 -l8
[6.923s] [35m[1mScanning dependencies of target turtlebot3_fake_node[0m
[7.020s] [ 50%] [32mBuilding CXX object CMakeFiles/turtlebot3_fake_node.dir/src/turtlebot3_fake_node.cpp.o[0m
[28.114s] [100%] [32m[1mLinking CXX executable turtlebot3_fake_node[0m
[28.518s] [100%] Built target turtlebot3_fake_node
[28.529s] Invoked command in '/home/gsainikhil94/turtlebot3_ws/build/turtlebot3_fake_node' returned '0': AMENT_PREFIX_PATH=/home/gsainikhil94/turtlebot3_ws/install/turtlebot3_msgs:${AMENT_PREFIX_PATH} CMAKE_PREFIX_PATH=/home/gsainikhil94/turtlebot3_ws/install/turtlebot3_msgs:/opt/ros/galactic LD_LIBRARY_PATH=/home/gsainikhil94/turtlebot3_ws/install/turtlebot3_msgs/lib:${LD_LIBRARY_PATH} PYTHONPATH=/home/gsainikhil94/turtlebot3_ws/install/turtlebot3_msgs/lib/python3.8/site-packages:${PYTHONPATH} /usr/bin/cmake --build /home/gsainikhil94/turtlebot3_ws/build/turtlebot3_fake_node -- -j8 -l8
[28.556s] Invoking command in '/home/gsainikhil94/turtlebot3_ws/build/turtlebot3_fake_node': AMENT_PREFIX_PATH=/home/gsainikhil94/turtlebot3_ws/install/turtlebot3_msgs:${AMENT_PREFIX_PATH} CMAKE_PREFIX_PATH=/home/gsainikhil94/turtlebot3_ws/install/turtlebot3_msgs:/opt/ros/galactic LD_LIBRARY_PATH=/home/gsainikhil94/turtlebot3_ws/install/turtlebot3_msgs/lib:${LD_LIBRARY_PATH} PYTHONPATH=/home/gsainikhil94/turtlebot3_ws/install/turtlebot3_msgs/lib/python3.8/site-packages:${PYTHONPATH} /usr/bin/cmake --install /home/gsainikhil94/turtlebot3_ws/build/turtlebot3_fake_node
[28.568s] -- Install configuration: ""
[28.568s] -- Execute custom install script
[28.569s] -- Symlinking: /home/gsainikhil94/turtlebot3_ws/install/turtlebot3_fake_node/lib/turtlebot3_fake_node/turtlebot3_fake_node
[28.583s] -- Symlinking: /home/gsainikhil94/turtlebot3_ws/install/turtlebot3_fake_node/share/turtlebot3_fake_node/launch/rviz2.launch.py
[28.592s] -- Symlinking: /home/gsainikhil94/turtlebot3_ws/install/turtlebot3_fake_node/share/turtlebot3_fake_node/launch/turtlebot3_fake_node.launch.py
[28.603s] -- Symlinking: /home/gsainikhil94/turtlebot3_ws/install/turtlebot3_fake_node/share/turtlebot3_fake_node/param/burger.yaml
[28.614s] -- Symlinking: /home/gsainikhil94/turtlebot3_ws/install/turtlebot3_fake_node/share/turtlebot3_fake_node/param/waffle.yaml
[28.623s] -- Symlinking: /home/gsainikhil94/turtlebot3_ws/install/turtlebot3_fake_node/share/turtlebot3_fake_node/param/waffle_pi.yaml
[28.633s] -- Symlinking: /home/gsainikhil94/turtlebot3_ws/install/turtlebot3_fake_node/include//turtlebot3_fake_node/turtlebot3_fake_node.hpp
[28.643s] -- Symlinking: /home/gsainikhil94/turtlebot3_ws/install/turtlebot3_fake_node/share/ament_index/resource_index/package_run_dependencies/turtlebot3_fake_node
[28.654s] -- Symlinking: /home/gsainikhil94/turtlebot3_ws/install/turtlebot3_fake_node/share/ament_index/resource_index/parent_prefix_path/turtlebot3_fake_node
[28.664s] -- Symlinking: /home/gsainikhil94/turtlebot3_ws/install/turtlebot3_fake_node/share/turtlebot3_fake_node/environment/ament_prefix_path.sh
[28.675s] -- Symlinking: /home/gsainikhil94/turtlebot3_ws/install/turtlebot3_fake_node/share/turtlebot3_fake_node/environment/ament_prefix_path.dsv
[28.688s] -- Symlinking: /home/gsainikhil94/turtlebot3_ws/install/turtlebot3_fake_node/share/turtlebot3_fake_node/environment/path.sh
[28.697s] -- Symlinking: /home/gsainikhil94/turtlebot3_ws/install/turtlebot3_fake_node/share/turtlebot3_fake_node/environment/path.dsv
[28.710s] -- Symlinking: /home/gsainikhil94/turtlebot3_ws/install/turtlebot3_fake_node/share/turtlebot3_fake_node/local_setup.bash
[28.720s] -- Symlinking: /home/gsainikhil94/turtlebot3_ws/install/turtlebot3_fake_node/share/turtlebot3_fake_node/local_setup.sh
[28.731s] -- Symlinking: /home/gsainikhil94/turtlebot3_ws/install/turtlebot3_fake_node/share/turtlebot3_fake_node/local_setup.zsh
[28.743s] -- Symlinking: /home/gsainikhil94/turtlebot3_ws/install/turtlebot3_fake_node/share/turtlebot3_fake_node/local_setup.dsv
[28.755s] -- Symlinking: /home/gsainikhil94/turtlebot3_ws/install/turtlebot3_fake_node/share/turtlebot3_fake_node/package.dsv
[28.767s] -- Symlinking: /home/gsainikhil94/turtlebot3_ws/install/turtlebot3_fake_node/share/ament_index/resource_index/packages/turtlebot3_fake_node
[28.782s] -- Symlinking: /home/gsainikhil94/turtlebot3_ws/install/turtlebot3_fake_node/share/turtlebot3_fake_node/cmake/ament_cmake_export_include_directories-extras.cmake
[28.794s] -- Symlinking: /home/gsainikhil94/turtlebot3_ws/install/turtlebot3_fake_node/share/turtlebot3_fake_node/cmake/ament_cmake_export_dependencies-extras.cmake
[28.807s] -- Symlinking: /home/gsainikhil94/turtlebot3_ws/install/turtlebot3_fake_node/share/turtlebot3_fake_node/cmake/turtlebot3_fake_nodeConfig.cmake
[28.820s] -- Symlinking: /home/gsainikhil94/turtlebot3_ws/install/turtlebot3_fake_node/share/turtlebot3_fake_node/cmake/turtlebot3_fake_nodeConfig-version.cmake
[28.832s] -- Symlinking: /home/gsainikhil94/turtlebot3_ws/install/turtlebot3_fake_node/share/turtlebot3_fake_node/package.xml
[28.850s] Invoked command in '/home/gsainikhil94/turtlebot3_ws/build/turtlebot3_fake_node' returned '0': AMENT_PREFIX_PATH=/home/gsainikhil94/turtlebot3_ws/install/turtlebot3_msgs:${AMENT_PREFIX_PATH} CMAKE_PREFIX_PATH=/home/gsainikhil94/turtlebot3_ws/install/turtlebot3_msgs:/opt/ros/galactic LD_LIBRARY_PATH=/home/gsainikhil94/turtlebot3_ws/install/turtlebot3_msgs/lib:${LD_LIBRARY_PATH} PYTHONPATH=/home/gsainikhil94/turtlebot3_ws/install/turtlebot3_msgs/lib/python3.8/site-packages:${PYTHONPATH} /usr/bin/cmake --install /home/gsainikhil94/turtlebot3_ws/build/turtlebot3_fake_node
