[0.022s] Invoking command in '/home/gsainikhil94/turtlebot3_ws/build/turtlebot3_simulations': AMENT_PREFIX_PATH=/home/gsainikhil94/turtlebot3_ws/install/turtlebot3_fake_node:/home/gsainikhil94/turtlebot3_ws/install/turtlebot3_msgs:/home/gsainikhil94/turtlebot3_ws/install/turtlebot3_gazebo:${AMENT_PREFIX_PATH} CMAKE_PREFIX_PATH=/home/gsainikhil94/turtlebot3_ws/install/turtlebot3_fake_node:/home/gsainikhil94/turtlebot3_ws/install/turtlebot3_msgs:/home/gsainikhil94/turtlebot3_ws/install/turtlebot3_gazebo:/opt/ros/galactic LD_LIBRARY_PATH=/home/gsainikhil94/turtlebot3_ws/install/turtlebot3_msgs/lib:${LD_LIBRARY_PATH} PYTHONPATH=/home/gsainikhil94/turtlebot3_ws/install/turtlebot3_msgs/lib/python3.8/site-packages:${PYTHONPATH} /usr/bin/cmake /home/gsainikhil94/turtlebot3_ws/src/turtlebot3/turtlebot3_simulations/turtlebot3_simulations -DAMENT_CMAKE_SYMLINK_INSTALL=1 -DCMAKE_INSTALL_PREFIX=/home/gsainikhil94/turtlebot3_ws/install/turtlebot3_simulations
[0.088s] -- The C compiler identification is GNU 9.4.0
[0.145s] -- The CXX compiler identification is GNU 9.4.0
[0.153s] -- Check for working C compiler: /usr/bin/cc
[0.226s] -- Check for working C compiler: /usr/bin/cc -- works
[0.228s] -- Detecting C compiler ABI info
[0.303s] -- Detecting C compiler ABI info - done
[0.315s] -- Detecting C compile features
[0.315s] -- Detecting C compile features - done
[0.318s] -- Check for working CXX compiler: /usr/bin/c++
[0.404s] -- Check for working CXX compiler: /usr/bin/c++ -- works
[0.405s] -- Detecting CXX compiler ABI info
[0.490s] -- Detecting CXX compiler ABI info - done
[0.503s] -- Detecting CXX compile features
[0.504s] -- Detecting CXX compile features - done
[0.506s] -- Found ament_cmake: 1.1.6 (/opt/ros/galactic/share/ament_cmake/cmake)
[0.533s] -- Found PythonInterp: /usr/bin/python3 (found suitable version "3.8.10", minimum required is "3") 
[0.533s] -- Using PYTHON_EXECUTABLE: /usr/bin/python3
[0.594s] -- Override CMake install command with custom implementation using symlinks instead of copying resources
[0.687s] -- Configuring done
[0.688s] -- Generating done
[0.688s] -- Build files have been written to: /home/gsainikhil94/turtlebot3_ws/build/turtlebot3_simulations
[0.692s] Invoked command in '/home/gsainikhil94/turtlebot3_ws/build/turtlebot3_simulations' returned '0': AMENT_PREFIX_PATH=/home/gsainikhil94/turtlebot3_ws/install/turtlebot3_fake_node:/home/gsainikhil94/turtlebot3_ws/install/turtlebot3_msgs:/home/gsainikhil94/turtlebot3_ws/install/turtlebot3_gazebo:${AMENT_PREFIX_PATH} CMAKE_PREFIX_PATH=/home/gsainikhil94/turtlebot3_ws/install/turtlebot3_fake_node:/home/gsainikhil94/turtlebot3_ws/install/turtlebot3_msgs:/home/gsainikhil94/turtlebot3_ws/install/turtlebot3_gazebo:/opt/ros/galactic LD_LIBRARY_PATH=/home/gsainikhil94/turtlebot3_ws/install/turtlebot3_msgs/lib:${LD_LIBRARY_PATH} PYTHONPATH=/home/gsainikhil94/turtlebot3_ws/install/turtlebot3_msgs/lib/python3.8/site-packages:${PYTHONPATH} /usr/bin/cmake /home/gsainikhil94/turtlebot3_ws/src/turtlebot3/turtlebot3_simulations/turtlebot3_simulations -DAMENT_CMAKE_SYMLINK_INSTALL=1 -DCMAKE_INSTALL_PREFIX=/home/gsainikhil94/turtlebot3_ws/install/turtlebot3_simulations
[0.693s] Invoking command in '/home/gsainikhil94/turtlebot3_ws/build/turtlebot3_simulations': AMENT_PREFIX_PATH=/home/gsainikhil94/turtlebot3_ws/install/turtlebot3_fake_node:/home/gsainikhil94/turtlebot3_ws/install/turtlebot3_msgs:/home/gsainikhil94/turtlebot3_ws/install/turtlebot3_gazebo:${AMENT_PREFIX_PATH} CMAKE_PREFIX_PATH=/home/gsainikhil94/turtlebot3_ws/install/turtlebot3_fake_node:/home/gsainikhil94/turtlebot3_ws/install/turtlebot3_msgs:/home/gsainikhil94/turtlebot3_ws/install/turtlebot3_gazebo:/opt/ros/galactic LD_LIBRARY_PATH=/home/gsainikhil94/turtlebot3_ws/install/turtlebot3_msgs/lib:${LD_LIBRARY_PATH} PYTHONPATH=/home/gsainikhil94/turtlebot3_ws/install/turtlebot3_msgs/lib/python3.8/site-packages:${PYTHONPATH} /usr/bin/cmake --build /home/gsainikhil94/turtlebot3_ws/build/turtlebot3_simulations -- -j8 -l8
[0.737s] Invoked command in '/home/gsainikhil94/turtlebot3_ws/build/turtlebot3_simulations' returned '0': AMENT_PREFIX_PATH=/home/gsainikhil94/turtlebot3_ws/install/turtlebot3_fake_node:/home/gsainikhil94/turtlebot3_ws/install/turtlebot3_msgs:/home/gsainikhil94/turtlebot3_ws/install/turtlebot3_gazebo:${AMENT_PREFIX_PATH} CMAKE_PREFIX_PATH=/home/gsainikhil94/turtlebot3_ws/install/turtlebot3_fake_node:/home/gsainikhil94/turtlebot3_ws/install/turtlebot3_msgs:/home/gsainikhil94/turtlebot3_ws/install/turtlebot3_gazebo:/opt/ros/galactic LD_LIBRARY_PATH=/home/gsainikhil94/turtlebot3_ws/install/turtlebot3_msgs/lib:${LD_LIBRARY_PATH} PYTHONPATH=/home/gsainikhil94/turtlebot3_ws/install/turtlebot3_msgs/lib/python3.8/site-packages:${PYTHONPATH} /usr/bin/cmake --build /home/gsainikhil94/turtlebot3_ws/build/turtlebot3_simulations -- -j8 -l8
[0.761s] Invoking command in '/home/gsainikhil94/turtlebot3_ws/build/turtlebot3_simulations': AMENT_PREFIX_PATH=/home/gsainikhil94/turtlebot3_ws/install/turtlebot3_fake_node:/home/gsainikhil94/turtlebot3_ws/install/turtlebot3_msgs:/home/gsainikhil94/turtlebot3_ws/install/turtlebot3_gazebo:${AMENT_PREFIX_PATH} CMAKE_PREFIX_PATH=/home/gsainikhil94/turtlebot3_ws/install/turtlebot3_fake_node:/home/gsainikhil94/turtlebot3_ws/install/turtlebot3_msgs:/home/gsainikhil94/turtlebot3_ws/install/turtlebot3_gazebo:/opt/ros/galactic LD_LIBRARY_PATH=/home/gsainikhil94/turtlebot3_ws/install/turtlebot3_msgs/lib:${LD_LIBRARY_PATH} PYTHONPATH=/home/gsainikhil94/turtlebot3_ws/install/turtlebot3_msgs/lib/python3.8/site-packages:${PYTHONPATH} /usr/bin/cmake --install /home/gsainikhil94/turtlebot3_ws/build/turtlebot3_simulations
[0.772s] -- Install configuration: ""
[0.772s] -- Execute custom install script
[0.773s] -- Symlinking: /home/gsainikhil94/turtlebot3_ws/install/turtlebot3_simulations/share/ament_index/resource_index/package_run_dependencies/turtlebot3_simulations
[0.781s] -- Symlinking: /home/gsainikhil94/turtlebot3_ws/install/turtlebot3_simulations/share/ament_index/resource_index/parent_prefix_path/turtlebot3_simulations
[0.789s] -- Symlinking: /home/gsainikhil94/turtlebot3_ws/install/turtlebot3_simulations/share/turtlebot3_simulations/environment/ament_prefix_path.sh
[0.798s] -- Symlinking: /home/gsainikhil94/turtlebot3_ws/install/turtlebot3_simulations/share/turtlebot3_simulations/environment/ament_prefix_path.dsv
[0.808s] -- Symlinking: /home/gsainikhil94/turtlebot3_ws/install/turtlebot3_simulations/share/turtlebot3_simulations/environment/path.sh
[0.819s] -- Symlinking: /home/gsainikhil94/turtlebot3_ws/install/turtlebot3_simulations/share/turtlebot3_simulations/environment/path.dsv
[0.826s] -- Symlinking: /home/gsainikhil94/turtlebot3_ws/install/turtlebot3_simulations/share/turtlebot3_simulations/local_setup.bash
[0.839s] -- Symlinking: /home/gsainikhil94/turtlebot3_ws/install/turtlebot3_simulations/share/turtlebot3_simulations/local_setup.sh
[0.849s] -- Symlinking: /home/gsainikhil94/turtlebot3_ws/install/turtlebot3_simulations/share/turtlebot3_simulations/local_setup.zsh
[0.858s] -- Symlinking: /home/gsainikhil94/turtlebot3_ws/install/turtlebot3_simulations/share/turtlebot3_simulations/local_setup.dsv
[0.869s] -- Symlinking: /home/gsainikhil94/turtlebot3_ws/install/turtlebot3_simulations/share/turtlebot3_simulations/package.dsv
[0.877s] -- Symlinking: /home/gsainikhil94/turtlebot3_ws/install/turtlebot3_simulations/share/ament_index/resource_index/packages/turtlebot3_simulations
[0.885s] -- Symlinking: /home/gsainikhil94/turtlebot3_ws/install/turtlebot3_simulations/share/turtlebot3_simulations/cmake/turtlebot3_simulationsConfig.cmake
[0.893s] -- Symlinking: /home/gsainikhil94/turtlebot3_ws/install/turtlebot3_simulations/share/turtlebot3_simulations/cmake/turtlebot3_simulationsConfig-version.cmake
[0.904s] -- Symlinking: /home/gsainikhil94/turtlebot3_ws/install/turtlebot3_simulations/share/turtlebot3_simulations/package.xml
[0.918s] Invoked command in '/home/gsainikhil94/turtlebot3_ws/build/turtlebot3_simulations' returned '0': AMENT_PREFIX_PATH=/home/gsainikhil94/turtlebot3_ws/install/turtlebot3_fake_node:/home/gsainikhil94/turtlebot3_ws/install/turtlebot3_msgs:/home/gsainikhil94/turtlebot3_ws/install/turtlebot3_gazebo:${AMENT_PREFIX_PATH} CMAKE_PREFIX_PATH=/home/gsainikhil94/turtlebot3_ws/install/turtlebot3_fake_node:/home/gsainikhil94/turtlebot3_ws/install/turtlebot3_msgs:/home/gsainikhil94/turtlebot3_ws/install/turtlebot3_gazebo:/opt/ros/galactic LD_LIBRARY_PATH=/home/gsainikhil94/turtlebot3_ws/install/turtlebot3_msgs/lib:${LD_LIBRARY_PATH} PYTHONPATH=/home/gsainikhil94/turtlebot3_ws/install/turtlebot3_msgs/lib/python3.8/site-packages:${PYTHONPATH} /usr/bin/cmake --install /home/gsainikhil94/turtlebot3_ws/build/turtlebot3_simulations
