[0.065s] Invoking command in '/home/gsainikhil94/turtlebot3_ws/build/hls_lfcd_lds_driver': CMAKE_PREFIX_PATH=/home/gsainikhil94/turtlebot3_ws/install/turtlebot3:/home/gsainikhil94/turtlebot3_ws/install/turtlebot3_simulations:/home/gsainikhil94/turtlebot3_ws/install/turtlebot3_bringup:/home/gsainikhil94/turtlebot3_ws/install/turtlebot3_node:/home/gsainikhil94/turtlebot3_ws/install/turtlebot3_navigation2:/home/gsainikhil94/turtlebot3_ws/install/turtlebot3_fake_node:/home/gsainikhil94/turtlebot3_ws/install/turtlebot3_msgs:/home/gsainikhil94/turtlebot3_ws/install/turtlebot3_gazebo:/home/gsainikhil94/turtlebot3_ws/install/turtlebot3_teleop:/home/gsainikhil94/turtlebot3_ws/install/turtlebot3_example:/opt/ros/galactic:/home/gsainikhil94/turtlebot3_ws/install/turtlebot3_description:/home/gsainikhil94/turtlebot3_ws/install/turtlebot3_cartographer:/home/gsainikhil94/turtlebot3_ws/install/ld08_driver:/home/gsainikhil94/turtlebot3_ws/install/hls_lfcd_lds_driver:/home/gsainikhil94/turtlebot3_ws/install/dynamixel_sdk_examples:/home/gsainikhil94/turtlebot3_ws/install/dynamixel_sdk_custom_interfaces:/home/gsainikhil94/turtlebot3_ws/install/dynamixel_sdk /usr/bin/cmake --build /home/gsainikhil94/turtlebot3_ws/build/hls_lfcd_lds_driver -- -j8 -l8
[0.221s] [100%] Built target hlds_laser_publisher
[0.259s] Invoked command in '/home/gsainikhil94/turtlebot3_ws/build/hls_lfcd_lds_driver' returned '0': CMAKE_PREFIX_PATH=/home/gsainikhil94/turtlebot3_ws/install/turtlebot3:/home/gsainikhil94/turtlebot3_ws/install/turtlebot3_simulations:/home/gsainikhil94/turtlebot3_ws/install/turtlebot3_bringup:/home/gsainikhil94/turtlebot3_ws/install/turtlebot3_node:/home/gsainikhil94/turtlebot3_ws/install/turtlebot3_navigation2:/home/gsainikhil94/turtlebot3_ws/install/turtlebot3_fake_node:/home/gsainikhil94/turtlebot3_ws/install/turtlebot3_msgs:/home/gsainikhil94/turtlebot3_ws/install/turtlebot3_gazebo:/home/gsainikhil94/turtlebot3_ws/install/turtlebot3_teleop:/home/gsainikhil94/turtlebot3_ws/install/turtlebot3_example:/opt/ros/galactic:/home/gsainikhil94/turtlebot3_ws/install/turtlebot3_description:/home/gsainikhil94/turtlebot3_ws/install/turtlebot3_cartographer:/home/gsainikhil94/turtlebot3_ws/install/ld08_driver:/home/gsainikhil94/turtlebot3_ws/install/hls_lfcd_lds_driver:/home/gsainikhil94/turtlebot3_ws/install/dynamixel_sdk_examples:/home/gsainikhil94/turtlebot3_ws/install/dynamixel_sdk_custom_interfaces:/home/gsainikhil94/turtlebot3_ws/install/dynamixel_sdk /usr/bin/cmake --build /home/gsainikhil94/turtlebot3_ws/build/hls_lfcd_lds_driver -- -j8 -l8
[0.386s] Invoking command in '/home/gsainikhil94/turtlebot3_ws/build/hls_lfcd_lds_driver': CMAKE_PREFIX_PATH=/home/gsainikhil94/turtlebot3_ws/install/turtlebot3:/home/gsainikhil94/turtlebot3_ws/install/turtlebot3_simulations:/home/gsainikhil94/turtlebot3_ws/install/turtlebot3_bringup:/home/gsainikhil94/turtlebot3_ws/install/turtlebot3_node:/home/gsainikhil94/turtlebot3_ws/install/turtlebot3_navigation2:/home/gsainikhil94/turtlebot3_ws/install/turtlebot3_fake_node:/home/gsainikhil94/turtlebot3_ws/install/turtlebot3_msgs:/home/gsainikhil94/turtlebot3_ws/install/turtlebot3_gazebo:/home/gsainikhil94/turtlebot3_ws/install/turtlebot3_teleop:/home/gsainikhil94/turtlebot3_ws/install/turtlebot3_example:/opt/ros/galactic:/home/gsainikhil94/turtlebot3_ws/install/turtlebot3_description:/home/gsainikhil94/turtlebot3_ws/install/turtlebot3_cartographer:/home/gsainikhil94/turtlebot3_ws/install/ld08_driver:/home/gsainikhil94/turtlebot3_ws/install/hls_lfcd_lds_driver:/home/gsainikhil94/turtlebot3_ws/install/dynamixel_sdk_examples:/home/gsainikhil94/turtlebot3_ws/install/dynamixel_sdk_custom_interfaces:/home/gsainikhil94/turtlebot3_ws/install/dynamixel_sdk /usr/bin/cmake --install /home/gsainikhil94/turtlebot3_ws/build/hls_lfcd_lds_driver
[0.398s] -- Install configuration: ""
[0.399s] -- Execute custom install script
[0.399s] -- Up-to-date symlink: /home/gsainikhil94/turtlebot3_ws/install/hls_lfcd_lds_driver/share/hls_lfcd_lds_driver/launch/hlds_laser.launch.py
[0.399s] -- Up-to-date symlink: /home/gsainikhil94/turtlebot3_ws/install/hls_lfcd_lds_driver/share/hls_lfcd_lds_driver/launch/view_hlds_laser.launch.py
[0.400s] -- Up-to-date symlink: /home/gsainikhil94/turtlebot3_ws/install/hls_lfcd_lds_driver/share/hls_lfcd_lds_driver/rviz/hlds_laser.rviz
[0.402s] -- Up-to-date symlink: /home/gsainikhil94/turtlebot3_ws/install/hls_lfcd_lds_driver/lib/hls_lfcd_lds_driver/hlds_laser_publisher
[0.402s] -- Up-to-date symlink: /home/gsainikhil94/turtlebot3_ws/install/hls_lfcd_lds_driver/share/ament_index/resource_index/package_run_dependencies/hls_lfcd_lds_driver
[0.404s] -- Up-to-date symlink: /home/gsainikhil94/turtlebot3_ws/install/hls_lfcd_lds_driver/share/ament_index/resource_index/parent_prefix_path/hls_lfcd_lds_driver
[0.404s] -- Up-to-date symlink: /home/gsainikhil94/turtlebot3_ws/install/hls_lfcd_lds_driver/share/hls_lfcd_lds_driver/environment/ament_prefix_path.sh
[0.404s] -- Up-to-date symlink: /home/gsainikhil94/turtlebot3_ws/install/hls_lfcd_lds_driver/share/hls_lfcd_lds_driver/environment/ament_prefix_path.dsv
[0.404s] -- Up-to-date symlink: /home/gsainikhil94/turtlebot3_ws/install/hls_lfcd_lds_driver/share/hls_lfcd_lds_driver/environment/path.sh
[0.404s] -- Up-to-date symlink: /home/gsainikhil94/turtlebot3_ws/install/hls_lfcd_lds_driver/share/hls_lfcd_lds_driver/environment/path.dsv
[0.405s] -- Up-to-date symlink: /home/gsainikhil94/turtlebot3_ws/install/hls_lfcd_lds_driver/share/hls_lfcd_lds_driver/local_setup.bash
[0.405s] -- Up-to-date symlink: /home/gsainikhil94/turtlebot3_ws/install/hls_lfcd_lds_driver/share/hls_lfcd_lds_driver/local_setup.sh
[0.406s] -- Up-to-date symlink: /home/gsainikhil94/turtlebot3_ws/install/hls_lfcd_lds_driver/share/hls_lfcd_lds_driver/local_setup.zsh
[0.406s] -- Up-to-date symlink: /home/gsainikhil94/turtlebot3_ws/install/hls_lfcd_lds_driver/share/hls_lfcd_lds_driver/local_setup.dsv
[0.406s] -- Symlinking: /home/gsainikhil94/turtlebot3_ws/install/hls_lfcd_lds_driver/share/hls_lfcd_lds_driver/package.dsv
[0.422s] -- Up-to-date symlink: /home/gsainikhil94/turtlebot3_ws/install/hls_lfcd_lds_driver/share/ament_index/resource_index/packages/hls_lfcd_lds_driver
[0.422s] -- Up-to-date symlink: /home/gsainikhil94/turtlebot3_ws/install/hls_lfcd_lds_driver/share/hls_lfcd_lds_driver/cmake/ament_cmake_export_dependencies-extras.cmake
[0.422s] -- Up-to-date symlink: /home/gsainikhil94/turtlebot3_ws/install/hls_lfcd_lds_driver/share/hls_lfcd_lds_driver/cmake/ament_cmake_export_include_directories-extras.cmake
[0.422s] -- Up-to-date symlink: /home/gsainikhil94/turtlebot3_ws/install/hls_lfcd_lds_driver/share/hls_lfcd_lds_driver/cmake/hls_lfcd_lds_driverConfig.cmake
[0.423s] -- Up-to-date symlink: /home/gsainikhil94/turtlebot3_ws/install/hls_lfcd_lds_driver/share/hls_lfcd_lds_driver/cmake/hls_lfcd_lds_driverConfig-version.cmake
[0.428s] -- Up-to-date symlink: /home/gsainikhil94/turtlebot3_ws/install/hls_lfcd_lds_driver/share/hls_lfcd_lds_driver/package.xml
[0.488s] Invoked command in '/home/gsainikhil94/turtlebot3_ws/build/hls_lfcd_lds_driver' returned '0': CMAKE_PREFIX_PATH=/home/gsainikhil94/turtlebot3_ws/install/turtlebot3:/home/gsainikhil94/turtlebot3_ws/install/turtlebot3_simulations:/home/gsainikhil94/turtlebot3_ws/install/turtlebot3_bringup:/home/gsainikhil94/turtlebot3_ws/install/turtlebot3_node:/home/gsainikhil94/turtlebot3_ws/install/turtlebot3_navigation2:/home/gsainikhil94/turtlebot3_ws/install/turtlebot3_fake_node:/home/gsainikhil94/turtlebot3_ws/install/turtlebot3_msgs:/home/gsainikhil94/turtlebot3_ws/install/turtlebot3_gazebo:/home/gsainikhil94/turtlebot3_ws/install/turtlebot3_teleop:/home/gsainikhil94/turtlebot3_ws/install/turtlebot3_example:/opt/ros/galactic:/home/gsainikhil94/turtlebot3_ws/install/turtlebot3_description:/home/gsainikhil94/turtlebot3_ws/install/turtlebot3_cartographer:/home/gsainikhil94/turtlebot3_ws/install/ld08_driver:/home/gsainikhil94/turtlebot3_ws/install/hls_lfcd_lds_driver:/home/gsainikhil94/turtlebot3_ws/install/dynamixel_sdk_examples:/home/gsainikhil94/turtlebot3_ws/install/dynamixel_sdk_custom_interfaces:/home/gsainikhil94/turtlebot3_ws/install/dynamixel_sdk /usr/bin/cmake --install /home/gsainikhil94/turtlebot3_ws/build/hls_lfcd_lds_driver
